[0.039s] Invoking command in '/home/gfave/maze_ws/build/mazesim': CMAKE_PREFIX_PATH=${CMAKE_PREFIX_PATH}:/opt/ros/humble /usr/bin/cmake --build /home/gfave/maze_ws/build/mazesim -- -j8 -l8
[0.212s] [ 50%] Built target verify_positions
[0.237s] [100%] Built target robot_controller
[0.272s] Invoked command in '/home/gfave/maze_ws/build/mazesim' returned '0': CMAKE_PREFIX_PATH=${CMAKE_PREFIX_PATH}:/opt/ros/humble /usr/bin/cmake --build /home/gfave/maze_ws/build/mazesim -- -j8 -l8
[0.389s] Invoking command in '/home/gfave/maze_ws/build/mazesim': CMAKE_PREFIX_PATH=${CMAKE_PREFIX_PATH}:/opt/ros/humble /usr/bin/cmake --install /home/gfave/maze_ws/build/mazesim
[0.415s] -- Install configuration: ""
[0.416s] -- Up-to-date: /home/gfave/maze_ws/install/mazesim/lib/mazesim/robot_controller
[0.417s] -- Up-to-date: /home/gfave/maze_ws/install/mazesim/share/mazesim//launch
[0.417s] -- Up-to-date: /home/gfave/maze_ws/install/mazesim/share/mazesim//launch/complete_simulation.launch.py
[0.418s] -- Up-to-date: /home/gfave/maze_ws/install/mazesim/share/mazesim//launch/complete_simulation_fixed.launch.py
[0.419s] -- Up-to-date: /home/gfave/maze_ws/install/mazesim/share/mazesim//launch/complete_simulation_direct.launch.py
[0.419s] -- Up-to-date: /home/gfave/maze_ws/install/mazesim/share/mazesim//launch/spawn_robots.launch.py
[0.420s] -- Up-to-date: /home/gfave/maze_ws/install/mazesim/share/mazesim//launch/gazebo.launch.py
[0.420s] -- Installing: /home/gfave/maze_ws/install/mazesim/share/mazesim//launch/complete_simulation_move.launch.py
[0.421s] -- Up-to-date: /home/gfave/maze_ws/install/mazesim/share/mazesim//maps
[0.422s] -- Up-to-date: /home/gfave/maze_ws/install/mazesim/share/mazesim//maps/my_map_1.pgm
[0.422s] -- Up-to-date: /home/gfave/maze_ws/install/mazesim/share/mazesim//maps/my_map_1.png
[0.423s] -- Up-to-date: /home/gfave/maze_ws/install/mazesim/share/mazesim//maps/my_map_1.yaml
[0.423s] -- Up-to-date: /home/gfave/maze_ws/install/mazesim/share/mazesim//worlds
[0.424s] -- Up-to-date: /home/gfave/maze_ws/install/mazesim/share/mazesim//worlds/maze_world.world
[0.424s] -- Up-to-date: /home/gfave/maze_ws/install/mazesim/share/mazesim//models
[0.425s] -- Up-to-date: /home/gfave/maze_ws/install/mazesim/share/mazesim//models/maze_map
[0.425s] -- Up-to-date: /home/gfave/maze_ws/install/mazesim/share/mazesim//models/maze_map/model.sdf
[0.426s] -- Up-to-date: /home/gfave/maze_ws/install/mazesim/share/mazesim//models/maze_map/model.config
[0.426s] -- Up-to-date: /home/gfave/maze_ws/install/mazesim/share/mazesim//rviz
[0.427s] -- Up-to-date: /home/gfave/maze_ws/install/mazesim/share/mazesim//config
[0.427s] -- Up-to-date: /home/gfave/maze_ws/install/mazesim/share/mazesim//config/room_positions.yaml
[0.427s] -- Up-to-date: /home/gfave/maze_ws/install/mazesim/share/mazesim//urdf
[0.428s] -- Up-to-date: /home/gfave/maze_ws/install/mazesim/share/mazesim//urdf/turtlebot3_burger_fixed.urdf
[0.428s] -- Up-to-date: /home/gfave/maze_ws/install/mazesim/lib/mazesim/generate_walls.py
[0.429s] -- Up-to-date: /home/gfave/maze_ws/install/mazesim/lib/mazesim/verify_positions
[0.429s] -- Up-to-date: /home/gfave/maze_ws/install/mazesim/share/ament_index/resource_index/package_run_dependencies/mazesim
[0.430s] -- Up-to-date: /home/gfave/maze_ws/install/mazesim/share/ament_index/resource_index/parent_prefix_path/mazesim
[0.431s] -- Up-to-date: /home/gfave/maze_ws/install/mazesim/share/mazesim/environment/ament_prefix_path.sh
[0.432s] -- Up-to-date: /home/gfave/maze_ws/install/mazesim/share/mazesim/environment/ament_prefix_path.dsv
[0.432s] -- Up-to-date: /home/gfave/maze_ws/install/mazesim/share/mazesim/environment/path.sh
[0.432s] -- Up-to-date: /home/gfave/maze_ws/install/mazesim/share/mazesim/environment/path.dsv
[0.432s] -- Up-to-date: /home/gfave/maze_ws/install/mazesim/share/mazesim/local_setup.bash
[0.434s] -- Up-to-date: /home/gfave/maze_ws/install/mazesim/share/mazesim/local_setup.sh
[0.436s] -- Up-to-date: /home/gfave/maze_ws/install/mazesim/share/mazesim/local_setup.zsh
[0.437s] -- Up-to-date: /home/gfave/maze_ws/install/mazesim/share/mazesim/local_setup.dsv
[0.437s] -- Installing: /home/gfave/maze_ws/install/mazesim/share/mazesim/package.dsv
[0.437s] -- Up-to-date: /home/gfave/maze_ws/install/mazesim/share/ament_index/resource_index/packages/mazesim
[0.438s] -- Up-to-date: /home/gfave/maze_ws/install/mazesim/share/mazesim/cmake/mazesimConfig.cmake
[0.438s] -- Up-to-date: /home/gfave/maze_ws/install/mazesim/share/mazesim/cmake/mazesimConfig-version.cmake
[0.438s] -- Up-to-date: /home/gfave/maze_ws/install/mazesim/share/mazesim/package.xml
[0.439s] Invoked command in '/home/gfave/maze_ws/build/mazesim' returned '0': CMAKE_PREFIX_PATH=${CMAKE_PREFIX_PATH}:/opt/ros/humble /usr/bin/cmake --install /home/gfave/maze_ws/build/mazesim
