-- The C compiler identification is GNU 11.4.0
-- The CXX compiler identification is GNU 11.4.0
-- Detecting C compiler ABI info
-- Detecting C compiler ABI info - done
-- Check for working C compiler: /usr/bin/cc - skipped
-- Detecting C compile features
-- Detecting C compile features - done
-- Detecting CXX compiler ABI info
-- Detecting CXX compiler ABI info - done
-- Check for working CXX compiler: /usr/bin/c++ - skipped
-- Detecting CXX compile features
-- Detecting CXX compile features - done
-- Found ament_cmake: 1.3.10 (/opt/ros/humble/share/ament_cmake/cmake)
-- Found Python3: /usr/bin/python3 (found version "3.10.12") found components: Interpreter 
-- Override CMake install command with custom implementation using symlinks instead of copying resources
-- Found rclcpp: 16.0.10 (/opt/ros/humble/share/rclcpp/cmake)
-- Found rosidl_generator_c: 3.1.5 (/opt/ros/humble/share/rosidl_generator_c/cmake)
-- Found rosidl_adapter: 3.1.5 (/opt/ros/humble/share/rosidl_adapter/cmake)
-- Found rosidl_generator_cpp: 3.1.5 (/opt/ros/humble/share/rosidl_generator_cpp/cmake)
-- Using all available rosidl_typesupport_c: rosidl_typesupport_fastrtps_c;rosidl_typesupport_introspection_c
-- Using all available rosidl_typesupport_cpp: rosidl_typesupport_fastrtps_cpp;rosidl_typesupport_introspection_cpp
-- Found rmw_implementation_cmake: 6.1.2 (/opt/ros/humble/share/rmw_implementation_cmake/cmake)
-- Found rmw_fastrtps_cpp: 6.2.7 (/opt/ros/humble/share/rmw_fastrtps_cpp/cmake)
-- Found OpenSSL: /usr/lib/x86_64-linux-gnu/libcrypto.so (found version "3.0.2")  
-- Found FastRTPS: /opt/ros/humble/include  
-- Using RMW implementation 'rmw_fastrtps_cpp' as default
-- Looking for pthread.h
-- Looking for pthread.h - found
-- Performing Test CMAKE_HAVE_LIBC_PTHREAD
-- Performing Test CMAKE_HAVE_LIBC_PTHREAD - Success
-- Found Threads: TRUE  
-- Found rclcpp_action: 16.0.10 (/opt/ros/humble/share/rclcpp_action/cmake)
-- Found geometry_msgs: 4.2.4 (/opt/ros/humble/share/geometry_msgs/cmake)
-- Found nav_msgs: 4.2.4 (/opt/ros/humble/share/nav_msgs/cmake)
-- Found nav2_msgs: 1.1.18 (/opt/ros/humble/share/nav2_msgs/cmake)
-- Found tf2_ros: 0.25.7 (/opt/ros/humble/share/tf2_ros/cmake)
-- Found example_interfaces: 0.9.3 (/opt/ros/humble/share/example_interfaces/cmake)
-- Found tf2_geometry_msgs: 0.25.7 (/opt/ros/humble/share/tf2_geometry_msgs/cmake)
-- Found eigen3_cmake_module: 0.1.1 (/opt/ros/humble/share/eigen3_cmake_module/cmake)
-- Found Eigen3: TRUE (found version "3.4.0") 
-- Ensuring Eigen3 include directory is part of orocos-kdl CMake target
-- Found ament_lint_auto: 0.12.11 (/opt/ros/humble/share/ament_lint_auto/cmake)
-- Added test 'cppcheck' to perform static code analysis on C / C++ code
-- Configured cppcheck include dirs: $<BUILD_INTERFACE:/home/gfave/maze_ws/src/mazesim/include>
-- Configured cppcheck exclude dirs and/or files: 
-- Added test 'flake8' to check Python code syntax and style conventions
-- Added test 'lint_cmake' to check CMake code style
-- Added test 'pep257' to check Python code against some of the docstring style conventions in PEP 257
-- Added test 'uncrustify' to check C / C++ code style
-- Configured uncrustify additional arguments: 
-- Added test 'xmllint' to check XML markup files
-- Configuring done
-- Generating done
-- Build files have been written to: /home/gfave/maze_ws/build/mazesim
[ 37%] [32mBuilding CXX object CMakeFiles/verify_positions.dir/src/verify_positions.cpp.o[0m
[ 37%] [32mBuilding CXX object CMakeFiles/nav2_command_translator.dir/src/nav2_command_translator.cpp.o[0m
[ 37%] [32mBuilding CXX object CMakeFiles/robot_controller.dir/src/robot_controller.cpp.o[0m
[ 50%] [32mBuilding CXX object CMakeFiles/nav2_command_bridge.dir/src/nav2_command_bridge.cpp.o[0m
In file included from [01m[K/home/gfave/maze_ws/src/mazesim/src/nav2_command_translator.cpp:14[m[K:
[01m[K/opt/ros/humble/include/tf2_geometry_msgs/tf2_geometry_msgs/tf2_geometry_msgs.h:35:2:[m[K [01;35m[Kwarning: [m[K#warning This header is obsolete, please include tf2_geometry_msgs/tf2_geometry_msgs.hpp instead [[01;35m[K]8;;https://gcc.gnu.org/onlinedocs/gcc/Warning-Options.html#index-Wcpp-Wcpp]8;;[m[K]
   35 | #[01;35m[Kwarning[m[K This header is obsolete, please include tf2_geometry_msgs/tf2_geometry_msgs.hpp instead
      |  [01;35m[K^~~~~~~[m[K
[ 62%] [32m[1mLinking CXX executable verify_positions[0m
[ 62%] Built target verify_positions
[01m[K/home/gfave/maze_ws/src/mazesim/src/nav2_command_translator.cpp:[m[K In member function ‘[01m[Kvoid Nav2CommandTranslator::feedbackCallback(rclcpp_action::ClientGoalHandle<nav2_msgs::action::NavigateToPose>::SharedPtr, std::shared_ptr<const nav2_msgs::action::NavigateToPose_Feedback_<std::allocator<void> > >)[m[K’:
[01m[K/home/gfave/maze_ws/src/mazesim/src/nav2_command_translator.cpp:142:63:[m[K [01;35m[Kwarning: [m[Kunused parameter ‘[01m[Kfeedback[m[K’ [[01;35m[K]8;;https://gcc.gnu.org/onlinedocs/gcc/Warning-Options.html#index-Wunused-parameter-Wunused-parameter]8;;[m[K]
  142 |         [01;35m[Kconst std::shared_ptr<const NavigateToPose::Feedback> feedback[m[K)
      |         [01;35m[K~~~~~~~~~~~~~~~~~~~~~~~~~~~~~~~~~~~~~~~~~~~~~~~~~~~~~~^~~~~~~~[m[K
[ 75%] [32m[1mLinking CXX executable nav2_command_translator[0m
[ 87%] [32m[1mLinking CXX executable nav2_command_bridge[0m
[ 87%] Built target nav2_command_translator
[ 87%] Built target nav2_command_bridge
[100%] [32m[1mLinking CXX executable robot_controller[0m
[100%] Built target robot_controller
-- Install configuration: ""
-- Execute custom install script
-- Symlinking: /home/gfave/maze_ws/install/mazesim/lib/mazesim/nav2_command_translator
-- Symlinking: /home/gfave/maze_ws/install/mazesim/lib/mazesim/robot_controller
-- Symlinking: /home/gfave/maze_ws/install/mazesim/lib/mazesim/nav2_command_bridge
-- Symlinking: /home/gfave/maze_ws/install/mazesim/share/mazesim//launch/complete_simulation.launch.py
-- Symlinking: /home/gfave/maze_ws/install/mazesim/share/mazesim//launch/complete_simulation_direct.launch.py
-- Symlinking: /home/gfave/maze_ws/install/mazesim/share/mazesim//launch/complete_simulation_fixed.launch.py
-- Symlinking: /home/gfave/maze_ws/install/mazesim/share/mazesim//launch/complete_simulation_move.launch.py
-- Symlinking: /home/gfave/maze_ws/install/mazesim/share/mazesim//launch/complete_simulation_nav2.launch.py
-- Symlinking: /home/gfave/maze_ws/install/mazesim/share/mazesim//launch/gazebo.launch.py
-- Symlinking: /home/gfave/maze_ws/install/mazesim/share/mazesim//launch/nav2_navigation.launch.py
-- Symlinking: /home/gfave/maze_ws/install/mazesim/share/mazesim//launch/spawn_robots.launch.py
-- Symlinking: /home/gfave/maze_ws/install/mazesim/share/mazesim//maps/my_map_1.pgm
-- Symlinking: /home/gfave/maze_ws/install/mazesim/share/mazesim//maps/my_map_1.png
-- Symlinking: /home/gfave/maze_ws/install/mazesim/share/mazesim//maps/my_map_1.yaml
-- Symlinking: /home/gfave/maze_ws/install/mazesim/share/mazesim//worlds/maze_world.world
-- Symlinking: /home/gfave/maze_ws/install/mazesim/share/mazesim//models/maze_map/model.config
-- Symlinking: /home/gfave/maze_ws/install/mazesim/share/mazesim//models/maze_map/model.sdf
-- Symlinking: /home/gfave/maze_ws/install/mazesim/share/mazesim//config/nav2_params.yaml
-- Symlinking: /home/gfave/maze_ws/install/mazesim/share/mazesim//config/room_positions.yaml
-- Symlinking: /home/gfave/maze_ws/install/mazesim/share/mazesim//urdf/turtlebot3_burger_fixed.urdf
-- Symlinking: /home/gfave/maze_ws/install/mazesim/lib/mazesim/generate_walls.py
-- Symlinking: /home/gfave/maze_ws/install/mazesim/lib/mazesim/verify_positions
-- Symlinking: /home/gfave/maze_ws/install/mazesim/share/ament_index/resource_index/package_run_dependencies/mazesim
-- Symlinking: /home/gfave/maze_ws/install/mazesim/share/ament_index/resource_index/parent_prefix_path/mazesim
-- Symlinking: /home/gfave/maze_ws/install/mazesim/share/mazesim/environment/ament_prefix_path.sh
-- Symlinking: /home/gfave/maze_ws/install/mazesim/share/mazesim/environment/ament_prefix_path.dsv
-- Symlinking: /home/gfave/maze_ws/install/mazesim/share/mazesim/environment/path.sh
-- Symlinking: /home/gfave/maze_ws/install/mazesim/share/mazesim/environment/path.dsv
-- Symlinking: /home/gfave/maze_ws/install/mazesim/share/mazesim/local_setup.bash
-- Symlinking: /home/gfave/maze_ws/install/mazesim/share/mazesim/local_setup.sh
-- Symlinking: /home/gfave/maze_ws/install/mazesim/share/mazesim/local_setup.zsh
-- Symlinking: /home/gfave/maze_ws/install/mazesim/share/mazesim/local_setup.dsv
-- Symlinking: /home/gfave/maze_ws/install/mazesim/share/mazesim/package.dsv
-- Symlinking: /home/gfave/maze_ws/install/mazesim/share/ament_index/resource_index/packages/mazesim
-- Symlinking: /home/gfave/maze_ws/install/mazesim/share/mazesim/cmake/mazesimConfig.cmake
-- Symlinking: /home/gfave/maze_ws/install/mazesim/share/mazesim/cmake/mazesimConfig-version.cmake
-- Symlinking: /home/gfave/maze_ws/install/mazesim/share/mazesim/package.xml
