[0.010s] Invoking command in '/home/gfave/maze_ws/build/mazesim': CMAKE_PREFIX_PATH=${CMAKE_PREFIX_PATH}:/opt/ros/humble /usr/bin/cmake --build /home/gfave/maze_ws/build/mazesim -- -j8 -l8
[0.049s] [35m[1mConsolidate compiler generated dependencies of target nav2_command_translator[0m
[0.066s] [ 12%] [32mBuilding CXX object CMakeFiles/nav2_command_translator.dir/src/nav2_command_translator.cpp.o[0m
[2.783s] [01m[K/home/gfave/maze_ws/src/mazesim/src/nav2_command_translator.cpp:[m[K In member function ‘[01m[Kvoid Nav2CommandTranslator::feedbackCallback(rclcpp_action::ClientGoalHandle<nav2_msgs::action::NavigateToPose>::SharedPtr, std::shared_ptr<const nav2_msgs::action::NavigateToPose_Feedback_<std::allocator<void> > >)[m[K’:
[2.783s] [01m[K/home/gfave/maze_ws/src/mazesim/src/nav2_command_translator.cpp:142:63:[m[K [01;35m[Kwarning: [m[Kunused parameter ‘[01m[Kfeedback[m[K’ [[01;35m[K]8;;https://gcc.gnu.org/onlinedocs/gcc/Warning-Options.html#index-Wunused-parameter-Wunused-parameter]8;;[m[K]
[2.783s]   142 |         [01;35m[Kconst std::shared_ptr<const NavigateToPose::Feedback> feedback[m[K)
[2.784s]       |         [01;35m[K~~~~~~~~~~~~~~~~~~~~~~~~~~~~~~~~~~~~~~~~~~~~~~~~~~~~~~^~~~~~~~[m[K
[10.051s] [ 25%] [32m[1mLinking CXX executable nav2_command_translator[0m
[10.557s] [ 25%] Built target nav2_command_translator
[10.567s] [35m[1mConsolidate compiler generated dependencies of target verify_positions[0m
[10.569s] [35m[1mConsolidate compiler generated dependencies of target nav2_command_bridge[0m
[10.577s] [ 37%] [32mBuilding CXX object CMakeFiles/verify_positions.dir/src/verify_positions.cpp.o[0m
[10.584s] [ 50%] [32mBuilding CXX object CMakeFiles/nav2_command_bridge.dir/src/nav2_command_bridge.cpp.o[0m
[11.255s] [ 62%] [32m[1mLinking CXX executable verify_positions[0m
[11.360s] [ 62%] Built target verify_positions
[11.372s] [35m[1mConsolidate compiler generated dependencies of target robot_controller[0m
[11.386s] [ 75%] [32mBuilding CXX object CMakeFiles/robot_controller.dir/src/robot_controller.cpp.o[0m
[20.888s] [ 87%] [32m[1mLinking CXX executable nav2_command_bridge[0m
[21.497s] [ 87%] Built target nav2_command_bridge
[26.601s] [100%] [32m[1mLinking CXX executable robot_controller[0m
[27.455s] [100%] Built target robot_controller
[27.464s] Invoked command in '/home/gfave/maze_ws/build/mazesim' returned '0': CMAKE_PREFIX_PATH=${CMAKE_PREFIX_PATH}:/opt/ros/humble /usr/bin/cmake --build /home/gfave/maze_ws/build/mazesim -- -j8 -l8
[27.501s] Invoking command in '/home/gfave/maze_ws/build/mazesim': CMAKE_PREFIX_PATH=${CMAKE_PREFIX_PATH}:/opt/ros/humble /usr/bin/cmake --install /home/gfave/maze_ws/build/mazesim
[27.507s] -- Install configuration: ""
[27.507s] -- Execute custom install script
[27.508s] -- Up-to-date symlink: /home/gfave/maze_ws/install/mazesim/lib/mazesim/nav2_command_translator
[27.508s] -- Up-to-date symlink: /home/gfave/maze_ws/install/mazesim/lib/mazesim/robot_controller
[27.508s] -- Up-to-date symlink: /home/gfave/maze_ws/install/mazesim/lib/mazesim/odom_tf_broadcaster.py
[27.508s] -- Up-to-date symlink: /home/gfave/maze_ws/install/mazesim/lib/mazesim/odom_frame_fixer.py
[27.508s] -- Up-to-date symlink: /home/gfave/maze_ws/install/mazesim/lib/mazesim/laser_frame_remapper.py
[27.508s] -- Up-to-date symlink: /home/gfave/maze_ws/install/mazesim/lib/mazesim/map_loader.py
[27.509s] -- Up-to-date symlink: /home/gfave/maze_ws/install/mazesim/lib/mazesim/nav2_command_bridge
[27.509s] -- Up-to-date symlink: /home/gfave/maze_ws/install/mazesim/share/mazesim//launch/complete_simulation.launch.py
[27.509s] -- Up-to-date symlink: /home/gfave/maze_ws/install/mazesim/share/mazesim//launch/complete_simulation_direct.launch.py
[27.509s] -- Up-to-date symlink: /home/gfave/maze_ws/install/mazesim/share/mazesim//launch/complete_simulation_fixed.launch.py
[27.509s] -- Up-to-date symlink: /home/gfave/maze_ws/install/mazesim/share/mazesim//launch/complete_simulation_move.launch.py
[27.509s] -- Up-to-date symlink: /home/gfave/maze_ws/install/mazesim/share/mazesim//launch/complete_simulation_nav2.launch.py
[27.509s] -- Up-to-date symlink: /home/gfave/maze_ws/install/mazesim/share/mazesim//launch/complete_simulation_with_odom_fix.launch.py
[27.510s] -- Up-to-date symlink: /home/gfave/maze_ws/install/mazesim/share/mazesim//launch/gazebo.launch.py
[27.510s] -- Up-to-date symlink: /home/gfave/maze_ws/install/mazesim/share/mazesim//launch/localization_launch.py
[27.510s] -- Up-to-date symlink: /home/gfave/maze_ws/install/mazesim/share/mazesim//launch/nav2_navigation.launch.py
[27.510s] -- Up-to-date symlink: /home/gfave/maze_ws/install/mazesim/share/mazesim//launch/spawn_robots.launch.py
[27.510s] -- Up-to-date symlink: /home/gfave/maze_ws/install/mazesim/share/mazesim//launch/working_sim.launch.py
[27.510s] -- Up-to-date symlink: /home/gfave/maze_ws/install/mazesim/share/mazesim//maps/my_map_1.pgm
[27.510s] -- Up-to-date symlink: /home/gfave/maze_ws/install/mazesim/share/mazesim//maps/my_map_1.png
[27.510s] -- Up-to-date symlink: /home/gfave/maze_ws/install/mazesim/share/mazesim//maps/my_map_1.yaml
[27.510s] -- Up-to-date symlink: /home/gfave/maze_ws/install/mazesim/share/mazesim//worlds/maze_world.world
[27.511s] -- Up-to-date symlink: /home/gfave/maze_ws/install/mazesim/share/mazesim//models/maze_map/model.config
[27.511s] -- Up-to-date symlink: /home/gfave/maze_ws/install/mazesim/share/mazesim//models/maze_map/model.sdf
[27.511s] -- Up-to-date symlink: /home/gfave/maze_ws/install/mazesim/share/mazesim//models/turtlebot3_burger/model-1_4.sdf
[27.511s] -- Up-to-date symlink: /home/gfave/maze_ws/install/mazesim/share/mazesim//models/turtlebot3_burger/model.config
[27.511s] -- Up-to-date symlink: /home/gfave/maze_ws/install/mazesim/share/mazesim//models/turtlebot3_burger/model.sdf
[27.512s] -- Up-to-date symlink: /home/gfave/maze_ws/install/mazesim/share/mazesim//config/nav2_params.yaml
[27.512s] -- Up-to-date symlink: /home/gfave/maze_ws/install/mazesim/share/mazesim//config/nav2_params_robot1.yaml
[27.512s] -- Up-to-date symlink: /home/gfave/maze_ws/install/mazesim/share/mazesim//config/nav2_params_robot3.yaml
[27.512s] -- Up-to-date symlink: /home/gfave/maze_ws/install/mazesim/share/mazesim//config/room_positions.yaml
[27.512s] -- Up-to-date symlink: /home/gfave/maze_ws/install/mazesim/share/mazesim//urdf/turtlebot3_burger_fixed.urdf
[27.512s] -- Up-to-date symlink: /home/gfave/maze_ws/install/mazesim/lib/mazesim/generate_walls.py
[27.512s] -- Up-to-date symlink: /home/gfave/maze_ws/install/mazesim/lib/mazesim/verify_positions
[27.513s] -- Up-to-date symlink: /home/gfave/maze_ws/install/mazesim/share/ament_index/resource_index/package_run_dependencies/mazesim
[27.513s] -- Up-to-date symlink: /home/gfave/maze_ws/install/mazesim/share/ament_index/resource_index/parent_prefix_path/mazesim
[27.513s] -- Up-to-date symlink: /home/gfave/maze_ws/install/mazesim/share/mazesim/environment/ament_prefix_path.sh
[27.513s] -- Up-to-date symlink: /home/gfave/maze_ws/install/mazesim/share/mazesim/environment/ament_prefix_path.dsv
[27.513s] -- Up-to-date symlink: /home/gfave/maze_ws/install/mazesim/share/mazesim/environment/path.sh
[27.513s] -- Up-to-date symlink: /home/gfave/maze_ws/install/mazesim/share/mazesim/environment/path.dsv
[27.513s] -- Up-to-date symlink: /home/gfave/maze_ws/install/mazesim/share/mazesim/local_setup.bash
[27.514s] -- Up-to-date symlink: /home/gfave/maze_ws/install/mazesim/share/mazesim/local_setup.sh
[27.514s] -- Up-to-date symlink: /home/gfave/maze_ws/install/mazesim/share/mazesim/local_setup.zsh
[27.514s] -- Up-to-date symlink: /home/gfave/maze_ws/install/mazesim/share/mazesim/local_setup.dsv
[27.514s] -- Symlinking: /home/gfave/maze_ws/install/mazesim/share/mazesim/package.dsv
[27.522s] -- Up-to-date symlink: /home/gfave/maze_ws/install/mazesim/share/ament_index/resource_index/packages/mazesim
[27.522s] -- Up-to-date symlink: /home/gfave/maze_ws/install/mazesim/share/mazesim/cmake/mazesimConfig.cmake
[27.522s] -- Up-to-date symlink: /home/gfave/maze_ws/install/mazesim/share/mazesim/cmake/mazesimConfig-version.cmake
[27.522s] -- Up-to-date symlink: /home/gfave/maze_ws/install/mazesim/share/mazesim/package.xml
[27.524s] Invoked command in '/home/gfave/maze_ws/build/mazesim' returned '0': CMAKE_PREFIX_PATH=${CMAKE_PREFIX_PATH}:/opt/ros/humble /usr/bin/cmake --install /home/gfave/maze_ws/build/mazesim
