[0.029s] Invoking command in '/home/gfave/maze_ws/build/mazesim': CMAKE_PREFIX_PATH=${CMAKE_PREFIX_PATH}:/opt/ros/humble /usr/bin/cmake --build /home/gfave/maze_ws/build/mazesim -- -j8 -l8
[0.097s] [35m[1mConsolidate compiler generated dependencies of target nav2_command_translator[0m
[0.127s] [ 12%] [32mBuilding CXX object CMakeFiles/nav2_command_translator.dir/src/nav2_command_translator.cpp.o[0m
[4.460s] [01m[K/home/gfave/maze_ws/src/mazesim/src/nav2_command_translator.cpp:[m[K In member function ‘[01m[Kvoid Nav2CommandTranslator::feedbackCallback(rclcpp_action::ClientGoalHandle<nav2_msgs::action::NavigateToPose>::SharedPtr, std::shared_ptr<const nav2_msgs::action::NavigateToPose_Feedback_<std::allocator<void> > >)[m[K’:
[4.460s] [01m[K/home/gfave/maze_ws/src/mazesim/src/nav2_command_translator.cpp:142:63:[m[K [01;35m[Kwarning: [m[Kunused parameter ‘[01m[Kfeedback[m[K’ [[01;35m[K]8;;https://gcc.gnu.org/onlinedocs/gcc/Warning-Options.html#index-Wunused-parameter-Wunused-parameter]8;;[m[K]
[4.460s]   142 |         [01;35m[Kconst std::shared_ptr<const NavigateToPose::Feedback> feedback[m[K)
[4.460s]       |         [01;35m[K~~~~~~~~~~~~~~~~~~~~~~~~~~~~~~~~~~~~~~~~~~~~~~~~~~~~~~^~~~~~~~[m[K
[11.642s] [ 25%] [32m[1mLinking CXX executable nav2_command_translator[0m
[12.175s] [ 25%] Built target nav2_command_translator
[12.185s] [35m[1mConsolidate compiler generated dependencies of target verify_positions[0m
[12.196s] [ 37%] [32mBuilding CXX object CMakeFiles/verify_positions.dir/src/verify_positions.cpp.o[0m
[12.854s] [ 50%] [32m[1mLinking CXX executable verify_positions[0m
[12.959s] [ 50%] Built target verify_positions
[12.971s] [35m[1mConsolidate compiler generated dependencies of target nav2_command_bridge[0m
[12.987s] [ 62%] [32mBuilding CXX object CMakeFiles/nav2_command_bridge.dir/src/nav2_command_bridge.cpp.o[0m
[22.851s] [ 75%] [32m[1mLinking CXX executable nav2_command_bridge[0m
[23.371s] [ 75%] Built target nav2_command_bridge
[23.382s] [35m[1mConsolidate compiler generated dependencies of target robot_controller[0m
[23.397s] [ 87%] [32mBuilding CXX object CMakeFiles/robot_controller.dir/src/robot_controller.cpp.o[0m
[38.544s] [100%] [32m[1mLinking CXX executable robot_controller[0m
[39.398s] [100%] Built target robot_controller
[39.408s] Invoked command in '/home/gfave/maze_ws/build/mazesim' returned '0': CMAKE_PREFIX_PATH=${CMAKE_PREFIX_PATH}:/opt/ros/humble /usr/bin/cmake --build /home/gfave/maze_ws/build/mazesim -- -j8 -l8
[39.445s] Invoking command in '/home/gfave/maze_ws/build/mazesim': CMAKE_PREFIX_PATH=${CMAKE_PREFIX_PATH}:/opt/ros/humble /usr/bin/cmake --install /home/gfave/maze_ws/build/mazesim
[39.452s] -- Install configuration: ""
[39.452s] -- Execute custom install script
[39.453s] -- Up-to-date symlink: /home/gfave/maze_ws/install/mazesim/lib/mazesim/nav2_command_translator
[39.453s] -- Up-to-date symlink: /home/gfave/maze_ws/install/mazesim/lib/mazesim/robot_controller
[39.453s] -- Up-to-date symlink: /home/gfave/maze_ws/install/mazesim/lib/mazesim/odom_tf_broadcaster.py
[39.453s] -- Up-to-date symlink: /home/gfave/maze_ws/install/mazesim/lib/mazesim/odom_frame_fixer.py
[39.453s] -- Up-to-date symlink: /home/gfave/maze_ws/install/mazesim/lib/mazesim/laser_frame_remapper.py
[39.453s] -- Up-to-date symlink: /home/gfave/maze_ws/install/mazesim/lib/mazesim/map_loader.py
[39.454s] -- Up-to-date symlink: /home/gfave/maze_ws/install/mazesim/lib/mazesim/nav2_command_bridge
[39.454s] -- Up-to-date symlink: /home/gfave/maze_ws/install/mazesim/share/mazesim//launch/complete_simulation.launch.py
[39.454s] -- Up-to-date symlink: /home/gfave/maze_ws/install/mazesim/share/mazesim//launch/complete_simulation_direct.launch.py
[39.454s] -- Up-to-date symlink: /home/gfave/maze_ws/install/mazesim/share/mazesim//launch/complete_simulation_fixed.launch.py
[39.454s] -- Up-to-date symlink: /home/gfave/maze_ws/install/mazesim/share/mazesim//launch/complete_simulation_move.launch.py
[39.454s] -- Up-to-date symlink: /home/gfave/maze_ws/install/mazesim/share/mazesim//launch/complete_simulation_nav2.launch.py
[39.454s] -- Up-to-date symlink: /home/gfave/maze_ws/install/mazesim/share/mazesim//launch/complete_simulation_with_odom_fix.launch.py
[39.454s] -- Up-to-date symlink: /home/gfave/maze_ws/install/mazesim/share/mazesim//launch/gazebo.launch.py
[39.455s] -- Up-to-date symlink: /home/gfave/maze_ws/install/mazesim/share/mazesim//launch/localization_launch.py
[39.455s] -- Up-to-date symlink: /home/gfave/maze_ws/install/mazesim/share/mazesim//launch/nav2_navigation.launch.py
[39.455s] -- Up-to-date symlink: /home/gfave/maze_ws/install/mazesim/share/mazesim//launch/spawn_robots.launch.py
[39.455s] -- Up-to-date symlink: /home/gfave/maze_ws/install/mazesim/share/mazesim//launch/working_sim.launch.py
[39.455s] -- Up-to-date symlink: /home/gfave/maze_ws/install/mazesim/share/mazesim//maps/my_map_1.pgm
[39.455s] -- Up-to-date symlink: /home/gfave/maze_ws/install/mazesim/share/mazesim//maps/my_map_1.png
[39.455s] -- Up-to-date symlink: /home/gfave/maze_ws/install/mazesim/share/mazesim//maps/my_map_1.yaml
[39.456s] -- Up-to-date symlink: /home/gfave/maze_ws/install/mazesim/share/mazesim//worlds/maze_world.world
[39.456s] -- Up-to-date symlink: /home/gfave/maze_ws/install/mazesim/share/mazesim//models/maze_map/model.config
[39.456s] -- Up-to-date symlink: /home/gfave/maze_ws/install/mazesim/share/mazesim//models/maze_map/model.sdf
[39.456s] -- Up-to-date symlink: /home/gfave/maze_ws/install/mazesim/share/mazesim//models/turtlebot3_burger/model-1_4.sdf
[39.456s] -- Up-to-date symlink: /home/gfave/maze_ws/install/mazesim/share/mazesim//models/turtlebot3_burger/model.config
[39.456s] -- Up-to-date symlink: /home/gfave/maze_ws/install/mazesim/share/mazesim//models/turtlebot3_burger/model.sdf
[39.457s] -- Up-to-date symlink: /home/gfave/maze_ws/install/mazesim/share/mazesim//config/nav2_params.yaml
[39.457s] -- Up-to-date symlink: /home/gfave/maze_ws/install/mazesim/share/mazesim//config/nav2_params_robot1.yaml
[39.457s] -- Up-to-date symlink: /home/gfave/maze_ws/install/mazesim/share/mazesim//config/nav2_params_robot3.yaml
[39.457s] -- Up-to-date symlink: /home/gfave/maze_ws/install/mazesim/share/mazesim//config/room_positions.yaml
[39.457s] -- Up-to-date symlink: /home/gfave/maze_ws/install/mazesim/share/mazesim//urdf/turtlebot3_burger_fixed.urdf
[39.457s] -- Up-to-date symlink: /home/gfave/maze_ws/install/mazesim/lib/mazesim/generate_walls.py
[39.457s] -- Up-to-date symlink: /home/gfave/maze_ws/install/mazesim/lib/mazesim/verify_positions
[39.458s] -- Up-to-date symlink: /home/gfave/maze_ws/install/mazesim/share/ament_index/resource_index/package_run_dependencies/mazesim
[39.458s] -- Up-to-date symlink: /home/gfave/maze_ws/install/mazesim/share/ament_index/resource_index/parent_prefix_path/mazesim
[39.458s] -- Up-to-date symlink: /home/gfave/maze_ws/install/mazesim/share/mazesim/environment/ament_prefix_path.sh
[39.458s] -- Up-to-date symlink: /home/gfave/maze_ws/install/mazesim/share/mazesim/environment/ament_prefix_path.dsv
[39.458s] -- Up-to-date symlink: /home/gfave/maze_ws/install/mazesim/share/mazesim/environment/path.sh
[39.458s] -- Up-to-date symlink: /home/gfave/maze_ws/install/mazesim/share/mazesim/environment/path.dsv
[39.458s] -- Up-to-date symlink: /home/gfave/maze_ws/install/mazesim/share/mazesim/local_setup.bash
[39.459s] -- Up-to-date symlink: /home/gfave/maze_ws/install/mazesim/share/mazesim/local_setup.sh
[39.459s] -- Up-to-date symlink: /home/gfave/maze_ws/install/mazesim/share/mazesim/local_setup.zsh
[39.459s] -- Up-to-date symlink: /home/gfave/maze_ws/install/mazesim/share/mazesim/local_setup.dsv
[39.459s] -- Symlinking: /home/gfave/maze_ws/install/mazesim/share/mazesim/package.dsv
[39.467s] -- Up-to-date symlink: /home/gfave/maze_ws/install/mazesim/share/ament_index/resource_index/packages/mazesim
[39.467s] -- Up-to-date symlink: /home/gfave/maze_ws/install/mazesim/share/mazesim/cmake/mazesimConfig.cmake
[39.467s] -- Up-to-date symlink: /home/gfave/maze_ws/install/mazesim/share/mazesim/cmake/mazesimConfig-version.cmake
[39.467s] -- Up-to-date symlink: /home/gfave/maze_ws/install/mazesim/share/mazesim/package.xml
[39.469s] Invoked command in '/home/gfave/maze_ws/build/mazesim' returned '0': CMAKE_PREFIX_PATH=${CMAKE_PREFIX_PATH}:/opt/ros/humble /usr/bin/cmake --install /home/gfave/maze_ws/build/mazesim
