[0.242s] DEBUG:colcon:Command line arguments: ['/usr/bin/colcon', 'build']
[0.243s] DEBUG:colcon:Parsed command line arguments: Namespace(log_base=None, log_level=None, verb_name='build', build_base='build', install_base='install', merge_install=False, symlink_install=False, test_result_base=None, continue_on_error=False, executor='parallel', parallel_workers=8, event_handlers=None, ignore_user_meta=False, metas=['./colcon.meta'], base_paths=['.'], packages_ignore=None, packages_ignore_regex=None, paths=None, packages_up_to=None, packages_up_to_regex=None, packages_above=None, packages_above_and_dependencies=None, packages_above_depth=None, packages_select_by_dep=None, packages_skip_by_dep=None, packages_skip_up_to=None, packages_select_build_failed=False, packages_skip_build_finished=False, packages_select_test_failures=False, packages_skip_test_passed=False, packages_select=None, packages_skip=None, packages_select_regex=None, packages_skip_regex=None, packages_start=None, packages_end=None, allow_overriding=[], cmake_args=None, cmake_target=None, cmake_target_skip_unavailable=False, cmake_clean_cache=False, cmake_clean_first=False, cmake_force_configure=False, ament_cmake_args=None, catkin_cmake_args=None, catkin_skip_building_tests=False, mixin_files=None, mixin=None, verb_parser=<colcon_mixin.mixin.mixin_argument.MixinArgumentDecorator object at 0x7cc9cbc70fd0>, verb_extension=<colcon_core.verb.build.BuildVerb object at 0x7cc9cbd71630>, main=<bound method BuildVerb.main of <colcon_core.verb.build.BuildVerb object at 0x7cc9cbd71630>>, mixin_verb=('build',))
[0.504s] Level 1:colcon.colcon_core.package_discovery:discover_packages(colcon_meta) check parameters
[0.504s] Level 1:colcon.colcon_core.package_discovery:discover_packages(recursive) check parameters
[0.504s] Level 1:colcon.colcon_core.package_discovery:discover_packages(ignore) check parameters
[0.504s] Level 1:colcon.colcon_core.package_discovery:discover_packages(path) check parameters
[0.504s] Level 1:colcon.colcon_core.package_discovery:discover_packages(colcon_meta) discover
[0.504s] Level 1:colcon.colcon_core.package_discovery:discover_packages(recursive) discover
[0.504s] INFO:colcon.colcon_core.package_discovery:Crawling recursively for packages in '/home/gfave/maze_ws'
[0.504s] Level 1:colcon.colcon_core.package_identification:_identify(.) by extensions ['ignore', 'ignore_ament_install']
[0.504s] Level 1:colcon.colcon_core.package_identification:_identify(.) by extension 'ignore'
[0.505s] Level 1:colcon.colcon_core.package_identification:_identify(.) by extension 'ignore_ament_install'
[0.505s] Level 1:colcon.colcon_core.package_identification:_identify(.) by extensions ['colcon_pkg']
[0.505s] Level 1:colcon.colcon_core.package_identification:_identify(.) by extension 'colcon_pkg'
[0.505s] Level 1:colcon.colcon_core.package_identification:_identify(.) by extensions ['colcon_meta']
[0.505s] Level 1:colcon.colcon_core.package_identification:_identify(.) by extension 'colcon_meta'
[0.505s] Level 1:colcon.colcon_core.package_identification:_identify(.) by extensions ['ros']
[0.505s] Level 1:colcon.colcon_core.package_identification:_identify(.) by extension 'ros'
[0.521s] Level 1:colcon.colcon_core.package_identification:_identify(.) by extensions ['cmake', 'python']
[0.521s] Level 1:colcon.colcon_core.package_identification:_identify(.) by extension 'cmake'
[0.521s] Level 1:colcon.colcon_core.package_identification:_identify(.) by extension 'python'
[0.521s] Level 1:colcon.colcon_core.package_identification:_identify(.) by extensions ['python_setup_py']
[0.521s] Level 1:colcon.colcon_core.package_identification:_identify(.) by extension 'python_setup_py'
[0.521s] Level 1:colcon.colcon_core.package_identification:_identify(build) by extensions ['ignore', 'ignore_ament_install']
[0.521s] Level 1:colcon.colcon_core.package_identification:_identify(build) by extension 'ignore'
[0.521s] Level 1:colcon.colcon_core.package_identification:_identify(build) ignored
[0.522s] Level 1:colcon.colcon_core.package_identification:_identify(install) by extensions ['ignore', 'ignore_ament_install']
[0.522s] Level 1:colcon.colcon_core.package_identification:_identify(install) by extension 'ignore'
[0.522s] Level 1:colcon.colcon_core.package_identification:_identify(install) ignored
[0.522s] Level 1:colcon.colcon_core.package_identification:_identify(log) by extensions ['ignore', 'ignore_ament_install']
[0.522s] Level 1:colcon.colcon_core.package_identification:_identify(log) by extension 'ignore'
[0.522s] Level 1:colcon.colcon_core.package_identification:_identify(log) ignored
[0.522s] Level 1:colcon.colcon_core.package_identification:_identify(src) by extensions ['ignore', 'ignore_ament_install']
[0.522s] Level 1:colcon.colcon_core.package_identification:_identify(src) by extension 'ignore'
[0.522s] Level 1:colcon.colcon_core.package_identification:_identify(src) by extension 'ignore_ament_install'
[0.522s] Level 1:colcon.colcon_core.package_identification:_identify(src) by extensions ['colcon_pkg']
[0.522s] Level 1:colcon.colcon_core.package_identification:_identify(src) by extension 'colcon_pkg'
[0.523s] Level 1:colcon.colcon_core.package_identification:_identify(src) by extensions ['colcon_meta']
[0.523s] Level 1:colcon.colcon_core.package_identification:_identify(src) by extension 'colcon_meta'
[0.523s] Level 1:colcon.colcon_core.package_identification:_identify(src) by extensions ['ros']
[0.523s] Level 1:colcon.colcon_core.package_identification:_identify(src) by extension 'ros'
[0.523s] Level 1:colcon.colcon_core.package_identification:_identify(src) by extensions ['cmake', 'python']
[0.523s] Level 1:colcon.colcon_core.package_identification:_identify(src) by extension 'cmake'
[0.523s] Level 1:colcon.colcon_core.package_identification:_identify(src) by extension 'python'
[0.523s] Level 1:colcon.colcon_core.package_identification:_identify(src) by extensions ['python_setup_py']
[0.523s] Level 1:colcon.colcon_core.package_identification:_identify(src) by extension 'python_setup_py'
[0.523s] Level 1:colcon.colcon_core.package_identification:_identify(src/mazesim) by extensions ['ignore', 'ignore_ament_install']
[0.523s] Level 1:colcon.colcon_core.package_identification:_identify(src/mazesim) by extension 'ignore'
[0.523s] Level 1:colcon.colcon_core.package_identification:_identify(src/mazesim) by extension 'ignore_ament_install'
[0.523s] Level 1:colcon.colcon_core.package_identification:_identify(src/mazesim) by extensions ['colcon_pkg']
[0.523s] Level 1:colcon.colcon_core.package_identification:_identify(src/mazesim) by extension 'colcon_pkg'
[0.523s] Level 1:colcon.colcon_core.package_identification:_identify(src/mazesim) by extensions ['colcon_meta']
[0.523s] Level 1:colcon.colcon_core.package_identification:_identify(src/mazesim) by extension 'colcon_meta'
[0.523s] Level 1:colcon.colcon_core.package_identification:_identify(src/mazesim) by extensions ['ros']
[0.523s] Level 1:colcon.colcon_core.package_identification:_identify(src/mazesim) by extension 'ros'
[0.529s] DEBUG:colcon.colcon_core.package_identification:Package 'src/mazesim' with type 'ros.ament_cmake' and name 'mazesim'
[0.529s] Level 1:colcon.colcon_core.package_identification:_identify(test_suite_analysis) by extensions ['ignore', 'ignore_ament_install']
[0.529s] Level 1:colcon.colcon_core.package_identification:_identify(test_suite_analysis) by extension 'ignore'
[0.529s] Level 1:colcon.colcon_core.package_identification:_identify(test_suite_analysis) by extension 'ignore_ament_install'
[0.530s] Level 1:colcon.colcon_core.package_identification:_identify(test_suite_analysis) by extensions ['colcon_pkg']
[0.530s] Level 1:colcon.colcon_core.package_identification:_identify(test_suite_analysis) by extension 'colcon_pkg'
[0.530s] Level 1:colcon.colcon_core.package_identification:_identify(test_suite_analysis) by extensions ['colcon_meta']
[0.530s] Level 1:colcon.colcon_core.package_identification:_identify(test_suite_analysis) by extension 'colcon_meta'
[0.530s] Level 1:colcon.colcon_core.package_identification:_identify(test_suite_analysis) by extensions ['ros']
[0.530s] Level 1:colcon.colcon_core.package_identification:_identify(test_suite_analysis) by extension 'ros'
[0.530s] Level 1:colcon.colcon_core.package_identification:_identify(test_suite_analysis) by extensions ['cmake', 'python']
[0.530s] Level 1:colcon.colcon_core.package_identification:_identify(test_suite_analysis) by extension 'cmake'
[0.530s] Level 1:colcon.colcon_core.package_identification:_identify(test_suite_analysis) by extension 'python'
[0.530s] Level 1:colcon.colcon_core.package_identification:_identify(test_suite_analysis) by extensions ['python_setup_py']
[0.530s] Level 1:colcon.colcon_core.package_identification:_identify(test_suite_analysis) by extension 'python_setup_py'
[0.530s] Level 1:colcon.colcon_core.package_discovery:discover_packages(recursive) using defaults
[0.530s] Level 1:colcon.colcon_core.package_discovery:discover_packages(ignore) discover
[0.530s] Level 1:colcon.colcon_core.package_discovery:discover_packages(ignore) using defaults
[0.530s] Level 1:colcon.colcon_core.package_discovery:discover_packages(path) discover
[0.530s] Level 1:colcon.colcon_core.package_discovery:discover_packages(path) using defaults
[0.567s] Level 1:colcon.colcon_core.package_discovery:discover_packages(prefix_path) check parameters
[0.567s] Level 1:colcon.colcon_core.package_discovery:discover_packages(prefix_path) discover
[0.568s] DEBUG:colcon.colcon_installed_package_information.package_discovery:Found 1 installed packages in /home/gfave/maze_ws/install
[0.570s] DEBUG:colcon.colcon_installed_package_information.package_discovery:Found 407 installed packages in /opt/ros/humble
[0.572s] Level 1:colcon.colcon_core.package_discovery:discover_packages(prefix_path) using defaults
[0.634s] Level 5:colcon.colcon_core.verb:set package 'mazesim' build argument 'cmake_args' from command line to 'None'
[0.634s] Level 5:colcon.colcon_core.verb:set package 'mazesim' build argument 'cmake_target' from command line to 'None'
[0.634s] Level 5:colcon.colcon_core.verb:set package 'mazesim' build argument 'cmake_target_skip_unavailable' from command line to 'False'
[0.634s] Level 5:colcon.colcon_core.verb:set package 'mazesim' build argument 'cmake_clean_cache' from command line to 'False'
[0.634s] Level 5:colcon.colcon_core.verb:set package 'mazesim' build argument 'cmake_clean_first' from command line to 'False'
[0.634s] Level 5:colcon.colcon_core.verb:set package 'mazesim' build argument 'cmake_force_configure' from command line to 'False'
[0.634s] Level 5:colcon.colcon_core.verb:set package 'mazesim' build argument 'ament_cmake_args' from command line to 'None'
[0.634s] Level 5:colcon.colcon_core.verb:set package 'mazesim' build argument 'catkin_cmake_args' from command line to 'None'
[0.634s] Level 5:colcon.colcon_core.verb:set package 'mazesim' build argument 'catkin_skip_building_tests' from command line to 'False'
[0.634s] DEBUG:colcon.colcon_core.verb:Building package 'mazesim' with the following arguments: {'ament_cmake_args': None, 'build_base': '/home/gfave/maze_ws/build/mazesim', 'catkin_cmake_args': None, 'catkin_skip_building_tests': False, 'cmake_args': None, 'cmake_clean_cache': False, 'cmake_clean_first': False, 'cmake_force_configure': False, 'cmake_target': None, 'cmake_target_skip_unavailable': False, 'install_base': '/home/gfave/maze_ws/install/mazesim', 'merge_install': False, 'path': '/home/gfave/maze_ws/src/mazesim', 'symlink_install': False, 'test_result_base': None}
[0.634s] INFO:colcon.colcon_core.executor:Executing jobs using 'parallel' executor
[0.635s] DEBUG:colcon.colcon_parallel_executor.executor.parallel:run_until_complete
[0.636s] INFO:colcon.colcon_ros.task.ament_cmake.build:Building ROS package in '/home/gfave/maze_ws/src/mazesim' with build type 'ament_cmake'
[0.636s] INFO:colcon.colcon_cmake.task.cmake.build:Building CMake package in '/home/gfave/maze_ws/src/mazesim'
[0.638s] INFO:colcon.colcon_core.plugin_system:Skipping extension 'colcon_core.shell.bat': Not used on non-Windows systems
[0.638s] INFO:colcon.colcon_core.shell:Skip shell extension 'powershell' for command environment: Not usable outside of PowerShell
[0.638s] DEBUG:colcon.colcon_core.shell:Skip shell extension 'dsv' for command environment
[0.651s] DEBUG:colcon.colcon_core.event_handler.log_command:Invoking command in '/home/gfave/maze_ws/build/mazesim': CMAKE_PREFIX_PATH=${CMAKE_PREFIX_PATH}:/opt/ros/humble /usr/bin/cmake --build /home/gfave/maze_ws/build/mazesim -- -j8 -l8
[37.568s] DEBUG:colcon.colcon_core.event_handler.log_command:Invoked command in '/home/gfave/maze_ws/build/mazesim' returned '0': CMAKE_PREFIX_PATH=${CMAKE_PREFIX_PATH}:/opt/ros/humble /usr/bin/cmake --build /home/gfave/maze_ws/build/mazesim -- -j8 -l8
[37.605s] DEBUG:colcon.colcon_core.event_handler.log_command:Invoking command in '/home/gfave/maze_ws/build/mazesim': CMAKE_PREFIX_PATH=${CMAKE_PREFIX_PATH}:/opt/ros/humble /usr/bin/cmake --install /home/gfave/maze_ws/build/mazesim
[37.627s] Level 1:colcon.colcon_core.environment:create_environment_scripts_only(mazesim)
[37.628s] DEBUG:colcon.colcon_core.event_handler.log_command:Invoked command in '/home/gfave/maze_ws/build/mazesim' returned '0': CMAKE_PREFIX_PATH=${CMAKE_PREFIX_PATH}:/opt/ros/humble /usr/bin/cmake --install /home/gfave/maze_ws/build/mazesim
[37.630s] Level 1:colcon.colcon_core.environment:checking '/home/gfave/maze_ws/install/mazesim' for CMake module files
[37.630s] Level 1:colcon.colcon_core.environment:checking '/home/gfave/maze_ws/install/mazesim' for CMake config files
[37.630s] Level 1:colcon.colcon_core.shell:create_environment_hook('mazesim', 'cmake_prefix_path')
[37.631s] INFO:colcon.colcon_core.shell:Creating environment hook '/home/gfave/maze_ws/install/mazesim/share/mazesim/hook/cmake_prefix_path.ps1'
[37.631s] INFO:colcon.colcon_core.shell:Creating environment descriptor '/home/gfave/maze_ws/install/mazesim/share/mazesim/hook/cmake_prefix_path.dsv'
[37.632s] INFO:colcon.colcon_core.shell:Creating environment hook '/home/gfave/maze_ws/install/mazesim/share/mazesim/hook/cmake_prefix_path.sh'
[37.632s] Level 1:colcon.colcon_core.environment:checking '/home/gfave/maze_ws/install/mazesim/lib'
[37.633s] Level 1:colcon.colcon_core.environment:checking '/home/gfave/maze_ws/install/mazesim/bin'
[37.633s] Level 1:colcon.colcon_core.environment:checking '/home/gfave/maze_ws/install/mazesim/lib/pkgconfig/mazesim.pc'
[37.633s] Level 1:colcon.colcon_core.environment:checking '/home/gfave/maze_ws/install/mazesim/lib/python3.10/site-packages'
[37.633s] Level 1:colcon.colcon_core.environment:checking '/home/gfave/maze_ws/install/mazesim/bin'
[37.633s] INFO:colcon.colcon_core.shell:Creating package script '/home/gfave/maze_ws/install/mazesim/share/mazesim/package.ps1'
[37.634s] INFO:colcon.colcon_core.shell:Creating package descriptor '/home/gfave/maze_ws/install/mazesim/share/mazesim/package.dsv'
[37.635s] INFO:colcon.colcon_core.shell:Creating package script '/home/gfave/maze_ws/install/mazesim/share/mazesim/package.sh'
[37.635s] INFO:colcon.colcon_core.shell:Creating package script '/home/gfave/maze_ws/install/mazesim/share/mazesim/package.bash'
[37.636s] INFO:colcon.colcon_core.shell:Creating package script '/home/gfave/maze_ws/install/mazesim/share/mazesim/package.zsh'
[37.636s] Level 1:colcon.colcon_core.environment:create_file_with_runtime_dependencies(/home/gfave/maze_ws/install/mazesim/share/colcon-core/packages/mazesim)
[37.664s] Level 1:colcon.colcon_core.environment:create_environment_scripts_only(mazesim)
[37.664s] Level 1:colcon.colcon_core.environment:checking '/home/gfave/maze_ws/install/mazesim' for CMake module files
[37.664s] Level 1:colcon.colcon_core.environment:checking '/home/gfave/maze_ws/install/mazesim' for CMake config files
[37.665s] Level 1:colcon.colcon_core.shell:create_environment_hook('mazesim', 'cmake_prefix_path')
[37.665s] INFO:colcon.colcon_core.shell:Creating environment hook '/home/gfave/maze_ws/install/mazesim/share/mazesim/hook/cmake_prefix_path.ps1'
[37.665s] INFO:colcon.colcon_core.shell:Creating environment descriptor '/home/gfave/maze_ws/install/mazesim/share/mazesim/hook/cmake_prefix_path.dsv'
[37.666s] INFO:colcon.colcon_core.shell:Creating environment hook '/home/gfave/maze_ws/install/mazesim/share/mazesim/hook/cmake_prefix_path.sh'
[37.666s] Level 1:colcon.colcon_core.environment:checking '/home/gfave/maze_ws/install/mazesim/lib'
[37.666s] Level 1:colcon.colcon_core.environment:checking '/home/gfave/maze_ws/install/mazesim/bin'
[37.666s] Level 1:colcon.colcon_core.environment:checking '/home/gfave/maze_ws/install/mazesim/lib/pkgconfig/mazesim.pc'
[37.666s] Level 1:colcon.colcon_core.environment:checking '/home/gfave/maze_ws/install/mazesim/lib/python3.10/site-packages'
[37.667s] Level 1:colcon.colcon_core.environment:checking '/home/gfave/maze_ws/install/mazesim/bin'
[37.667s] INFO:colcon.colcon_core.shell:Creating package script '/home/gfave/maze_ws/install/mazesim/share/mazesim/package.ps1'
[37.667s] INFO:colcon.colcon_core.shell:Creating package descriptor '/home/gfave/maze_ws/install/mazesim/share/mazesim/package.dsv'
[37.668s] INFO:colcon.colcon_core.shell:Creating package script '/home/gfave/maze_ws/install/mazesim/share/mazesim/package.sh'
[37.668s] INFO:colcon.colcon_core.shell:Creating package script '/home/gfave/maze_ws/install/mazesim/share/mazesim/package.bash'
[37.668s] INFO:colcon.colcon_core.shell:Creating package script '/home/gfave/maze_ws/install/mazesim/share/mazesim/package.zsh'
[37.669s] Level 1:colcon.colcon_core.environment:create_file_with_runtime_dependencies(/home/gfave/maze_ws/install/mazesim/share/colcon-core/packages/mazesim)
[37.669s] DEBUG:colcon.colcon_parallel_executor.executor.parallel:closing loop
[37.669s] DEBUG:colcon.colcon_parallel_executor.executor.parallel:loop closed
[37.670s] DEBUG:colcon.colcon_parallel_executor.executor.parallel:run_until_complete finished with '0'
[37.670s] DEBUG:colcon.colcon_core.event_reactor:joining thread
[37.674s] INFO:colcon.colcon_core.plugin_system:Skipping extension 'colcon_notification.desktop_notification.terminal_notifier': Not used on non-Darwin systems
[37.674s] INFO:colcon.colcon_core.plugin_system:Skipping extension 'colcon_notification.desktop_notification.win32': Not used on non-Windows systems
[37.674s] INFO:colcon.colcon_notification.desktop_notification:Sending desktop notification using 'notify2'
[37.686s] DEBUG:colcon.colcon_core.event_reactor:joined thread
[37.686s] INFO:colcon.colcon_core.shell:Creating prefix script '/home/gfave/maze_ws/install/local_setup.ps1'
[37.687s] INFO:colcon.colcon_core.shell:Creating prefix util module '/home/gfave/maze_ws/install/_local_setup_util_ps1.py'
[37.688s] INFO:colcon.colcon_core.shell:Creating prefix chain script '/home/gfave/maze_ws/install/setup.ps1'
[37.689s] INFO:colcon.colcon_core.shell:Creating prefix script '/home/gfave/maze_ws/install/local_setup.sh'
[37.689s] INFO:colcon.colcon_core.shell:Creating prefix util module '/home/gfave/maze_ws/install/_local_setup_util_sh.py'
[37.690s] INFO:colcon.colcon_core.shell:Creating prefix chain script '/home/gfave/maze_ws/install/setup.sh'
[37.692s] INFO:colcon.colcon_core.shell:Creating prefix script '/home/gfave/maze_ws/install/local_setup.bash'
[37.692s] INFO:colcon.colcon_core.shell:Creating prefix chain script '/home/gfave/maze_ws/install/setup.bash'
[37.693s] INFO:colcon.colcon_core.shell:Creating prefix script '/home/gfave/maze_ws/install/local_setup.zsh'
[37.694s] INFO:colcon.colcon_core.shell:Creating prefix chain script '/home/gfave/maze_ws/install/setup.zsh'
