[0.018s] Invoking command in '/home/gfave/maze_ws/build/mazesim': CMAKE_PREFIX_PATH=${CMAKE_PREFIX_PATH}:/opt/ros/humble /usr/bin/cmake --build /home/gfave/maze_ws/build/mazesim -- -j8 -l8
[0.081s] -- Found ament_cmake: 1.3.10 (/opt/ros/humble/share/ament_cmake/cmake)
[0.302s] -- Found rclcpp: 16.0.10 (/opt/ros/humble/share/rclcpp/cmake)
[0.361s] -- Found rosidl_generator_c: 3.1.5 (/opt/ros/humble/share/rosidl_generator_c/cmake)
[0.365s] -- Found rosidl_adapter: 3.1.5 (/opt/ros/humble/share/rosidl_adapter/cmake)
[0.377s] -- Found rosidl_generator_cpp: 3.1.5 (/opt/ros/humble/share/rosidl_generator_cpp/cmake)
[0.396s] -- Using all available rosidl_typesupport_c: rosidl_typesupport_fastrtps_c;rosidl_typesupport_introspection_c
[0.421s] -- Using all available rosidl_typesupport_cpp: rosidl_typesupport_fastrtps_cpp;rosidl_typesupport_introspection_cpp
[0.496s] -- Found rmw_implementation_cmake: 6.1.2 (/opt/ros/humble/share/rmw_implementation_cmake/cmake)
[0.500s] -- Found rmw_fastrtps_cpp: 6.2.7 (/opt/ros/humble/share/rmw_fastrtps_cpp/cmake)
[0.728s] -- Using RMW implementation 'rmw_fastrtps_cpp' as default
[0.854s] -- Found geometry_msgs: 4.2.4 (/opt/ros/humble/share/geometry_msgs/cmake)
[0.887s] -- Found nav_msgs: 4.2.4 (/opt/ros/humble/share/nav_msgs/cmake)
[0.928s] -- Found tf2_ros: 0.25.7 (/opt/ros/humble/share/tf2_ros/cmake)
[1.161s] -- Found example_interfaces: 0.9.3 (/opt/ros/humble/share/example_interfaces/cmake)
[1.192s] [31mCMake Error at CMakeLists.txt:96 (add_executable):
[1.192s]   add_executable cannot create target "robot_controller" because another
[1.192s]   target with the same name already exists.  The existing target is an
[1.192s]   executable created in source directory "/home/gfave/maze_ws/src/mazesim".
[1.192s]   See documentation for policy CMP0002 for more details.
[1.192s] 
[1.193s] [0m
[1.195s] -- Found ament_lint_auto: 0.12.11 (/opt/ros/humble/share/ament_lint_auto/cmake)
[1.302s] -- Added test 'cppcheck' to perform static code analysis on C / C++ code
[1.302s] -- Configured cppcheck include dirs: $<BUILD_INTERFACE:/home/gfave/maze_ws/src/mazesim/include>
[1.302s] -- Configured cppcheck exclude dirs and/or files: 
[1.303s] -- Added test 'flake8' to check Python code syntax and style conventions
[1.304s] -- Added test 'lint_cmake' to check CMake code style
[1.305s] -- Added test 'pep257' to check Python code against some of the docstring style conventions in PEP 257
[1.308s] -- Added test 'uncrustify' to check C / C++ code style
[1.308s] -- Configured uncrustify additional arguments: 
[1.309s] -- Added test 'xmllint' to check XML markup files
[1.310s] -- Configuring incomplete, errors occurred!
[1.310s] See also "/home/gfave/maze_ws/build/mazesim/CMakeFiles/CMakeOutput.log".
[1.323s] gmake: *** [Makefile:308: cmake_check_build_system] Error 1
[1.326s] Invoked command in '/home/gfave/maze_ws/build/mazesim' returned '2': CMAKE_PREFIX_PATH=${CMAKE_PREFIX_PATH}:/opt/ros/humble /usr/bin/cmake --build /home/gfave/maze_ws/build/mazesim -- -j8 -l8
