-- The C compiler identification is GNU 11.4.0
-- The CXX compiler identification is GNU 11.4.0
-- Detecting C compiler ABI info
-- Detecting C compiler ABI info - done
-- Check for working C compiler: /usr/bin/cc - skipped
-- Detecting C compile features
-- Detecting C compile features - done
-- Detecting CXX compiler ABI info
-- Detecting CXX compiler ABI info - done
-- Check for working CXX compiler: /usr/bin/c++ - skipped
-- Detecting CXX compile features
-- Detecting CXX compile features - done
-- Found ament_cmake: 1.3.10 (/opt/ros/humble/share/ament_cmake/cmake)
-- Found Python3: /usr/bin/python3 (found version "3.10.12") found components: Interpreter 
-- Found rclcpp: 16.0.10 (/opt/ros/humble/share/rclcpp/cmake)
-- Found rosidl_generator_c: 3.1.5 (/opt/ros/humble/share/rosidl_generator_c/cmake)
-- Found rosidl_adapter: 3.1.5 (/opt/ros/humble/share/rosidl_adapter/cmake)
-- Found rosidl_generator_cpp: 3.1.5 (/opt/ros/humble/share/rosidl_generator_cpp/cmake)
-- Using all available rosidl_typesupport_c: rosidl_typesupport_fastrtps_c;rosidl_typesupport_introspection_c
-- Using all available rosidl_typesupport_cpp: rosidl_typesupport_fastrtps_cpp;rosidl_typesupport_introspection_cpp
-- Found rmw_implementation_cmake: 6.1.2 (/opt/ros/humble/share/rmw_implementation_cmake/cmake)
-- Found rmw_fastrtps_cpp: 6.2.7 (/opt/ros/humble/share/rmw_fastrtps_cpp/cmake)
-- Found OpenSSL: /usr/lib/x86_64-linux-gnu/libcrypto.so (found version "3.0.2")  
-- Found FastRTPS: /opt/ros/humble/include  
-- Using RMW implementation 'rmw_fastrtps_cpp' as default
-- Looking for pthread.h
-- Looking for pthread.h - found
-- Performing Test CMAKE_HAVE_LIBC_PTHREAD
-- Performing Test CMAKE_HAVE_LIBC_PTHREAD - Success
-- Found Threads: TRUE  
-- Found geometry_msgs: 4.2.4 (/opt/ros/humble/share/geometry_msgs/cmake)
-- Found nav_msgs: 4.2.4 (/opt/ros/humble/share/nav_msgs/cmake)
-- Found tf2_ros: 0.25.7 (/opt/ros/humble/share/tf2_ros/cmake)
-- Found example_interfaces: 0.9.3 (/opt/ros/humble/share/example_interfaces/cmake)
-- Found ament_lint_auto: 0.12.11 (/opt/ros/humble/share/ament_lint_auto/cmake)
-- Added test 'cppcheck' to perform static code analysis on C / C++ code
-- Configured cppcheck include dirs: $<BUILD_INTERFACE:/home/gfave/maze_ws/src/mazesim/include>
-- Configured cppcheck exclude dirs and/or files: 
-- Added test 'lint_cmake' to check CMake code style
-- Added test 'uncrustify' to check C / C++ code style
-- Configured uncrustify additional arguments: 
-- Added test 'xmllint' to check XML markup files
-- Configuring done
-- Generating done
-- Build files have been written to: /home/gfave/maze_ws/build/mazesim
[ 50%] [32mBuilding CXX object CMakeFiles/robot_controller.dir/src/robot_controller.cpp.o[0m
[100%] [32m[1mLinking CXX executable robot_controller[0m
[100%] Built target robot_controller
-- Install configuration: ""
-- Installing: /home/gfave/maze_ws/install/mazesim/lib/mazesim/robot_controller
-- Set runtime path of "/home/gfave/maze_ws/install/mazesim/lib/mazesim/robot_controller" to ""
-- Installing: /home/gfave/maze_ws/install/mazesim/share/mazesim//launch
-- Installing: /home/gfave/maze_ws/install/mazesim/share/mazesim//maps
-- Installing: /home/gfave/maze_ws/install/mazesim/share/mazesim//maps/my_map_1.pgm
-- Installing: /home/gfave/maze_ws/install/mazesim/share/mazesim//maps/my_map_1.yaml
-- Installing: /home/gfave/maze_ws/install/mazesim/share/mazesim//worlds
-- Installing: /home/gfave/maze_ws/install/mazesim/share/mazesim//models
-- Installing: /home/gfave/maze_ws/install/mazesim/share/mazesim//rviz
-- Installing: /home/gfave/maze_ws/install/mazesim/share/mazesim//config
-- Installing: /home/gfave/maze_ws/install/mazesim/share/ament_index/resource_index/package_run_dependencies/mazesim
-- Installing: /home/gfave/maze_ws/install/mazesim/share/ament_index/resource_index/parent_prefix_path/mazesim
-- Installing: /home/gfave/maze_ws/install/mazesim/share/mazesim/environment/ament_prefix_path.sh
-- Installing: /home/gfave/maze_ws/install/mazesim/share/mazesim/environment/ament_prefix_path.dsv
-- Installing: /home/gfave/maze_ws/install/mazesim/share/mazesim/environment/path.sh
-- Installing: /home/gfave/maze_ws/install/mazesim/share/mazesim/environment/path.dsv
-- Installing: /home/gfave/maze_ws/install/mazesim/share/mazesim/local_setup.bash
-- Installing: /home/gfave/maze_ws/install/mazesim/share/mazesim/local_setup.sh
-- Installing: /home/gfave/maze_ws/install/mazesim/share/mazesim/local_setup.zsh
-- Installing: /home/gfave/maze_ws/install/mazesim/share/mazesim/local_setup.dsv
-- Installing: /home/gfave/maze_ws/install/mazesim/share/mazesim/package.dsv
-- Installing: /home/gfave/maze_ws/install/mazesim/share/ament_index/resource_index/packages/mazesim
-- Installing: /home/gfave/maze_ws/install/mazesim/share/mazesim/cmake/mazesimConfig.cmake
-- Installing: /home/gfave/maze_ws/install/mazesim/share/mazesim/cmake/mazesimConfig-version.cmake
-- Installing: /home/gfave/maze_ws/install/mazesim/share/mazesim/package.xml
