[0.016s] Invoking command in '/home/gfave/maze_ws/build/mazesim': CMAKE_PREFIX_PATH=${CMAKE_PREFIX_PATH}:/opt/ros/humble /usr/bin/cmake /home/gfave/maze_ws/src/mazesim -DCMAKE_INSTALL_PREFIX=/home/gfave/maze_ws/install/mazesim
[0.177s] -- The C compiler identification is GNU 11.4.0
[0.306s] -- The CXX compiler identification is GNU 11.4.0
[0.322s] -- Detecting C compiler ABI info
[0.421s] -- Detecting C compiler ABI info - done
[0.433s] -- Check for working C compiler: /usr/bin/cc - skipped
[0.433s] -- Detecting C compile features
[0.435s] -- Detecting C compile features - done
[0.440s] -- Detecting CXX compiler ABI info
[0.553s] -- Detecting CXX compiler ABI info - done
[0.565s] -- Check for working CXX compiler: /usr/bin/c++ - skipped
[0.566s] -- Detecting CXX compile features
[0.566s] -- Detecting CXX compile features - done
[0.586s] -- Found ament_cmake: 1.3.10 (/opt/ros/humble/share/ament_cmake/cmake)
[0.825s] -- Found Python3: /usr/bin/python3 (found version "3.10.12") found components: Interpreter 
[0.998s] -- Found rclcpp: 16.0.10 (/opt/ros/humble/share/rclcpp/cmake)
[1.095s] -- Found rosidl_generator_c: 3.1.5 (/opt/ros/humble/share/rosidl_generator_c/cmake)
[1.108s] -- Found rosidl_adapter: 3.1.5 (/opt/ros/humble/share/rosidl_adapter/cmake)
[1.126s] -- Found rosidl_generator_cpp: 3.1.5 (/opt/ros/humble/share/rosidl_generator_cpp/cmake)
[1.156s] -- Using all available rosidl_typesupport_c: rosidl_typesupport_fastrtps_c;rosidl_typesupport_introspection_c
[1.190s] -- Using all available rosidl_typesupport_cpp: rosidl_typesupport_fastrtps_cpp;rosidl_typesupport_introspection_cpp
[1.279s] -- Found rmw_implementation_cmake: 6.1.2 (/opt/ros/humble/share/rmw_implementation_cmake/cmake)
[1.285s] -- Found rmw_fastrtps_cpp: 6.2.7 (/opt/ros/humble/share/rmw_fastrtps_cpp/cmake)
[1.442s] -- Found OpenSSL: /usr/lib/x86_64-linux-gnu/libcrypto.so (found version "3.0.2")  
[1.485s] -- Found FastRTPS: /opt/ros/humble/include  
[1.546s] -- Using RMW implementation 'rmw_fastrtps_cpp' as default
[1.563s] -- Looking for pthread.h
[1.665s] -- Looking for pthread.h - found
[1.666s] -- Performing Test CMAKE_HAVE_LIBC_PTHREAD
[1.770s] -- Performing Test CMAKE_HAVE_LIBC_PTHREAD - Success
[1.771s] -- Found Threads: TRUE  
[1.883s] -- Found geometry_msgs: 4.2.4 (/opt/ros/humble/share/geometry_msgs/cmake)
[1.916s] -- Found nav_msgs: 4.2.4 (/opt/ros/humble/share/nav_msgs/cmake)
[1.960s] -- Found tf2_ros: 0.25.7 (/opt/ros/humble/share/tf2_ros/cmake)
[2.203s] -- Found example_interfaces: 0.9.3 (/opt/ros/humble/share/example_interfaces/cmake)
[2.245s] -- Found ament_lint_auto: 0.12.11 (/opt/ros/humble/share/ament_lint_auto/cmake)
[2.407s] -- Added test 'cppcheck' to perform static code analysis on C / C++ code
[2.407s] -- Configured cppcheck include dirs: $<BUILD_INTERFACE:/home/gfave/maze_ws/src/mazesim/include>
[2.407s] -- Configured cppcheck exclude dirs and/or files: 
[2.409s] -- Added test 'lint_cmake' to check CMake code style
[2.411s] -- Added test 'uncrustify' to check C / C++ code style
[2.411s] -- Configured uncrustify additional arguments: 
[2.413s] -- Added test 'xmllint' to check XML markup files
[2.415s] -- Configuring done
[2.438s] -- Generating done
[2.442s] -- Build files have been written to: /home/gfave/maze_ws/build/mazesim
[2.462s] Invoked command in '/home/gfave/maze_ws/build/mazesim' returned '0': CMAKE_PREFIX_PATH=${CMAKE_PREFIX_PATH}:/opt/ros/humble /usr/bin/cmake /home/gfave/maze_ws/src/mazesim -DCMAKE_INSTALL_PREFIX=/home/gfave/maze_ws/install/mazesim
[2.465s] Invoking command in '/home/gfave/maze_ws/build/mazesim': CMAKE_PREFIX_PATH=${CMAKE_PREFIX_PATH}:/opt/ros/humble /usr/bin/cmake --build /home/gfave/maze_ws/build/mazesim -- -j8 -l8
[2.540s] [ 50%] [32mBuilding CXX object CMakeFiles/robot_controller.dir/src/robot_controller.cpp.o[0m
[2.602s] [100%] [32m[1mLinking CXX executable robot_controller[0m
[2.879s] [100%] Built target robot_controller
[2.895s] Invoked command in '/home/gfave/maze_ws/build/mazesim' returned '0': CMAKE_PREFIX_PATH=${CMAKE_PREFIX_PATH}:/opt/ros/humble /usr/bin/cmake --build /home/gfave/maze_ws/build/mazesim -- -j8 -l8
[2.943s] Invoking command in '/home/gfave/maze_ws/build/mazesim': CMAKE_PREFIX_PATH=${CMAKE_PREFIX_PATH}:/opt/ros/humble /usr/bin/cmake --install /home/gfave/maze_ws/build/mazesim
[2.953s] -- Install configuration: ""
[2.953s] -- Installing: /home/gfave/maze_ws/install/mazesim/lib/mazesim/robot_controller
[2.954s] -- Set runtime path of "/home/gfave/maze_ws/install/mazesim/lib/mazesim/robot_controller" to ""
[2.954s] -- Installing: /home/gfave/maze_ws/install/mazesim/share/mazesim//launch
[2.954s] -- Installing: /home/gfave/maze_ws/install/mazesim/share/mazesim//maps
[2.955s] -- Installing: /home/gfave/maze_ws/install/mazesim/share/mazesim//maps/my_map_1.pgm
[2.955s] -- Installing: /home/gfave/maze_ws/install/mazesim/share/mazesim//maps/my_map_1.yaml
[2.955s] -- Installing: /home/gfave/maze_ws/install/mazesim/share/mazesim//worlds
[2.955s] -- Installing: /home/gfave/maze_ws/install/mazesim/share/mazesim//models
[2.955s] -- Installing: /home/gfave/maze_ws/install/mazesim/share/mazesim//rviz
[2.955s] -- Installing: /home/gfave/maze_ws/install/mazesim/share/mazesim//config
[2.956s] -- Installing: /home/gfave/maze_ws/install/mazesim/share/ament_index/resource_index/package_run_dependencies/mazesim
[2.956s] -- Installing: /home/gfave/maze_ws/install/mazesim/share/ament_index/resource_index/parent_prefix_path/mazesim
[2.956s] -- Installing: /home/gfave/maze_ws/install/mazesim/share/mazesim/environment/ament_prefix_path.sh
[2.956s] -- Installing: /home/gfave/maze_ws/install/mazesim/share/mazesim/environment/ament_prefix_path.dsv
[2.957s] -- Installing: /home/gfave/maze_ws/install/mazesim/share/mazesim/environment/path.sh
[2.957s] -- Installing: /home/gfave/maze_ws/install/mazesim/share/mazesim/environment/path.dsv
[2.957s] -- Installing: /home/gfave/maze_ws/install/mazesim/share/mazesim/local_setup.bash
[2.957s] -- Installing: /home/gfave/maze_ws/install/mazesim/share/mazesim/local_setup.sh
[2.957s] -- Installing: /home/gfave/maze_ws/install/mazesim/share/mazesim/local_setup.zsh
[2.958s] -- Installing: /home/gfave/maze_ws/install/mazesim/share/mazesim/local_setup.dsv
[2.958s] -- Installing: /home/gfave/maze_ws/install/mazesim/share/mazesim/package.dsv
[2.958s] -- Installing: /home/gfave/maze_ws/install/mazesim/share/ament_index/resource_index/packages/mazesim
[2.959s] -- Installing: /home/gfave/maze_ws/install/mazesim/share/mazesim/cmake/mazesimConfig.cmake
[2.959s] -- Installing: /home/gfave/maze_ws/install/mazesim/share/mazesim/cmake/mazesimConfig-version.cmake
[2.959s] -- Installing: /home/gfave/maze_ws/install/mazesim/share/mazesim/package.xml
[2.962s] Invoked command in '/home/gfave/maze_ws/build/mazesim' returned '0': CMAKE_PREFIX_PATH=${CMAKE_PREFIX_PATH}:/opt/ros/humble /usr/bin/cmake --install /home/gfave/maze_ws/build/mazesim
