[0.049s] Invoking command in '/home/gfave/maze_ws/build/mazesim': CMAKE_PREFIX_PATH=${CMAKE_PREFIX_PATH}:/opt/ros/humble /usr/bin/cmake --build /home/gfave/maze_ws/build/mazesim -- -j8 -l8
[0.216s] [35m[1mConsolidate compiler generated dependencies of target robot_controller[0m
[0.217s] [35m[1mConsolidate compiler generated dependencies of target nav2_command_translator[0m
[0.238s] [35m[1mConsolidate compiler generated dependencies of target nav2_command_bridge[0m
[0.274s] [ 12%] [32mBuilding CXX object CMakeFiles/robot_controller.dir/src/robot_controller.cpp.o[0m
[0.291s] [ 25%] [32mBuilding CXX object CMakeFiles/nav2_command_translator.dir/src/nav2_command_translator.cpp.o[0m
[0.322s] [ 37%] [32mBuilding CXX object CMakeFiles/nav2_command_bridge.dir/src/nav2_command_bridge.cpp.o[0m
[18.923s] [01m[K/home/gfave/maze_ws/src/mazesim/src/nav2_command_translator.cpp:[m[K In member function ‘[01m[Kvoid Nav2CommandTranslator::feedbackCallback(rclcpp_action::ClientGoalHandle<nav2_msgs::action::NavigateToPose>::SharedPtr, std::shared_ptr<const nav2_msgs::action::NavigateToPose_Feedback_<std::allocator<void> > >)[m[K’:
[18.924s] [01m[K/home/gfave/maze_ws/src/mazesim/src/nav2_command_translator.cpp:142:63:[m[K [01;35m[Kwarning: [m[Kunused parameter ‘[01m[Kfeedback[m[K’ [[01;35m[K]8;;https://gcc.gnu.org/onlinedocs/gcc/Warning-Options.html#index-Wunused-parameter-Wunused-parameter]8;;[m[K]
[18.924s]   142 |         [01;35m[Kconst std::shared_ptr<const NavigateToPose::Feedback> feedback[m[K)
[18.925s]       |         [01;35m[K~~~~~~~~~~~~~~~~~~~~~~~~~~~~~~~~~~~~~~~~~~~~~~~~~~~~~~^~~~~~~~[m[K
[48.309s] [ 50%] [32m[1mLinking CXX executable nav2_command_translator[0m
[48.807s] [ 62%] [32m[1mLinking CXX executable nav2_command_bridge[0m
[50.839s] [ 62%] Built target nav2_command_translator
[50.883s] [35m[1mConsolidate compiler generated dependencies of target verify_positions[0m
[50.928s] [ 75%] [32mBuilding CXX object CMakeFiles/verify_positions.dir/src/verify_positions.cpp.o[0m
[51.188s] [ 75%] Built target nav2_command_bridge
[54.032s] [ 87%] [32m[1mLinking CXX executable verify_positions[0m
[54.430s] [ 87%] Built target verify_positions
[67.996s] [100%] [32m[1mLinking CXX executable robot_controller[0m
[71.342s] [100%] Built target robot_controller
[71.385s] Invoked command in '/home/gfave/maze_ws/build/mazesim' returned '0': CMAKE_PREFIX_PATH=${CMAKE_PREFIX_PATH}:/opt/ros/humble /usr/bin/cmake --build /home/gfave/maze_ws/build/mazesim -- -j8 -l8
[71.532s] Invoking command in '/home/gfave/maze_ws/build/mazesim': CMAKE_PREFIX_PATH=${CMAKE_PREFIX_PATH}:/opt/ros/humble /usr/bin/cmake --install /home/gfave/maze_ws/build/mazesim
[71.558s] -- Install configuration: ""
[71.560s] -- Execute custom install script
[71.561s] -- Up-to-date symlink: /home/gfave/maze_ws/install/mazesim/lib/mazesim/nav2_command_translator
[71.562s] -- Up-to-date symlink: /home/gfave/maze_ws/install/mazesim/lib/mazesim/robot_controller
[71.564s] -- Up-to-date symlink: /home/gfave/maze_ws/install/mazesim/lib/mazesim/odom_tf_broadcaster.py
[71.564s] -- Up-to-date symlink: /home/gfave/maze_ws/install/mazesim/lib/mazesim/odom_frame_fixer.py
[71.565s] -- Up-to-date symlink: /home/gfave/maze_ws/install/mazesim/lib/mazesim/laser_frame_remapper.py
[71.566s] -- Up-to-date symlink: /home/gfave/maze_ws/install/mazesim/lib/mazesim/map_loader.py
[71.567s] -- Up-to-date symlink: /home/gfave/maze_ws/install/mazesim/lib/mazesim/nav2_command_bridge
[71.569s] -- Up-to-date symlink: /home/gfave/maze_ws/install/mazesim/share/mazesim//launch/complete_simulation.launch.py
[71.570s] -- Up-to-date symlink: /home/gfave/maze_ws/install/mazesim/share/mazesim//launch/complete_simulation_direct.launch.py
[71.571s] -- Up-to-date symlink: /home/gfave/maze_ws/install/mazesim/share/mazesim//launch/complete_simulation_fixed.launch.py
[71.572s] -- Up-to-date symlink: /home/gfave/maze_ws/install/mazesim/share/mazesim//launch/complete_simulation_move.launch.py
[71.573s] -- Up-to-date symlink: /home/gfave/maze_ws/install/mazesim/share/mazesim//launch/complete_simulation_nav2.launch.py
[71.574s] -- Up-to-date symlink: /home/gfave/maze_ws/install/mazesim/share/mazesim//launch/complete_simulation_with_odom_fix.launch.py
[71.574s] -- Up-to-date symlink: /home/gfave/maze_ws/install/mazesim/share/mazesim//launch/gazebo.launch.py
[71.575s] -- Up-to-date symlink: /home/gfave/maze_ws/install/mazesim/share/mazesim//launch/localization_launch.py
[71.576s] -- Up-to-date symlink: /home/gfave/maze_ws/install/mazesim/share/mazesim//launch/nav2_navigation.launch.py
[71.577s] -- Up-to-date symlink: /home/gfave/maze_ws/install/mazesim/share/mazesim//launch/spawn_robots.launch.py
[71.578s] -- Up-to-date symlink: /home/gfave/maze_ws/install/mazesim/share/mazesim//launch/working_sim.launch.py
[71.580s] -- Up-to-date symlink: /home/gfave/maze_ws/install/mazesim/share/mazesim//maps/my_map_1.pgm
[71.580s] -- Up-to-date symlink: /home/gfave/maze_ws/install/mazesim/share/mazesim//maps/my_map_1.png
[71.581s] -- Up-to-date symlink: /home/gfave/maze_ws/install/mazesim/share/mazesim//maps/my_map_1.yaml
[71.582s] -- Up-to-date symlink: /home/gfave/maze_ws/install/mazesim/share/mazesim//worlds/maze_world.world
[71.584s] -- Up-to-date symlink: /home/gfave/maze_ws/install/mazesim/share/mazesim//models/maze_map/model.config
[71.585s] -- Up-to-date symlink: /home/gfave/maze_ws/install/mazesim/share/mazesim//models/maze_map/model.sdf
[71.585s] -- Up-to-date symlink: /home/gfave/maze_ws/install/mazesim/share/mazesim//models/turtlebot3_burger/model-1_4.sdf
[71.586s] -- Up-to-date symlink: /home/gfave/maze_ws/install/mazesim/share/mazesim//models/turtlebot3_burger/model.config
[71.587s] -- Up-to-date symlink: /home/gfave/maze_ws/install/mazesim/share/mazesim//models/turtlebot3_burger/model.sdf
[71.589s] -- Up-to-date symlink: /home/gfave/maze_ws/install/mazesim/share/mazesim//config/nav2_params.yaml
[71.590s] -- Up-to-date symlink: /home/gfave/maze_ws/install/mazesim/share/mazesim//config/nav2_params_robot1.yaml
[71.591s] -- Up-to-date symlink: /home/gfave/maze_ws/install/mazesim/share/mazesim//config/nav2_params_robot3.yaml
[71.591s] -- Up-to-date symlink: /home/gfave/maze_ws/install/mazesim/share/mazesim//config/room_positions.yaml
[71.593s] -- Up-to-date symlink: /home/gfave/maze_ws/install/mazesim/share/mazesim//urdf/turtlebot3_burger_fixed.urdf
[71.593s] -- Up-to-date symlink: /home/gfave/maze_ws/install/mazesim/lib/mazesim/generate_walls.py
[71.595s] -- Up-to-date symlink: /home/gfave/maze_ws/install/mazesim/lib/mazesim/verify_positions
[71.596s] -- Up-to-date symlink: /home/gfave/maze_ws/install/mazesim/share/ament_index/resource_index/package_run_dependencies/mazesim
[71.597s] -- Up-to-date symlink: /home/gfave/maze_ws/install/mazesim/share/ament_index/resource_index/parent_prefix_path/mazesim
[71.598s] -- Up-to-date symlink: /home/gfave/maze_ws/install/mazesim/share/mazesim/environment/ament_prefix_path.sh
[71.598s] -- Up-to-date symlink: /home/gfave/maze_ws/install/mazesim/share/mazesim/environment/ament_prefix_path.dsv
[71.599s] -- Up-to-date symlink: /home/gfave/maze_ws/install/mazesim/share/mazesim/environment/path.sh
[71.600s] -- Up-to-date symlink: /home/gfave/maze_ws/install/mazesim/share/mazesim/environment/path.dsv
[71.601s] -- Up-to-date symlink: /home/gfave/maze_ws/install/mazesim/share/mazesim/local_setup.bash
[71.602s] -- Up-to-date symlink: /home/gfave/maze_ws/install/mazesim/share/mazesim/local_setup.sh
[71.603s] -- Up-to-date symlink: /home/gfave/maze_ws/install/mazesim/share/mazesim/local_setup.zsh
[71.604s] -- Up-to-date symlink: /home/gfave/maze_ws/install/mazesim/share/mazesim/local_setup.dsv
[71.604s] -- Symlinking: /home/gfave/maze_ws/install/mazesim/share/mazesim/package.dsv
[71.637s] -- Up-to-date symlink: /home/gfave/maze_ws/install/mazesim/share/ament_index/resource_index/packages/mazesim
[71.637s] -- Up-to-date symlink: /home/gfave/maze_ws/install/mazesim/share/mazesim/cmake/mazesimConfig.cmake
[71.638s] -- Up-to-date symlink: /home/gfave/maze_ws/install/mazesim/share/mazesim/cmake/mazesimConfig-version.cmake
[71.639s] -- Up-to-date symlink: /home/gfave/maze_ws/install/mazesim/share/mazesim/package.xml
[71.646s] Invoked command in '/home/gfave/maze_ws/build/mazesim' returned '0': CMAKE_PREFIX_PATH=${CMAKE_PREFIX_PATH}:/opt/ros/humble /usr/bin/cmake --install /home/gfave/maze_ws/build/mazesim
