[0.019s] Invoking command in '/home/gfave/maze_ws/build/mazesim': CMAKE_PREFIX_PATH=${CMAKE_PREFIX_PATH}:/opt/ros/humble /usr/bin/cmake --build /home/gfave/maze_ws/build/mazesim -- -j8 -l8
[0.076s] -- Found ament_cmake: 1.3.10 (/opt/ros/humble/share/ament_cmake/cmake)
[0.289s] -- Found rclcpp: 16.0.10 (/opt/ros/humble/share/rclcpp/cmake)
[0.367s] -- Found rosidl_generator_c: 3.1.5 (/opt/ros/humble/share/rosidl_generator_c/cmake)
[0.374s] -- Found rosidl_adapter: 3.1.5 (/opt/ros/humble/share/rosidl_adapter/cmake)
[0.387s] -- Found rosidl_generator_cpp: 3.1.5 (/opt/ros/humble/share/rosidl_generator_cpp/cmake)
[0.408s] -- Using all available rosidl_typesupport_c: rosidl_typesupport_fastrtps_c;rosidl_typesupport_introspection_c
[0.433s] -- Using all available rosidl_typesupport_cpp: rosidl_typesupport_fastrtps_cpp;rosidl_typesupport_introspection_cpp
[0.506s] -- Found rmw_implementation_cmake: 6.1.2 (/opt/ros/humble/share/rmw_implementation_cmake/cmake)
[0.509s] -- Found rmw_fastrtps_cpp: 6.2.7 (/opt/ros/humble/share/rmw_fastrtps_cpp/cmake)
[0.674s] -- Using RMW implementation 'rmw_fastrtps_cpp' as default
[0.770s] -- Found geometry_msgs: 4.2.4 (/opt/ros/humble/share/geometry_msgs/cmake)
[0.792s] -- Found nav_msgs: 4.2.4 (/opt/ros/humble/share/nav_msgs/cmake)
[0.820s] -- Found tf2_ros: 0.25.7 (/opt/ros/humble/share/tf2_ros/cmake)
[0.983s] -- Found example_interfaces: 0.9.3 (/opt/ros/humble/share/example_interfaces/cmake)
[1.013s] -- Found ament_lint_auto: 0.12.11 (/opt/ros/humble/share/ament_lint_auto/cmake)
[1.122s] -- Added test 'cppcheck' to perform static code analysis on C / C++ code
[1.122s] -- Configured cppcheck include dirs: $<BUILD_INTERFACE:/home/gfave/maze_ws/src/mazesim/include>
[1.122s] -- Configured cppcheck exclude dirs and/or files: 
[1.123s] -- Added test 'flake8' to check Python code syntax and style conventions
[1.124s] -- Added test 'lint_cmake' to check CMake code style
[1.125s] -- Added test 'pep257' to check Python code against some of the docstring style conventions in PEP 257
[1.129s] -- Added test 'uncrustify' to check C / C++ code style
[1.129s] -- Configured uncrustify additional arguments: 
[1.130s] -- Added test 'xmllint' to check XML markup files
[1.133s] -- Configuring done
[1.162s] -- Generating done
[1.164s] -- Build files have been written to: /home/gfave/maze_ws/build/mazesim
[1.196s] [35m[1mConsolidate compiler generated dependencies of target robot_controller[0m
[1.196s] [35m[1mConsolidate compiler generated dependencies of target test_room_config[0m
[1.213s] [ 50%] Built target robot_controller
[1.215s] [100%] Built target test_room_config
[1.230s] Invoked command in '/home/gfave/maze_ws/build/mazesim' returned '0': CMAKE_PREFIX_PATH=${CMAKE_PREFIX_PATH}:/opt/ros/humble /usr/bin/cmake --build /home/gfave/maze_ws/build/mazesim -- -j8 -l8
[1.280s] Invoking command in '/home/gfave/maze_ws/build/mazesim': CMAKE_PREFIX_PATH=${CMAKE_PREFIX_PATH}:/opt/ros/humble /usr/bin/cmake --install /home/gfave/maze_ws/build/mazesim
[1.290s] -- Install configuration: ""
[1.290s] -- Up-to-date: /home/gfave/maze_ws/install/mazesim/lib/mazesim/robot_controller
[1.291s] -- Up-to-date: /home/gfave/maze_ws/install/mazesim/share/mazesim//launch
[1.291s] -- Installing: /home/gfave/maze_ws/install/mazesim/share/mazesim//launch/gazebo.launch.py
[1.291s] -- Up-to-date: /home/gfave/maze_ws/install/mazesim/share/mazesim//maps
[1.291s] -- Up-to-date: /home/gfave/maze_ws/install/mazesim/share/mazesim//maps/my_map_1.pgm
[1.291s] -- Installing: /home/gfave/maze_ws/install/mazesim/share/mazesim//maps/my_map_1.png
[1.292s] -- Up-to-date: /home/gfave/maze_ws/install/mazesim/share/mazesim//maps/my_map_1.yaml
[1.292s] -- Up-to-date: /home/gfave/maze_ws/install/mazesim/share/mazesim//worlds
[1.292s] -- Installing: /home/gfave/maze_ws/install/mazesim/share/mazesim//worlds/maze_world.world
[1.292s] -- Up-to-date: /home/gfave/maze_ws/install/mazesim/share/mazesim//models
[1.292s] -- Installing: /home/gfave/maze_ws/install/mazesim/share/mazesim//models/map_floor
[1.292s] -- Installing: /home/gfave/maze_ws/install/mazesim/share/mazesim//models/map_floor/model.sdf
[1.292s] -- Installing: /home/gfave/maze_ws/install/mazesim/share/mazesim//models/map_floor/materials
[1.292s] -- Installing: /home/gfave/maze_ws/install/mazesim/share/mazesim//models/map_floor/materials/scripts
[1.292s] -- Installing: /home/gfave/maze_ws/install/mazesim/share/mazesim//models/map_floor/materials/scripts/map_floor.material
[1.292s] -- Installing: /home/gfave/maze_ws/install/mazesim/share/mazesim//models/map_floor/materials/textures
[1.293s] -- Installing: /home/gfave/maze_ws/install/mazesim/share/mazesim//models/map_floor/materials/textures/my_map_1.png
[1.293s] -- Installing: /home/gfave/maze_ws/install/mazesim/share/mazesim//models/map_floor/model.config
[1.293s] -- Installing: /home/gfave/maze_ws/install/mazesim/share/mazesim//models/maze_walls
[1.293s] -- Installing: /home/gfave/maze_ws/install/mazesim/share/mazesim//models/maze_walls/model.sdf
[1.295s] -- Installing: /home/gfave/maze_ws/install/mazesim/share/mazesim//models/maze_walls/.qodo
[1.295s] -- Installing: /home/gfave/maze_ws/install/mazesim/share/mazesim//models/maze_walls/.qodo/workflows
[1.295s] -- Installing: /home/gfave/maze_ws/install/mazesim/share/mazesim//models/maze_walls/.qodo/agents
[1.295s] -- Installing: /home/gfave/maze_ws/install/mazesim/share/mazesim//models/maze_walls/model.config
[1.295s] -- Up-to-date: /home/gfave/maze_ws/install/mazesim/share/mazesim//rviz
[1.295s] -- Up-to-date: /home/gfave/maze_ws/install/mazesim/share/mazesim//config
[1.295s] -- Up-to-date: /home/gfave/maze_ws/install/mazesim/share/mazesim//config/room_positions.yaml
[1.295s] -- Installing: /home/gfave/maze_ws/install/mazesim/lib/mazesim/generate_walls.py
[1.296s] -- Up-to-date: /home/gfave/maze_ws/install/mazesim/lib/mazesim/test_room_config
[1.296s] -- Up-to-date: /home/gfave/maze_ws/install/mazesim/share/ament_index/resource_index/package_run_dependencies/mazesim
[1.296s] -- Up-to-date: /home/gfave/maze_ws/install/mazesim/share/ament_index/resource_index/parent_prefix_path/mazesim
[1.296s] -- Up-to-date: /home/gfave/maze_ws/install/mazesim/share/mazesim/environment/ament_prefix_path.sh
[1.296s] -- Installing: /home/gfave/maze_ws/install/mazesim/share/mazesim/environment/ament_prefix_path.dsv
[1.296s] -- Up-to-date: /home/gfave/maze_ws/install/mazesim/share/mazesim/environment/path.sh
[1.296s] -- Installing: /home/gfave/maze_ws/install/mazesim/share/mazesim/environment/path.dsv
[1.296s] -- Up-to-date: /home/gfave/maze_ws/install/mazesim/share/mazesim/local_setup.bash
[1.297s] -- Up-to-date: /home/gfave/maze_ws/install/mazesim/share/mazesim/local_setup.sh
[1.297s] -- Up-to-date: /home/gfave/maze_ws/install/mazesim/share/mazesim/local_setup.zsh
[1.297s] -- Installing: /home/gfave/maze_ws/install/mazesim/share/mazesim/local_setup.dsv
[1.297s] -- Installing: /home/gfave/maze_ws/install/mazesim/share/mazesim/package.dsv
[1.297s] -- Up-to-date: /home/gfave/maze_ws/install/mazesim/share/ament_index/resource_index/packages/mazesim
[1.297s] -- Up-to-date: /home/gfave/maze_ws/install/mazesim/share/mazesim/cmake/mazesimConfig.cmake
[1.297s] -- Up-to-date: /home/gfave/maze_ws/install/mazesim/share/mazesim/cmake/mazesimConfig-version.cmake
[1.297s] -- Up-to-date: /home/gfave/maze_ws/install/mazesim/share/mazesim/package.xml
[1.299s] Invoked command in '/home/gfave/maze_ws/build/mazesim' returned '0': CMAKE_PREFIX_PATH=${CMAKE_PREFIX_PATH}:/opt/ros/humble /usr/bin/cmake --install /home/gfave/maze_ws/build/mazesim
