[0.650s] DEBUG:colcon:Command line arguments: ['/usr/bin/colcon', 'build']
[0.651s] DEBUG:colcon:Parsed command line arguments: Namespace(log_base=None, log_level=None, verb_name='build', build_base='build', install_base='install', merge_install=False, symlink_install=False, test_result_base=None, continue_on_error=False, executor='parallel', parallel_workers=8, event_handlers=None, ignore_user_meta=False, metas=['./colcon.meta'], base_paths=['.'], packages_ignore=None, packages_ignore_regex=None, paths=None, packages_up_to=None, packages_up_to_regex=None, packages_above=None, packages_above_and_dependencies=None, packages_above_depth=None, packages_select_by_dep=None, packages_skip_by_dep=None, packages_skip_up_to=None, packages_select_build_failed=False, packages_skip_build_finished=False, packages_select_test_failures=False, packages_skip_test_passed=False, packages_select=None, packages_skip=None, packages_select_regex=None, packages_skip_regex=None, packages_start=None, packages_end=None, allow_overriding=[], cmake_args=None, cmake_target=None, cmake_target_skip_unavailable=False, cmake_clean_cache=False, cmake_clean_first=False, cmake_force_configure=False, ament_cmake_args=None, catkin_cmake_args=None, catkin_skip_building_tests=False, mixin_files=None, mixin=None, verb_parser=<colcon_mixin.mixin.mixin_argument.MixinArgumentDecorator object at 0x759319408fa0>, verb_extension=<colcon_core.verb.build.BuildVerb object at 0x759319565600>, main=<bound method BuildVerb.main of <colcon_core.verb.build.BuildVerb object at 0x759319565600>>, mixin_verb=('build',))
[1.549s] Level 1:colcon.colcon_core.package_discovery:discover_packages(colcon_meta) check parameters
[1.549s] Level 1:colcon.colcon_core.package_discovery:discover_packages(recursive) check parameters
[1.549s] Level 1:colcon.colcon_core.package_discovery:discover_packages(ignore) check parameters
[1.549s] Level 1:colcon.colcon_core.package_discovery:discover_packages(path) check parameters
[1.549s] Level 1:colcon.colcon_core.package_discovery:discover_packages(colcon_meta) discover
[1.549s] Level 1:colcon.colcon_core.package_discovery:discover_packages(recursive) discover
[1.550s] INFO:colcon.colcon_core.package_discovery:Crawling recursively for packages in '/home/gfave/maze_ws'
[1.550s] Level 1:colcon.colcon_core.package_identification:_identify(.) by extensions ['ignore', 'ignore_ament_install']
[1.550s] Level 1:colcon.colcon_core.package_identification:_identify(.) by extension 'ignore'
[1.550s] Level 1:colcon.colcon_core.package_identification:_identify(.) by extension 'ignore_ament_install'
[1.550s] Level 1:colcon.colcon_core.package_identification:_identify(.) by extensions ['colcon_pkg']
[1.550s] Level 1:colcon.colcon_core.package_identification:_identify(.) by extension 'colcon_pkg'
[1.550s] Level 1:colcon.colcon_core.package_identification:_identify(.) by extensions ['colcon_meta']
[1.550s] Level 1:colcon.colcon_core.package_identification:_identify(.) by extension 'colcon_meta'
[1.550s] Level 1:colcon.colcon_core.package_identification:_identify(.) by extensions ['ros']
[1.550s] Level 1:colcon.colcon_core.package_identification:_identify(.) by extension 'ros'
[1.570s] Level 1:colcon.colcon_core.package_identification:_identify(.) by extensions ['cmake', 'python']
[1.570s] Level 1:colcon.colcon_core.package_identification:_identify(.) by extension 'cmake'
[1.570s] Level 1:colcon.colcon_core.package_identification:_identify(.) by extension 'python'
[1.570s] Level 1:colcon.colcon_core.package_identification:_identify(.) by extensions ['python_setup_py']
[1.570s] Level 1:colcon.colcon_core.package_identification:_identify(.) by extension 'python_setup_py'
[1.570s] Level 1:colcon.colcon_core.package_identification:_identify(build) by extensions ['ignore', 'ignore_ament_install']
[1.570s] Level 1:colcon.colcon_core.package_identification:_identify(build) by extension 'ignore'
[1.570s] Level 1:colcon.colcon_core.package_identification:_identify(build) ignored
[1.571s] Level 1:colcon.colcon_core.package_identification:_identify(install) by extensions ['ignore', 'ignore_ament_install']
[1.571s] Level 1:colcon.colcon_core.package_identification:_identify(install) by extension 'ignore'
[1.571s] Level 1:colcon.colcon_core.package_identification:_identify(install) ignored
[1.571s] Level 1:colcon.colcon_core.package_identification:_identify(log) by extensions ['ignore', 'ignore_ament_install']
[1.572s] Level 1:colcon.colcon_core.package_identification:_identify(log) by extension 'ignore'
[1.572s] Level 1:colcon.colcon_core.package_identification:_identify(log) ignored
[1.572s] Level 1:colcon.colcon_core.package_identification:_identify(src) by extensions ['ignore', 'ignore_ament_install']
[1.572s] Level 1:colcon.colcon_core.package_identification:_identify(src) by extension 'ignore'
[1.572s] Level 1:colcon.colcon_core.package_identification:_identify(src) by extension 'ignore_ament_install'
[1.572s] Level 1:colcon.colcon_core.package_identification:_identify(src) by extensions ['colcon_pkg']
[1.572s] Level 1:colcon.colcon_core.package_identification:_identify(src) by extension 'colcon_pkg'
[1.572s] Level 1:colcon.colcon_core.package_identification:_identify(src) by extensions ['colcon_meta']
[1.572s] Level 1:colcon.colcon_core.package_identification:_identify(src) by extension 'colcon_meta'
[1.572s] Level 1:colcon.colcon_core.package_identification:_identify(src) by extensions ['ros']
[1.572s] Level 1:colcon.colcon_core.package_identification:_identify(src) by extension 'ros'
[1.573s] Level 1:colcon.colcon_core.package_identification:_identify(src) by extensions ['cmake', 'python']
[1.573s] Level 1:colcon.colcon_core.package_identification:_identify(src) by extension 'cmake'
[1.573s] Level 1:colcon.colcon_core.package_identification:_identify(src) by extension 'python'
[1.573s] Level 1:colcon.colcon_core.package_identification:_identify(src) by extensions ['python_setup_py']
[1.573s] Level 1:colcon.colcon_core.package_identification:_identify(src) by extension 'python_setup_py'
[1.574s] Level 1:colcon.colcon_core.package_identification:_identify(src/mazesim) by extensions ['ignore', 'ignore_ament_install']
[1.574s] Level 1:colcon.colcon_core.package_identification:_identify(src/mazesim) by extension 'ignore'
[1.574s] Level 1:colcon.colcon_core.package_identification:_identify(src/mazesim) by extension 'ignore_ament_install'
[1.574s] Level 1:colcon.colcon_core.package_identification:_identify(src/mazesim) by extensions ['colcon_pkg']
[1.574s] Level 1:colcon.colcon_core.package_identification:_identify(src/mazesim) by extension 'colcon_pkg'
[1.574s] Level 1:colcon.colcon_core.package_identification:_identify(src/mazesim) by extensions ['colcon_meta']
[1.574s] Level 1:colcon.colcon_core.package_identification:_identify(src/mazesim) by extension 'colcon_meta'
[1.574s] Level 1:colcon.colcon_core.package_identification:_identify(src/mazesim) by extensions ['ros']
[1.574s] Level 1:colcon.colcon_core.package_identification:_identify(src/mazesim) by extension 'ros'
[1.581s] DEBUG:colcon.colcon_core.package_identification:Package 'src/mazesim' with type 'ros.ament_cmake' and name 'mazesim'
[1.582s] Level 1:colcon.colcon_core.package_identification:_identify(test_suite_analysis) by extensions ['ignore', 'ignore_ament_install']
[1.582s] Level 1:colcon.colcon_core.package_identification:_identify(test_suite_analysis) by extension 'ignore'
[1.582s] Level 1:colcon.colcon_core.package_identification:_identify(test_suite_analysis) by extension 'ignore_ament_install'
[1.582s] Level 1:colcon.colcon_core.package_identification:_identify(test_suite_analysis) by extensions ['colcon_pkg']
[1.582s] Level 1:colcon.colcon_core.package_identification:_identify(test_suite_analysis) by extension 'colcon_pkg'
[1.582s] Level 1:colcon.colcon_core.package_identification:_identify(test_suite_analysis) by extensions ['colcon_meta']
[1.582s] Level 1:colcon.colcon_core.package_identification:_identify(test_suite_analysis) by extension 'colcon_meta'
[1.582s] Level 1:colcon.colcon_core.package_identification:_identify(test_suite_analysis) by extensions ['ros']
[1.582s] Level 1:colcon.colcon_core.package_identification:_identify(test_suite_analysis) by extension 'ros'
[1.583s] Level 1:colcon.colcon_core.package_identification:_identify(test_suite_analysis) by extensions ['cmake', 'python']
[1.583s] Level 1:colcon.colcon_core.package_identification:_identify(test_suite_analysis) by extension 'cmake'
[1.583s] Level 1:colcon.colcon_core.package_identification:_identify(test_suite_analysis) by extension 'python'
[1.583s] Level 1:colcon.colcon_core.package_identification:_identify(test_suite_analysis) by extensions ['python_setup_py']
[1.583s] Level 1:colcon.colcon_core.package_identification:_identify(test_suite_analysis) by extension 'python_setup_py'
[1.583s] Level 1:colcon.colcon_core.package_discovery:discover_packages(recursive) using defaults
[1.583s] Level 1:colcon.colcon_core.package_discovery:discover_packages(ignore) discover
[1.583s] Level 1:colcon.colcon_core.package_discovery:discover_packages(ignore) using defaults
[1.583s] Level 1:colcon.colcon_core.package_discovery:discover_packages(path) discover
[1.584s] Level 1:colcon.colcon_core.package_discovery:discover_packages(path) using defaults
[1.646s] Level 1:colcon.colcon_core.package_discovery:discover_packages(prefix_path) check parameters
[1.646s] Level 1:colcon.colcon_core.package_discovery:discover_packages(prefix_path) discover
[1.653s] DEBUG:colcon.colcon_installed_package_information.package_discovery:Found 1 installed packages in /home/gfave/maze_ws/install
[1.658s] DEBUG:colcon.colcon_installed_package_information.package_discovery:Found 407 installed packages in /opt/ros/humble
[1.662s] Level 1:colcon.colcon_core.package_discovery:discover_packages(prefix_path) using defaults
[1.826s] Level 5:colcon.colcon_core.verb:set package 'mazesim' build argument 'cmake_args' from command line to 'None'
[1.826s] Level 5:colcon.colcon_core.verb:set package 'mazesim' build argument 'cmake_target' from command line to 'None'
[1.826s] Level 5:colcon.colcon_core.verb:set package 'mazesim' build argument 'cmake_target_skip_unavailable' from command line to 'False'
[1.826s] Level 5:colcon.colcon_core.verb:set package 'mazesim' build argument 'cmake_clean_cache' from command line to 'False'
[1.826s] Level 5:colcon.colcon_core.verb:set package 'mazesim' build argument 'cmake_clean_first' from command line to 'False'
[1.826s] Level 5:colcon.colcon_core.verb:set package 'mazesim' build argument 'cmake_force_configure' from command line to 'False'
[1.826s] Level 5:colcon.colcon_core.verb:set package 'mazesim' build argument 'ament_cmake_args' from command line to 'None'
[1.826s] Level 5:colcon.colcon_core.verb:set package 'mazesim' build argument 'catkin_cmake_args' from command line to 'None'
[1.826s] Level 5:colcon.colcon_core.verb:set package 'mazesim' build argument 'catkin_skip_building_tests' from command line to 'False'
[1.827s] DEBUG:colcon.colcon_core.verb:Building package 'mazesim' with the following arguments: {'ament_cmake_args': None, 'build_base': '/home/gfave/maze_ws/build/mazesim', 'catkin_cmake_args': None, 'catkin_skip_building_tests': False, 'cmake_args': None, 'cmake_clean_cache': False, 'cmake_clean_first': False, 'cmake_force_configure': False, 'cmake_target': None, 'cmake_target_skip_unavailable': False, 'install_base': '/home/gfave/maze_ws/install/mazesim', 'merge_install': False, 'path': '/home/gfave/maze_ws/src/mazesim', 'symlink_install': False, 'test_result_base': None}
[1.827s] INFO:colcon.colcon_core.executor:Executing jobs using 'parallel' executor
[1.829s] DEBUG:colcon.colcon_parallel_executor.executor.parallel:run_until_complete
[1.829s] INFO:colcon.colcon_ros.task.ament_cmake.build:Building ROS package in '/home/gfave/maze_ws/src/mazesim' with build type 'ament_cmake'
[1.829s] INFO:colcon.colcon_cmake.task.cmake.build:Building CMake package in '/home/gfave/maze_ws/src/mazesim'
[1.836s] INFO:colcon.colcon_core.plugin_system:Skipping extension 'colcon_core.shell.bat': Not used on non-Windows systems
[1.836s] INFO:colcon.colcon_core.shell:Skip shell extension 'powershell' for command environment: Not usable outside of PowerShell
[1.836s] DEBUG:colcon.colcon_core.shell:Skip shell extension 'dsv' for command environment
[1.851s] DEBUG:colcon.colcon_core.event_handler.log_command:Invoking command in '/home/gfave/maze_ws/build/mazesim': CMAKE_PREFIX_PATH=${CMAKE_PREFIX_PATH}:/opt/ros/humble /usr/bin/cmake --build /home/gfave/maze_ws/build/mazesim -- -j8 -l8
[19.807s] DEBUG:colcon.colcon_core.event_handler.log_command:Invoked command in '/home/gfave/maze_ws/build/mazesim' returned '0': CMAKE_PREFIX_PATH=${CMAKE_PREFIX_PATH}:/opt/ros/humble /usr/bin/cmake --build /home/gfave/maze_ws/build/mazesim -- -j8 -l8
[19.858s] DEBUG:colcon.colcon_core.event_handler.log_command:Invoking command in '/home/gfave/maze_ws/build/mazesim': CMAKE_PREFIX_PATH=${CMAKE_PREFIX_PATH}:/opt/ros/humble /usr/bin/cmake --install /home/gfave/maze_ws/build/mazesim
[19.911s] Level 1:colcon.colcon_core.environment:create_environment_scripts_only(mazesim)
[19.912s] DEBUG:colcon.colcon_core.event_handler.log_command:Invoked command in '/home/gfave/maze_ws/build/mazesim' returned '0': CMAKE_PREFIX_PATH=${CMAKE_PREFIX_PATH}:/opt/ros/humble /usr/bin/cmake --install /home/gfave/maze_ws/build/mazesim
[19.920s] Level 1:colcon.colcon_core.environment:checking '/home/gfave/maze_ws/install/mazesim' for CMake module files
[19.921s] Level 1:colcon.colcon_core.environment:checking '/home/gfave/maze_ws/install/mazesim' for CMake config files
[19.921s] Level 1:colcon.colcon_core.shell:create_environment_hook('mazesim', 'cmake_prefix_path')
[19.921s] INFO:colcon.colcon_core.shell:Creating environment hook '/home/gfave/maze_ws/install/mazesim/share/mazesim/hook/cmake_prefix_path.ps1'
[19.923s] INFO:colcon.colcon_core.shell:Creating environment descriptor '/home/gfave/maze_ws/install/mazesim/share/mazesim/hook/cmake_prefix_path.dsv'
[19.924s] INFO:colcon.colcon_core.shell:Creating environment hook '/home/gfave/maze_ws/install/mazesim/share/mazesim/hook/cmake_prefix_path.sh'
[19.925s] Level 1:colcon.colcon_core.environment:checking '/home/gfave/maze_ws/install/mazesim/lib'
[19.925s] Level 1:colcon.colcon_core.environment:checking '/home/gfave/maze_ws/install/mazesim/bin'
[19.925s] Level 1:colcon.colcon_core.environment:checking '/home/gfave/maze_ws/install/mazesim/lib/pkgconfig/mazesim.pc'
[19.926s] Level 1:colcon.colcon_core.environment:checking '/home/gfave/maze_ws/install/mazesim/lib/python3.10/site-packages'
[19.926s] Level 1:colcon.colcon_core.environment:checking '/home/gfave/maze_ws/install/mazesim/bin'
[19.926s] INFO:colcon.colcon_core.shell:Creating package script '/home/gfave/maze_ws/install/mazesim/share/mazesim/package.ps1'
[19.927s] INFO:colcon.colcon_core.shell:Creating package descriptor '/home/gfave/maze_ws/install/mazesim/share/mazesim/package.dsv'
[19.928s] INFO:colcon.colcon_core.shell:Creating package script '/home/gfave/maze_ws/install/mazesim/share/mazesim/package.sh'
[19.929s] INFO:colcon.colcon_core.shell:Creating package script '/home/gfave/maze_ws/install/mazesim/share/mazesim/package.bash'
[19.930s] INFO:colcon.colcon_core.shell:Creating package script '/home/gfave/maze_ws/install/mazesim/share/mazesim/package.zsh'
[19.931s] Level 1:colcon.colcon_core.environment:create_file_with_runtime_dependencies(/home/gfave/maze_ws/install/mazesim/share/colcon-core/packages/mazesim)
[19.969s] Level 1:colcon.colcon_core.environment:create_environment_scripts_only(mazesim)
[19.970s] Level 1:colcon.colcon_core.environment:checking '/home/gfave/maze_ws/install/mazesim' for CMake module files
[19.970s] Level 1:colcon.colcon_core.environment:checking '/home/gfave/maze_ws/install/mazesim' for CMake config files
[19.971s] Level 1:colcon.colcon_core.shell:create_environment_hook('mazesim', 'cmake_prefix_path')
[19.971s] INFO:colcon.colcon_core.shell:Creating environment hook '/home/gfave/maze_ws/install/mazesim/share/mazesim/hook/cmake_prefix_path.ps1'
[19.971s] INFO:colcon.colcon_core.shell:Creating environment descriptor '/home/gfave/maze_ws/install/mazesim/share/mazesim/hook/cmake_prefix_path.dsv'
[19.972s] INFO:colcon.colcon_core.shell:Creating environment hook '/home/gfave/maze_ws/install/mazesim/share/mazesim/hook/cmake_prefix_path.sh'
[19.973s] Level 1:colcon.colcon_core.environment:checking '/home/gfave/maze_ws/install/mazesim/lib'
[19.973s] Level 1:colcon.colcon_core.environment:checking '/home/gfave/maze_ws/install/mazesim/bin'
[19.973s] Level 1:colcon.colcon_core.environment:checking '/home/gfave/maze_ws/install/mazesim/lib/pkgconfig/mazesim.pc'
[19.973s] Level 1:colcon.colcon_core.environment:checking '/home/gfave/maze_ws/install/mazesim/lib/python3.10/site-packages'
[19.973s] Level 1:colcon.colcon_core.environment:checking '/home/gfave/maze_ws/install/mazesim/bin'
[19.974s] INFO:colcon.colcon_core.shell:Creating package script '/home/gfave/maze_ws/install/mazesim/share/mazesim/package.ps1'
[19.974s] INFO:colcon.colcon_core.shell:Creating package descriptor '/home/gfave/maze_ws/install/mazesim/share/mazesim/package.dsv'
[19.975s] INFO:colcon.colcon_core.shell:Creating package script '/home/gfave/maze_ws/install/mazesim/share/mazesim/package.sh'
[19.975s] INFO:colcon.colcon_core.shell:Creating package script '/home/gfave/maze_ws/install/mazesim/share/mazesim/package.bash'
[19.976s] INFO:colcon.colcon_core.shell:Creating package script '/home/gfave/maze_ws/install/mazesim/share/mazesim/package.zsh'
[19.977s] Level 1:colcon.colcon_core.environment:create_file_with_runtime_dependencies(/home/gfave/maze_ws/install/mazesim/share/colcon-core/packages/mazesim)
[19.977s] DEBUG:colcon.colcon_parallel_executor.executor.parallel:closing loop
[19.977s] DEBUG:colcon.colcon_parallel_executor.executor.parallel:loop closed
[19.977s] DEBUG:colcon.colcon_parallel_executor.executor.parallel:run_until_complete finished with '0'
[19.977s] DEBUG:colcon.colcon_core.event_reactor:joining thread
[19.989s] INFO:colcon.colcon_core.plugin_system:Skipping extension 'colcon_notification.desktop_notification.terminal_notifier': Not used on non-Darwin systems
[19.989s] INFO:colcon.colcon_core.plugin_system:Skipping extension 'colcon_notification.desktop_notification.win32': Not used on non-Windows systems
[19.989s] INFO:colcon.colcon_notification.desktop_notification:Sending desktop notification using 'notify2'
[20.016s] DEBUG:colcon.colcon_core.event_reactor:joined thread
[20.016s] INFO:colcon.colcon_core.shell:Creating prefix script '/home/gfave/maze_ws/install/local_setup.ps1'
[20.019s] INFO:colcon.colcon_core.shell:Creating prefix util module '/home/gfave/maze_ws/install/_local_setup_util_ps1.py'
[20.022s] INFO:colcon.colcon_core.shell:Creating prefix chain script '/home/gfave/maze_ws/install/setup.ps1'
[20.024s] INFO:colcon.colcon_core.shell:Creating prefix script '/home/gfave/maze_ws/install/local_setup.sh'
[20.025s] INFO:colcon.colcon_core.shell:Creating prefix util module '/home/gfave/maze_ws/install/_local_setup_util_sh.py'
[20.026s] INFO:colcon.colcon_core.shell:Creating prefix chain script '/home/gfave/maze_ws/install/setup.sh'
[20.027s] INFO:colcon.colcon_core.shell:Creating prefix script '/home/gfave/maze_ws/install/local_setup.bash'
[20.028s] INFO:colcon.colcon_core.shell:Creating prefix chain script '/home/gfave/maze_ws/install/setup.bash'
[20.030s] INFO:colcon.colcon_core.shell:Creating prefix script '/home/gfave/maze_ws/install/local_setup.zsh'
[20.032s] INFO:colcon.colcon_core.shell:Creating prefix chain script '/home/gfave/maze_ws/install/setup.zsh'
