[0.202s] DEBUG:colcon:Command line arguments: ['/usr/bin/colcon', 'build']
[0.202s] DEBUG:colcon:Parsed command line arguments: Namespace(log_base=None, log_level=None, verb_name='build', build_base='build', install_base='install', merge_install=False, symlink_install=False, test_result_base=None, continue_on_error=False, executor='parallel', parallel_workers=8, event_handlers=None, ignore_user_meta=False, metas=['./colcon.meta'], base_paths=['.'], packages_ignore=None, packages_ignore_regex=None, paths=None, packages_up_to=None, packages_up_to_regex=None, packages_above=None, packages_above_and_dependencies=None, packages_above_depth=None, packages_select_by_dep=None, packages_skip_by_dep=None, packages_skip_up_to=None, packages_select_build_failed=False, packages_skip_build_finished=False, packages_select_test_failures=False, packages_skip_test_passed=False, packages_select=None, packages_skip=None, packages_select_regex=None, packages_skip_regex=None, packages_start=None, packages_end=None, allow_overriding=[], cmake_args=None, cmake_target=None, cmake_target_skip_unavailable=False, cmake_clean_cache=False, cmake_clean_first=False, cmake_force_configure=False, ament_cmake_args=None, catkin_cmake_args=None, catkin_skip_building_tests=False, mixin_files=None, mixin=None, verb_parser=<colcon_mixin.mixin.mixin_argument.MixinArgumentDecorator object at 0x74f262980fd0>, verb_extension=<colcon_core.verb.build.BuildVerb object at 0x74f262a81630>, main=<bound method BuildVerb.main of <colcon_core.verb.build.BuildVerb object at 0x74f262a81630>>, mixin_verb=('build',))
[0.688s] Level 1:colcon.colcon_core.package_discovery:discover_packages(colcon_meta) check parameters
[0.688s] Level 1:colcon.colcon_core.package_discovery:discover_packages(recursive) check parameters
[0.688s] Level 1:colcon.colcon_core.package_discovery:discover_packages(ignore) check parameters
[0.689s] Level 1:colcon.colcon_core.package_discovery:discover_packages(path) check parameters
[0.689s] Level 1:colcon.colcon_core.package_discovery:discover_packages(colcon_meta) discover
[0.689s] Level 1:colcon.colcon_core.package_discovery:discover_packages(recursive) discover
[0.689s] INFO:colcon.colcon_core.package_discovery:Crawling recursively for packages in '/home/gfave/maze_ws'
[0.689s] Level 1:colcon.colcon_core.package_identification:_identify(.) by extensions ['ignore', 'ignore_ament_install']
[0.689s] Level 1:colcon.colcon_core.package_identification:_identify(.) by extension 'ignore'
[0.689s] Level 1:colcon.colcon_core.package_identification:_identify(.) by extension 'ignore_ament_install'
[0.689s] Level 1:colcon.colcon_core.package_identification:_identify(.) by extensions ['colcon_pkg']
[0.689s] Level 1:colcon.colcon_core.package_identification:_identify(.) by extension 'colcon_pkg'
[0.690s] Level 1:colcon.colcon_core.package_identification:_identify(.) by extensions ['colcon_meta']
[0.690s] Level 1:colcon.colcon_core.package_identification:_identify(.) by extension 'colcon_meta'
[0.690s] Level 1:colcon.colcon_core.package_identification:_identify(.) by extensions ['ros']
[0.690s] Level 1:colcon.colcon_core.package_identification:_identify(.) by extension 'ros'
[0.710s] Level 1:colcon.colcon_core.package_identification:_identify(.) by extensions ['cmake', 'python']
[0.710s] Level 1:colcon.colcon_core.package_identification:_identify(.) by extension 'cmake'
[0.710s] Level 1:colcon.colcon_core.package_identification:_identify(.) by extension 'python'
[0.710s] Level 1:colcon.colcon_core.package_identification:_identify(.) by extensions ['python_setup_py']
[0.711s] Level 1:colcon.colcon_core.package_identification:_identify(.) by extension 'python_setup_py'
[0.711s] Level 1:colcon.colcon_core.package_identification:_identify(build) by extensions ['ignore', 'ignore_ament_install']
[0.711s] Level 1:colcon.colcon_core.package_identification:_identify(build) by extension 'ignore'
[0.711s] Level 1:colcon.colcon_core.package_identification:_identify(build) ignored
[0.711s] Level 1:colcon.colcon_core.package_identification:_identify(install) by extensions ['ignore', 'ignore_ament_install']
[0.711s] Level 1:colcon.colcon_core.package_identification:_identify(install) by extension 'ignore'
[0.711s] Level 1:colcon.colcon_core.package_identification:_identify(install) ignored
[0.712s] Level 1:colcon.colcon_core.package_identification:_identify(log) by extensions ['ignore', 'ignore_ament_install']
[0.712s] Level 1:colcon.colcon_core.package_identification:_identify(log) by extension 'ignore'
[0.712s] Level 1:colcon.colcon_core.package_identification:_identify(log) ignored
[0.712s] Level 1:colcon.colcon_core.package_identification:_identify(src) by extensions ['ignore', 'ignore_ament_install']
[0.712s] Level 1:colcon.colcon_core.package_identification:_identify(src) by extension 'ignore'
[0.712s] Level 1:colcon.colcon_core.package_identification:_identify(src) by extension 'ignore_ament_install'
[0.713s] Level 1:colcon.colcon_core.package_identification:_identify(src) by extensions ['colcon_pkg']
[0.713s] Level 1:colcon.colcon_core.package_identification:_identify(src) by extension 'colcon_pkg'
[0.713s] Level 1:colcon.colcon_core.package_identification:_identify(src) by extensions ['colcon_meta']
[0.713s] Level 1:colcon.colcon_core.package_identification:_identify(src) by extension 'colcon_meta'
[0.713s] Level 1:colcon.colcon_core.package_identification:_identify(src) by extensions ['ros']
[0.713s] Level 1:colcon.colcon_core.package_identification:_identify(src) by extension 'ros'
[0.713s] Level 1:colcon.colcon_core.package_identification:_identify(src) by extensions ['cmake', 'python']
[0.713s] Level 1:colcon.colcon_core.package_identification:_identify(src) by extension 'cmake'
[0.713s] Level 1:colcon.colcon_core.package_identification:_identify(src) by extension 'python'
[0.713s] Level 1:colcon.colcon_core.package_identification:_identify(src) by extensions ['python_setup_py']
[0.713s] Level 1:colcon.colcon_core.package_identification:_identify(src) by extension 'python_setup_py'
[0.713s] Level 1:colcon.colcon_core.package_identification:_identify(src/mazesim) by extensions ['ignore', 'ignore_ament_install']
[0.714s] Level 1:colcon.colcon_core.package_identification:_identify(src/mazesim) by extension 'ignore'
[0.714s] Level 1:colcon.colcon_core.package_identification:_identify(src/mazesim) by extension 'ignore_ament_install'
[0.714s] Level 1:colcon.colcon_core.package_identification:_identify(src/mazesim) by extensions ['colcon_pkg']
[0.714s] Level 1:colcon.colcon_core.package_identification:_identify(src/mazesim) by extension 'colcon_pkg'
[0.714s] Level 1:colcon.colcon_core.package_identification:_identify(src/mazesim) by extensions ['colcon_meta']
[0.714s] Level 1:colcon.colcon_core.package_identification:_identify(src/mazesim) by extension 'colcon_meta'
[0.714s] Level 1:colcon.colcon_core.package_identification:_identify(src/mazesim) by extensions ['ros']
[0.714s] Level 1:colcon.colcon_core.package_identification:_identify(src/mazesim) by extension 'ros'
[0.720s] DEBUG:colcon.colcon_core.package_identification:Package 'src/mazesim' with type 'ros.ament_cmake' and name 'mazesim'
[0.720s] Level 1:colcon.colcon_core.package_identification:_identify(test_suite_analysis) by extensions ['ignore', 'ignore_ament_install']
[0.720s] Level 1:colcon.colcon_core.package_identification:_identify(test_suite_analysis) by extension 'ignore'
[0.720s] Level 1:colcon.colcon_core.package_identification:_identify(test_suite_analysis) by extension 'ignore_ament_install'
[0.721s] Level 1:colcon.colcon_core.package_identification:_identify(test_suite_analysis) by extensions ['colcon_pkg']
[0.721s] Level 1:colcon.colcon_core.package_identification:_identify(test_suite_analysis) by extension 'colcon_pkg'
[0.721s] Level 1:colcon.colcon_core.package_identification:_identify(test_suite_analysis) by extensions ['colcon_meta']
[0.721s] Level 1:colcon.colcon_core.package_identification:_identify(test_suite_analysis) by extension 'colcon_meta'
[0.721s] Level 1:colcon.colcon_core.package_identification:_identify(test_suite_analysis) by extensions ['ros']
[0.721s] Level 1:colcon.colcon_core.package_identification:_identify(test_suite_analysis) by extension 'ros'
[0.721s] Level 1:colcon.colcon_core.package_identification:_identify(test_suite_analysis) by extensions ['cmake', 'python']
[0.721s] Level 1:colcon.colcon_core.package_identification:_identify(test_suite_analysis) by extension 'cmake'
[0.721s] Level 1:colcon.colcon_core.package_identification:_identify(test_suite_analysis) by extension 'python'
[0.721s] Level 1:colcon.colcon_core.package_identification:_identify(test_suite_analysis) by extensions ['python_setup_py']
[0.721s] Level 1:colcon.colcon_core.package_identification:_identify(test_suite_analysis) by extension 'python_setup_py'
[0.721s] Level 1:colcon.colcon_core.package_discovery:discover_packages(recursive) using defaults
[0.721s] Level 1:colcon.colcon_core.package_discovery:discover_packages(ignore) discover
[0.721s] Level 1:colcon.colcon_core.package_discovery:discover_packages(ignore) using defaults
[0.722s] Level 1:colcon.colcon_core.package_discovery:discover_packages(path) discover
[0.722s] Level 1:colcon.colcon_core.package_discovery:discover_packages(path) using defaults
[0.770s] Level 1:colcon.colcon_core.package_discovery:discover_packages(prefix_path) check parameters
[0.770s] Level 1:colcon.colcon_core.package_discovery:discover_packages(prefix_path) discover
[0.773s] DEBUG:colcon.colcon_installed_package_information.package_discovery:Found 1 installed packages in /home/gfave/maze_ws/install
[0.776s] DEBUG:colcon.colcon_installed_package_information.package_discovery:Found 407 installed packages in /opt/ros/humble
[0.780s] Level 1:colcon.colcon_core.package_discovery:discover_packages(prefix_path) using defaults
[0.864s] Level 5:colcon.colcon_core.verb:set package 'mazesim' build argument 'cmake_args' from command line to 'None'
[0.865s] Level 5:colcon.colcon_core.verb:set package 'mazesim' build argument 'cmake_target' from command line to 'None'
[0.865s] Level 5:colcon.colcon_core.verb:set package 'mazesim' build argument 'cmake_target_skip_unavailable' from command line to 'False'
[0.865s] Level 5:colcon.colcon_core.verb:set package 'mazesim' build argument 'cmake_clean_cache' from command line to 'False'
[0.865s] Level 5:colcon.colcon_core.verb:set package 'mazesim' build argument 'cmake_clean_first' from command line to 'False'
[0.865s] Level 5:colcon.colcon_core.verb:set package 'mazesim' build argument 'cmake_force_configure' from command line to 'False'
[0.865s] Level 5:colcon.colcon_core.verb:set package 'mazesim' build argument 'ament_cmake_args' from command line to 'None'
[0.865s] Level 5:colcon.colcon_core.verb:set package 'mazesim' build argument 'catkin_cmake_args' from command line to 'None'
[0.865s] Level 5:colcon.colcon_core.verb:set package 'mazesim' build argument 'catkin_skip_building_tests' from command line to 'False'
[0.865s] DEBUG:colcon.colcon_core.verb:Building package 'mazesim' with the following arguments: {'ament_cmake_args': None, 'build_base': '/home/gfave/maze_ws/build/mazesim', 'catkin_cmake_args': None, 'catkin_skip_building_tests': False, 'cmake_args': None, 'cmake_clean_cache': False, 'cmake_clean_first': False, 'cmake_force_configure': False, 'cmake_target': None, 'cmake_target_skip_unavailable': False, 'install_base': '/home/gfave/maze_ws/install/mazesim', 'merge_install': False, 'path': '/home/gfave/maze_ws/src/mazesim', 'symlink_install': False, 'test_result_base': None}
[0.865s] INFO:colcon.colcon_core.executor:Executing jobs using 'parallel' executor
[0.867s] DEBUG:colcon.colcon_parallel_executor.executor.parallel:run_until_complete
[0.867s] INFO:colcon.colcon_ros.task.ament_cmake.build:Building ROS package in '/home/gfave/maze_ws/src/mazesim' with build type 'ament_cmake'
[0.867s] INFO:colcon.colcon_cmake.task.cmake.build:Building CMake package in '/home/gfave/maze_ws/src/mazesim'
[0.870s] INFO:colcon.colcon_core.plugin_system:Skipping extension 'colcon_core.shell.bat': Not used on non-Windows systems
[0.871s] INFO:colcon.colcon_core.shell:Skip shell extension 'powershell' for command environment: Not usable outside of PowerShell
[0.871s] DEBUG:colcon.colcon_core.shell:Skip shell extension 'dsv' for command environment
[0.886s] DEBUG:colcon.colcon_core.event_handler.log_command:Invoking command in '/home/gfave/maze_ws/build/mazesim': CMAKE_PREFIX_PATH=${CMAKE_PREFIX_PATH}:/opt/ros/humble /usr/bin/cmake --build /home/gfave/maze_ws/build/mazesim -- -j8 -l8
[23.816s] DEBUG:colcon.colcon_core.event_handler.log_command:Invoked command in '/home/gfave/maze_ws/build/mazesim' returned '0': CMAKE_PREFIX_PATH=${CMAKE_PREFIX_PATH}:/opt/ros/humble /usr/bin/cmake --build /home/gfave/maze_ws/build/mazesim -- -j8 -l8
[23.853s] DEBUG:colcon.colcon_core.event_handler.log_command:Invoking command in '/home/gfave/maze_ws/build/mazesim': CMAKE_PREFIX_PATH=${CMAKE_PREFIX_PATH}:/opt/ros/humble /usr/bin/cmake --install /home/gfave/maze_ws/build/mazesim
[23.876s] Level 1:colcon.colcon_core.environment:create_environment_scripts_only(mazesim)
[23.877s] DEBUG:colcon.colcon_core.event_handler.log_command:Invoked command in '/home/gfave/maze_ws/build/mazesim' returned '0': CMAKE_PREFIX_PATH=${CMAKE_PREFIX_PATH}:/opt/ros/humble /usr/bin/cmake --install /home/gfave/maze_ws/build/mazesim
[23.879s] Level 1:colcon.colcon_core.environment:checking '/home/gfave/maze_ws/install/mazesim' for CMake module files
[23.880s] Level 1:colcon.colcon_core.environment:checking '/home/gfave/maze_ws/install/mazesim' for CMake config files
[23.880s] Level 1:colcon.colcon_core.shell:create_environment_hook('mazesim', 'cmake_prefix_path')
[23.880s] INFO:colcon.colcon_core.shell:Creating environment hook '/home/gfave/maze_ws/install/mazesim/share/mazesim/hook/cmake_prefix_path.ps1'
[23.881s] INFO:colcon.colcon_core.shell:Creating environment descriptor '/home/gfave/maze_ws/install/mazesim/share/mazesim/hook/cmake_prefix_path.dsv'
[23.881s] INFO:colcon.colcon_core.shell:Creating environment hook '/home/gfave/maze_ws/install/mazesim/share/mazesim/hook/cmake_prefix_path.sh'
[23.882s] Level 1:colcon.colcon_core.environment:checking '/home/gfave/maze_ws/install/mazesim/lib'
[23.882s] Level 1:colcon.colcon_core.environment:checking '/home/gfave/maze_ws/install/mazesim/bin'
[23.882s] Level 1:colcon.colcon_core.environment:checking '/home/gfave/maze_ws/install/mazesim/lib/pkgconfig/mazesim.pc'
[23.882s] Level 1:colcon.colcon_core.environment:checking '/home/gfave/maze_ws/install/mazesim/lib/python3.10/site-packages'
[23.883s] Level 1:colcon.colcon_core.environment:checking '/home/gfave/maze_ws/install/mazesim/bin'
[23.883s] INFO:colcon.colcon_core.shell:Creating package script '/home/gfave/maze_ws/install/mazesim/share/mazesim/package.ps1'
[23.884s] INFO:colcon.colcon_core.shell:Creating package descriptor '/home/gfave/maze_ws/install/mazesim/share/mazesim/package.dsv'
[23.884s] INFO:colcon.colcon_core.shell:Creating package script '/home/gfave/maze_ws/install/mazesim/share/mazesim/package.sh'
[23.885s] INFO:colcon.colcon_core.shell:Creating package script '/home/gfave/maze_ws/install/mazesim/share/mazesim/package.bash'
[23.885s] INFO:colcon.colcon_core.shell:Creating package script '/home/gfave/maze_ws/install/mazesim/share/mazesim/package.zsh'
[23.886s] Level 1:colcon.colcon_core.environment:create_file_with_runtime_dependencies(/home/gfave/maze_ws/install/mazesim/share/colcon-core/packages/mazesim)
[23.913s] Level 1:colcon.colcon_core.environment:create_environment_scripts_only(mazesim)
[23.913s] Level 1:colcon.colcon_core.environment:checking '/home/gfave/maze_ws/install/mazesim' for CMake module files
[23.914s] Level 1:colcon.colcon_core.environment:checking '/home/gfave/maze_ws/install/mazesim' for CMake config files
[23.914s] Level 1:colcon.colcon_core.shell:create_environment_hook('mazesim', 'cmake_prefix_path')
[23.914s] INFO:colcon.colcon_core.shell:Creating environment hook '/home/gfave/maze_ws/install/mazesim/share/mazesim/hook/cmake_prefix_path.ps1'
[23.915s] INFO:colcon.colcon_core.shell:Creating environment descriptor '/home/gfave/maze_ws/install/mazesim/share/mazesim/hook/cmake_prefix_path.dsv'
[23.915s] INFO:colcon.colcon_core.shell:Creating environment hook '/home/gfave/maze_ws/install/mazesim/share/mazesim/hook/cmake_prefix_path.sh'
[23.915s] Level 1:colcon.colcon_core.environment:checking '/home/gfave/maze_ws/install/mazesim/lib'
[23.916s] Level 1:colcon.colcon_core.environment:checking '/home/gfave/maze_ws/install/mazesim/bin'
[23.916s] Level 1:colcon.colcon_core.environment:checking '/home/gfave/maze_ws/install/mazesim/lib/pkgconfig/mazesim.pc'
[23.916s] Level 1:colcon.colcon_core.environment:checking '/home/gfave/maze_ws/install/mazesim/lib/python3.10/site-packages'
[23.916s] Level 1:colcon.colcon_core.environment:checking '/home/gfave/maze_ws/install/mazesim/bin'
[23.916s] INFO:colcon.colcon_core.shell:Creating package script '/home/gfave/maze_ws/install/mazesim/share/mazesim/package.ps1'
[23.917s] INFO:colcon.colcon_core.shell:Creating package descriptor '/home/gfave/maze_ws/install/mazesim/share/mazesim/package.dsv'
[23.917s] INFO:colcon.colcon_core.shell:Creating package script '/home/gfave/maze_ws/install/mazesim/share/mazesim/package.sh'
[23.917s] INFO:colcon.colcon_core.shell:Creating package script '/home/gfave/maze_ws/install/mazesim/share/mazesim/package.bash'
[23.918s] INFO:colcon.colcon_core.shell:Creating package script '/home/gfave/maze_ws/install/mazesim/share/mazesim/package.zsh'
[23.918s] Level 1:colcon.colcon_core.environment:create_file_with_runtime_dependencies(/home/gfave/maze_ws/install/mazesim/share/colcon-core/packages/mazesim)
[23.918s] DEBUG:colcon.colcon_parallel_executor.executor.parallel:closing loop
[23.919s] DEBUG:colcon.colcon_parallel_executor.executor.parallel:loop closed
[23.919s] DEBUG:colcon.colcon_parallel_executor.executor.parallel:run_until_complete finished with '0'
[23.919s] DEBUG:colcon.colcon_core.event_reactor:joining thread
[23.924s] INFO:colcon.colcon_core.plugin_system:Skipping extension 'colcon_notification.desktop_notification.terminal_notifier': Not used on non-Darwin systems
[23.924s] INFO:colcon.colcon_core.plugin_system:Skipping extension 'colcon_notification.desktop_notification.win32': Not used on non-Windows systems
[23.924s] INFO:colcon.colcon_notification.desktop_notification:Sending desktop notification using 'notify2'
[23.936s] DEBUG:colcon.colcon_core.event_reactor:joined thread
[23.936s] INFO:colcon.colcon_core.shell:Creating prefix script '/home/gfave/maze_ws/install/local_setup.ps1'
[23.938s] INFO:colcon.colcon_core.shell:Creating prefix util module '/home/gfave/maze_ws/install/_local_setup_util_ps1.py'
[23.940s] INFO:colcon.colcon_core.shell:Creating prefix chain script '/home/gfave/maze_ws/install/setup.ps1'
[23.942s] INFO:colcon.colcon_core.shell:Creating prefix script '/home/gfave/maze_ws/install/local_setup.sh'
[23.942s] INFO:colcon.colcon_core.shell:Creating prefix util module '/home/gfave/maze_ws/install/_local_setup_util_sh.py'
[23.943s] INFO:colcon.colcon_core.shell:Creating prefix chain script '/home/gfave/maze_ws/install/setup.sh'
[23.944s] INFO:colcon.colcon_core.shell:Creating prefix script '/home/gfave/maze_ws/install/local_setup.bash'
[23.944s] INFO:colcon.colcon_core.shell:Creating prefix chain script '/home/gfave/maze_ws/install/setup.bash'
[23.945s] INFO:colcon.colcon_core.shell:Creating prefix script '/home/gfave/maze_ws/install/local_setup.zsh'
[23.946s] INFO:colcon.colcon_core.shell:Creating prefix chain script '/home/gfave/maze_ws/install/setup.zsh'
