[0.035s] Invoking command in '/home/gfave/maze_ws/build/mazesim': CMAKE_PREFIX_PATH=${CMAKE_PREFIX_PATH}:/opt/ros/humble /usr/bin/cmake --build /home/gfave/maze_ws/build/mazesim -- -j8 -l8
[0.202s] [ 50%] Built target verify_positions
[0.207s] [100%] Built target robot_controller
[0.247s] Invoked command in '/home/gfave/maze_ws/build/mazesim' returned '0': CMAKE_PREFIX_PATH=${CMAKE_PREFIX_PATH}:/opt/ros/humble /usr/bin/cmake --build /home/gfave/maze_ws/build/mazesim -- -j8 -l8
[0.364s] Invoking command in '/home/gfave/maze_ws/build/mazesim': CMAKE_PREFIX_PATH=${CMAKE_PREFIX_PATH}:/opt/ros/humble /usr/bin/cmake --install /home/gfave/maze_ws/build/mazesim
[0.389s] -- Install configuration: ""
[0.391s] -- Up-to-date: /home/gfave/maze_ws/install/mazesim/lib/mazesim/robot_controller
[0.391s] -- Up-to-date: /home/gfave/maze_ws/install/mazesim/share/mazesim//launch
[0.392s] -- Up-to-date: /home/gfave/maze_ws/install/mazesim/share/mazesim//launch/complete_simulation.launch.py
[0.393s] -- Installing: /home/gfave/maze_ws/install/mazesim/share/mazesim//launch/complete_simulation_fixed.launch.py
[0.395s] -- Up-to-date: /home/gfave/maze_ws/install/mazesim/share/mazesim//launch/spawn_robots.launch.py
[0.395s] -- Up-to-date: /home/gfave/maze_ws/install/mazesim/share/mazesim//launch/gazebo.launch.py
[0.396s] -- Up-to-date: /home/gfave/maze_ws/install/mazesim/share/mazesim//maps
[0.396s] -- Up-to-date: /home/gfave/maze_ws/install/mazesim/share/mazesim//maps/my_map_1.pgm
[0.396s] -- Up-to-date: /home/gfave/maze_ws/install/mazesim/share/mazesim//maps/my_map_1.png
[0.396s] -- Up-to-date: /home/gfave/maze_ws/install/mazesim/share/mazesim//maps/my_map_1.yaml
[0.396s] -- Up-to-date: /home/gfave/maze_ws/install/mazesim/share/mazesim//worlds
[0.397s] -- Up-to-date: /home/gfave/maze_ws/install/mazesim/share/mazesim//worlds/maze_world.world
[0.397s] -- Up-to-date: /home/gfave/maze_ws/install/mazesim/share/mazesim//models
[0.397s] -- Up-to-date: /home/gfave/maze_ws/install/mazesim/share/mazesim//models/maze_map
[0.397s] -- Up-to-date: /home/gfave/maze_ws/install/mazesim/share/mazesim//models/maze_map/model.sdf
[0.397s] -- Up-to-date: /home/gfave/maze_ws/install/mazesim/share/mazesim//models/maze_map/model.config
[0.398s] -- Up-to-date: /home/gfave/maze_ws/install/mazesim/share/mazesim//rviz
[0.398s] -- Up-to-date: /home/gfave/maze_ws/install/mazesim/share/mazesim//config
[0.398s] -- Up-to-date: /home/gfave/maze_ws/install/mazesim/share/mazesim//config/room_positions.yaml
[0.398s] -- Up-to-date: /home/gfave/maze_ws/install/mazesim/share/mazesim//urdf
[0.398s] -- Up-to-date: /home/gfave/maze_ws/install/mazesim/share/mazesim//urdf/turtlebot3_burger_fixed.urdf
[0.399s] -- Up-to-date: /home/gfave/maze_ws/install/mazesim/lib/mazesim/generate_walls.py
[0.399s] -- Up-to-date: /home/gfave/maze_ws/install/mazesim/lib/mazesim/verify_positions
[0.399s] -- Up-to-date: /home/gfave/maze_ws/install/mazesim/share/ament_index/resource_index/package_run_dependencies/mazesim
[0.399s] -- Up-to-date: /home/gfave/maze_ws/install/mazesim/share/ament_index/resource_index/parent_prefix_path/mazesim
[0.399s] -- Up-to-date: /home/gfave/maze_ws/install/mazesim/share/mazesim/environment/ament_prefix_path.sh
[0.399s] -- Up-to-date: /home/gfave/maze_ws/install/mazesim/share/mazesim/environment/ament_prefix_path.dsv
[0.399s] -- Up-to-date: /home/gfave/maze_ws/install/mazesim/share/mazesim/environment/path.sh
[0.400s] -- Up-to-date: /home/gfave/maze_ws/install/mazesim/share/mazesim/environment/path.dsv
[0.400s] -- Up-to-date: /home/gfave/maze_ws/install/mazesim/share/mazesim/local_setup.bash
[0.401s] -- Up-to-date: /home/gfave/maze_ws/install/mazesim/share/mazesim/local_setup.sh
[0.402s] -- Up-to-date: /home/gfave/maze_ws/install/mazesim/share/mazesim/local_setup.zsh
[0.403s] -- Up-to-date: /home/gfave/maze_ws/install/mazesim/share/mazesim/local_setup.dsv
[0.404s] -- Installing: /home/gfave/maze_ws/install/mazesim/share/mazesim/package.dsv
[0.404s] -- Up-to-date: /home/gfave/maze_ws/install/mazesim/share/ament_index/resource_index/packages/mazesim
[0.404s] -- Up-to-date: /home/gfave/maze_ws/install/mazesim/share/mazesim/cmake/mazesimConfig.cmake
[0.406s] -- Up-to-date: /home/gfave/maze_ws/install/mazesim/share/mazesim/cmake/mazesimConfig-version.cmake
[0.409s] -- Up-to-date: /home/gfave/maze_ws/install/mazesim/share/mazesim/package.xml
[0.411s] Invoked command in '/home/gfave/maze_ws/build/mazesim' returned '0': CMAKE_PREFIX_PATH=${CMAKE_PREFIX_PATH}:/opt/ros/humble /usr/bin/cmake --install /home/gfave/maze_ws/build/mazesim
