[0.015s] Invoking command in '/home/gfave/maze_ws/build/mazesim': CMAKE_PREFIX_PATH=${CMAKE_PREFIX_PATH}:/opt/ros/humble /usr/bin/cmake --build /home/gfave/maze_ws/build/mazesim -- -j8 -l8
[0.042s] -- Found ament_cmake: 1.3.10 (/opt/ros/humble/share/ament_cmake/cmake)
[0.208s] -- Found rclcpp: 16.0.10 (/opt/ros/humble/share/rclcpp/cmake)
[0.260s] -- Found rosidl_generator_c: 3.1.5 (/opt/ros/humble/share/rosidl_generator_c/cmake)
[0.264s] -- Found rosidl_adapter: 3.1.5 (/opt/ros/humble/share/rosidl_adapter/cmake)
[0.272s] -- Found rosidl_generator_cpp: 3.1.5 (/opt/ros/humble/share/rosidl_generator_cpp/cmake)
[0.287s] -- Using all available rosidl_typesupport_c: rosidl_typesupport_fastrtps_c;rosidl_typesupport_introspection_c
[0.305s] -- Using all available rosidl_typesupport_cpp: rosidl_typesupport_fastrtps_cpp;rosidl_typesupport_introspection_cpp
[0.369s] -- Found rmw_implementation_cmake: 6.1.2 (/opt/ros/humble/share/rmw_implementation_cmake/cmake)
[0.370s] -- Found rmw_fastrtps_cpp: 6.2.7 (/opt/ros/humble/share/rmw_fastrtps_cpp/cmake)
[0.496s] -- Using RMW implementation 'rmw_fastrtps_cpp' as default
[0.561s] -- Found geometry_msgs: 4.2.4 (/opt/ros/humble/share/geometry_msgs/cmake)
[0.576s] -- Found nav_msgs: 4.2.4 (/opt/ros/humble/share/nav_msgs/cmake)
[0.598s] -- Found tf2_ros: 0.25.7 (/opt/ros/humble/share/tf2_ros/cmake)
[0.703s] -- Found example_interfaces: 0.9.3 (/opt/ros/humble/share/example_interfaces/cmake)
[0.725s] -- Found ament_lint_auto: 0.12.11 (/opt/ros/humble/share/ament_lint_auto/cmake)
[0.818s] -- Added test 'cppcheck' to perform static code analysis on C / C++ code
[0.818s] -- Configured cppcheck include dirs: $<BUILD_INTERFACE:/home/gfave/maze_ws/src/mazesim/include>
[0.818s] -- Configured cppcheck exclude dirs and/or files: 
[0.818s] -- Added test 'flake8' to check Python code syntax and style conventions
[0.819s] -- Added test 'lint_cmake' to check CMake code style
[0.819s] -- Added test 'pep257' to check Python code against some of the docstring style conventions in PEP 257
[0.821s] -- Added test 'uncrustify' to check C / C++ code style
[0.821s] -- Configured uncrustify additional arguments: 
[0.821s] -- Added test 'xmllint' to check XML markup files
[0.822s] -- Configuring done
[0.840s] -- Generating done
[0.843s] -- Build files have been written to: /home/gfave/maze_ws/build/mazesim
[0.875s] [35m[1mConsolidate compiler generated dependencies of target robot_controller[0m
[0.875s] [35m[1mConsolidate compiler generated dependencies of target verify_positions[0m
[0.888s] [100%] Built target robot_controller
[0.888s] [100%] Built target verify_positions
[0.902s] Invoked command in '/home/gfave/maze_ws/build/mazesim' returned '0': CMAKE_PREFIX_PATH=${CMAKE_PREFIX_PATH}:/opt/ros/humble /usr/bin/cmake --build /home/gfave/maze_ws/build/mazesim -- -j8 -l8
[0.942s] Invoking command in '/home/gfave/maze_ws/build/mazesim': CMAKE_PREFIX_PATH=${CMAKE_PREFIX_PATH}:/opt/ros/humble /usr/bin/cmake --install /home/gfave/maze_ws/build/mazesim
[0.951s] -- Install configuration: ""
[0.951s] -- Up-to-date: /home/gfave/maze_ws/install/mazesim/lib/mazesim/robot_controller
[0.952s] -- Up-to-date: /home/gfave/maze_ws/install/mazesim/share/mazesim//launch
[0.952s] -- Up-to-date: /home/gfave/maze_ws/install/mazesim/share/mazesim//launch/gazebo.launch.py
[0.952s] -- Up-to-date: /home/gfave/maze_ws/install/mazesim/share/mazesim//maps
[0.952s] -- Up-to-date: /home/gfave/maze_ws/install/mazesim/share/mazesim//maps/my_map_1.pgm
[0.952s] -- Up-to-date: /home/gfave/maze_ws/install/mazesim/share/mazesim//maps/my_map_1.png
[0.952s] -- Up-to-date: /home/gfave/maze_ws/install/mazesim/share/mazesim//maps/my_map_1.yaml
[0.952s] -- Up-to-date: /home/gfave/maze_ws/install/mazesim/share/mazesim//worlds
[0.952s] -- Up-to-date: /home/gfave/maze_ws/install/mazesim/share/mazesim//worlds/maze_world.world
[0.952s] -- Up-to-date: /home/gfave/maze_ws/install/mazesim/share/mazesim//models
[0.953s] -- Up-to-date: /home/gfave/maze_ws/install/mazesim/share/mazesim//rviz
[0.953s] -- Up-to-date: /home/gfave/maze_ws/install/mazesim/share/mazesim//config
[0.953s] -- Installing: /home/gfave/maze_ws/install/mazesim/share/mazesim//config/room_positions.yaml
[0.953s] -- Up-to-date: /home/gfave/maze_ws/install/mazesim/lib/mazesim/generate_walls.py
[0.953s] -- Installing: /home/gfave/maze_ws/install/mazesim/lib/mazesim/verify_positions
[0.953s] -- Set runtime path of "/home/gfave/maze_ws/install/mazesim/lib/mazesim/verify_positions" to ""
[0.953s] -- Up-to-date: /home/gfave/maze_ws/install/mazesim/share/ament_index/resource_index/package_run_dependencies/mazesim
[0.953s] -- Up-to-date: /home/gfave/maze_ws/install/mazesim/share/ament_index/resource_index/parent_prefix_path/mazesim
[0.953s] -- Up-to-date: /home/gfave/maze_ws/install/mazesim/share/mazesim/environment/ament_prefix_path.sh
[0.953s] -- Installing: /home/gfave/maze_ws/install/mazesim/share/mazesim/environment/ament_prefix_path.dsv
[0.953s] -- Up-to-date: /home/gfave/maze_ws/install/mazesim/share/mazesim/environment/path.sh
[0.953s] -- Installing: /home/gfave/maze_ws/install/mazesim/share/mazesim/environment/path.dsv
[0.954s] -- Up-to-date: /home/gfave/maze_ws/install/mazesim/share/mazesim/local_setup.bash
[0.954s] -- Up-to-date: /home/gfave/maze_ws/install/mazesim/share/mazesim/local_setup.sh
[0.954s] -- Up-to-date: /home/gfave/maze_ws/install/mazesim/share/mazesim/local_setup.zsh
[0.954s] -- Installing: /home/gfave/maze_ws/install/mazesim/share/mazesim/local_setup.dsv
[0.954s] -- Installing: /home/gfave/maze_ws/install/mazesim/share/mazesim/package.dsv
[0.954s] -- Up-to-date: /home/gfave/maze_ws/install/mazesim/share/ament_index/resource_index/packages/mazesim
[0.954s] -- Up-to-date: /home/gfave/maze_ws/install/mazesim/share/mazesim/cmake/mazesimConfig.cmake
[0.954s] -- Up-to-date: /home/gfave/maze_ws/install/mazesim/share/mazesim/cmake/mazesimConfig-version.cmake
[0.954s] -- Up-to-date: /home/gfave/maze_ws/install/mazesim/share/mazesim/package.xml
[0.956s] Invoked command in '/home/gfave/maze_ws/build/mazesim' returned '0': CMAKE_PREFIX_PATH=${CMAKE_PREFIX_PATH}:/opt/ros/humble /usr/bin/cmake --install /home/gfave/maze_ws/build/mazesim
