[0.024s] Invoking command in '/home/usuario/maze_ws/build/real_maze_robots': CMAKE_PREFIX_PATH=/opt/ros/humble /usr/bin/cmake /home/usuario/maze_ws/src/real_maze_robots -DCMAKE_INSTALL_PREFIX=/home/usuario/maze_ws/install/real_maze_robots
[0.058s] -- Found ament_cmake: 1.3.12 (/opt/ros/humble/share/ament_cmake/cmake)
[0.183s] -- Found Python3: /usr/bin/python3 (found version "3.10.12") found components: Interpreter 
[0.301s] -- Found rclcpp: 16.0.15 (/opt/ros/humble/share/rclcpp/cmake)
[0.356s] -- Found rosidl_generator_c: 3.1.7 (/opt/ros/humble/share/rosidl_generator_c/cmake)
[0.363s] -- Found rosidl_adapter: 3.1.7 (/opt/ros/humble/share/rosidl_adapter/cmake)
[0.374s] -- Found rosidl_generator_cpp: 3.1.7 (/opt/ros/humble/share/rosidl_generator_cpp/cmake)
[0.389s] -- Using all available rosidl_typesupport_c: rosidl_typesupport_fastrtps_c;rosidl_typesupport_introspection_c
[0.408s] -- Using all available rosidl_typesupport_cpp: rosidl_typesupport_fastrtps_cpp;rosidl_typesupport_introspection_cpp
[0.459s] -- Found rmw_implementation_cmake: 6.1.2 (/opt/ros/humble/share/rmw_implementation_cmake/cmake)
[0.463s] -- Found rmw_fastrtps_cpp: 6.2.9 (/opt/ros/humble/share/rmw_fastrtps_cpp/cmake)
[0.564s] -- Found OpenSSL: /usr/lib/x86_64-linux-gnu/libcrypto.so (found version "3.0.2")  
[0.597s] -- Found FastRTPS: /opt/ros/humble/include  
[0.646s] -- Using RMW implementation 'rmw_fastrtps_cpp' as default
[0.671s] -- Looking for pthread.h
[0.968s] -- Looking for pthread.h - found
[0.977s] -- Performing Test CMAKE_HAVE_LIBC_PTHREAD
[1.279s] -- Performing Test CMAKE_HAVE_LIBC_PTHREAD - Success
[1.288s] -- Found Threads: TRUE  
[1.350s] -- Found geometry_msgs: 4.9.0 (/opt/ros/humble/share/geometry_msgs/cmake)
[1.367s] -- Found nav_msgs: 4.9.0 (/opt/ros/humble/share/nav_msgs/cmake)
[1.385s] -- Found sensor_msgs: 4.9.0 (/opt/ros/humble/share/sensor_msgs/cmake)
[1.406s] -- Found example_interfaces: 0.9.3 (/opt/ros/humble/share/example_interfaces/cmake)
[1.451s] -- Found tf2: 0.25.16 (/opt/ros/humble/share/tf2/cmake)
[1.470s] -- Found tf2_ros: 0.25.16 (/opt/ros/humble/share/tf2_ros/cmake)
[1.670s] -- Configuring done
[1.687s] -- Generating done
[1.744s] -- Build files have been written to: /home/usuario/maze_ws/build/real_maze_robots
[1.752s] Invoked command in '/home/usuario/maze_ws/build/real_maze_robots' returned '0': CMAKE_PREFIX_PATH=/opt/ros/humble /usr/bin/cmake /home/usuario/maze_ws/src/real_maze_robots -DCMAKE_INSTALL_PREFIX=/home/usuario/maze_ws/install/real_maze_robots
[1.759s] Invoking command in '/home/usuario/maze_ws/build/real_maze_robots': CMAKE_PREFIX_PATH=/opt/ros/humble /usr/bin/cmake --build /home/usuario/maze_ws/build/real_maze_robots -- -j6 -l6
[1.909s] [ 50%] [32mBuilding CXX object CMakeFiles/real_robot_controller.dir/src/real_robot_controller.cpp.o[0m
[13.333s] [100%] [32m[1mLinking CXX executable real_robot_controller[0m
[1085.445s] [100%] Built target real_robot_controller
[1085.457s] Invoked command in '/home/usuario/maze_ws/build/real_maze_robots' returned '0': CMAKE_PREFIX_PATH=/opt/ros/humble /usr/bin/cmake --build /home/usuario/maze_ws/build/real_maze_robots -- -j6 -l6
[1085.479s] Invoking command in '/home/usuario/maze_ws/build/real_maze_robots': CMAKE_PREFIX_PATH=/opt/ros/humble /usr/bin/cmake --install /home/usuario/maze_ws/build/real_maze_robots
[1085.496s] -- Install configuration: ""
[1085.496s] -- Installing: /home/usuario/maze_ws/install/real_maze_robots/lib/real_maze_robots/real_robot_controller
[1085.564s] -- Set runtime path of "/home/usuario/maze_ws/install/real_maze_robots/lib/real_maze_robots/real_robot_controller" to ""
[1085.564s] -- Installing: /home/usuario/maze_ws/install/real_maze_robots/share/real_maze_robots/launch
[1085.564s] -- Installing: /home/usuario/maze_ws/install/real_maze_robots/share/real_maze_robots/launch/command_publisher.launch.py
[1085.572s] -- Installing: /home/usuario/maze_ws/install/real_maze_robots/share/real_maze_robots/launch/single_robot.launch.py
[1085.579s] [31mCMake Error at cmake_install.cmake:70 (file):
[1085.579s]   file INSTALL cannot find
[1085.580s]   "/home/usuario/maze_ws/src/real_maze_robots/config": No such file or
[1085.580s]   directory.
[1085.580s] 
[1085.580s] [0m
[1085.581s] Invoked command in '/home/usuario/maze_ws/build/real_maze_robots' returned '1': CMAKE_PREFIX_PATH=/opt/ros/humble /usr/bin/cmake --install /home/usuario/maze_ws/build/real_maze_robots
