[0.028s] Invoking command in '/home/gfave/maze_ws/build/mazesim': CMAKE_PREFIX_PATH=${CMAKE_PREFIX_PATH}:/opt/ros/humble /usr/bin/cmake --build /home/gfave/maze_ws/build/mazesim -- -j8 -l8
[0.141s] [35m[1mConsolidate compiler generated dependencies of target robot_controller[0m
[0.189s] [ 25%] Built target verify_positions
[0.199s] [ 50%] Built target nav2_command_translator
[0.202s] [ 62%] [32mBuilding CXX object CMakeFiles/robot_controller.dir/src/robot_controller.cpp.o[0m
[0.211s] [ 87%] Built target nav2_command_bridge
[27.545s] [100%] [32m[1mLinking CXX executable robot_controller[0m
[28.374s] [100%] Built target robot_controller
[28.384s] Invoked command in '/home/gfave/maze_ws/build/mazesim' returned '0': CMAKE_PREFIX_PATH=${CMAKE_PREFIX_PATH}:/opt/ros/humble /usr/bin/cmake --build /home/gfave/maze_ws/build/mazesim -- -j8 -l8
[28.419s] Invoking command in '/home/gfave/maze_ws/build/mazesim': CMAKE_PREFIX_PATH=${CMAKE_PREFIX_PATH}:/opt/ros/humble /usr/bin/cmake --install /home/gfave/maze_ws/build/mazesim
[28.426s] -- Install configuration: ""
[28.427s] -- Up-to-date: /home/gfave/maze_ws/install/mazesim/lib/mazesim/nav2_command_translator
[28.427s] -- Installing: /home/gfave/maze_ws/install/mazesim/lib/mazesim/robot_controller
[28.433s] -- Set runtime path of "/home/gfave/maze_ws/install/mazesim/lib/mazesim/robot_controller" to ""
[28.434s] -- Up-to-date: /home/gfave/maze_ws/install/mazesim/lib/mazesim/odom_tf_broadcaster.py
[28.434s] -- Up-to-date: /home/gfave/maze_ws/install/mazesim/lib/mazesim/odom_frame_fixer.py
[28.434s] -- Up-to-date: /home/gfave/maze_ws/install/mazesim/lib/mazesim/laser_frame_remapper.py
[28.434s] -- Up-to-date: /home/gfave/maze_ws/install/mazesim/lib/mazesim/map_loader.py
[28.434s] -- Up-to-date: /home/gfave/maze_ws/install/mazesim/lib/mazesim/nav2_command_bridge
[28.434s] -- Up-to-date: /home/gfave/maze_ws/install/mazesim/share/mazesim//launch
[28.434s] -- Up-to-date: /home/gfave/maze_ws/install/mazesim/share/mazesim//launch/complete_simulation.launch.py
[28.434s] -- Up-to-date: /home/gfave/maze_ws/install/mazesim/share/mazesim//launch/working_sim.launch.py
[28.434s] -- Up-to-date: /home/gfave/maze_ws/install/mazesim/share/mazesim//launch/complete_simulation_fixed.launch.py
[28.435s] -- Up-to-date: /home/gfave/maze_ws/install/mazesim/share/mazesim//launch/complete_simulation_direct.launch.py
[28.435s] -- Up-to-date: /home/gfave/maze_ws/install/mazesim/share/mazesim//launch/spawn_robots.launch.py
[28.435s] -- Up-to-date: /home/gfave/maze_ws/install/mazesim/share/mazesim//launch/complete_simulation_nav2.launch.py
[28.435s] -- Up-to-date: /home/gfave/maze_ws/install/mazesim/share/mazesim//launch/gazebo.launch.py
[28.435s] -- Up-to-date: /home/gfave/maze_ws/install/mazesim/share/mazesim//launch/localization_launch.py
[28.435s] -- Up-to-date: /home/gfave/maze_ws/install/mazesim/share/mazesim//launch/nav2_navigation.launch.py
[28.435s] -- Up-to-date: /home/gfave/maze_ws/install/mazesim/share/mazesim//launch/complete_simulation_with_odom_fix.launch.py
[28.435s] -- Up-to-date: /home/gfave/maze_ws/install/mazesim/share/mazesim//launch/complete_simulation_move.launch.py
[28.435s] -- Up-to-date: /home/gfave/maze_ws/install/mazesim/share/mazesim//maps
[28.435s] -- Up-to-date: /home/gfave/maze_ws/install/mazesim/share/mazesim//maps/my_map_1.pgm
[28.435s] -- Up-to-date: /home/gfave/maze_ws/install/mazesim/share/mazesim//maps/my_map_1.png
[28.435s] -- Up-to-date: /home/gfave/maze_ws/install/mazesim/share/mazesim//maps/my_map_1.yaml
[28.435s] -- Up-to-date: /home/gfave/maze_ws/install/mazesim/share/mazesim//worlds
[28.435s] -- Up-to-date: /home/gfave/maze_ws/install/mazesim/share/mazesim//worlds/maze_world.world
[28.436s] -- Up-to-date: /home/gfave/maze_ws/install/mazesim/share/mazesim//models
[28.436s] -- Up-to-date: /home/gfave/maze_ws/install/mazesim/share/mazesim//models/turtlebot3_burger
[28.436s] -- Up-to-date: /home/gfave/maze_ws/install/mazesim/share/mazesim//models/turtlebot3_burger/model.sdf
[28.436s] -- Up-to-date: /home/gfave/maze_ws/install/mazesim/share/mazesim//models/turtlebot3_burger/model.config
[28.436s] -- Up-to-date: /home/gfave/maze_ws/install/mazesim/share/mazesim//models/turtlebot3_burger/model-1_4.sdf
[28.436s] -- Up-to-date: /home/gfave/maze_ws/install/mazesim/share/mazesim//models/maze_map
[28.436s] -- Up-to-date: /home/gfave/maze_ws/install/mazesim/share/mazesim//models/maze_map/model.sdf
[28.436s] -- Up-to-date: /home/gfave/maze_ws/install/mazesim/share/mazesim//models/maze_map/model.config
[28.436s] -- Up-to-date: /home/gfave/maze_ws/install/mazesim/share/mazesim//rviz
[28.436s] -- Up-to-date: /home/gfave/maze_ws/install/mazesim/share/mazesim//config
[28.436s] -- Up-to-date: /home/gfave/maze_ws/install/mazesim/share/mazesim//config/nav2_params.yaml
[28.436s] -- Up-to-date: /home/gfave/maze_ws/install/mazesim/share/mazesim//config/nav2_params_robot3.yaml
[28.436s] -- Up-to-date: /home/gfave/maze_ws/install/mazesim/share/mazesim//config/room_positions.yaml
[28.436s] -- Up-to-date: /home/gfave/maze_ws/install/mazesim/share/mazesim//config/nav2_params_robot1.yaml
[28.436s] -- Up-to-date: /home/gfave/maze_ws/install/mazesim/share/mazesim//urdf
[28.437s] -- Up-to-date: /home/gfave/maze_ws/install/mazesim/share/mazesim//urdf/turtlebot3_burger_fixed.urdf
[28.437s] -- Up-to-date: /home/gfave/maze_ws/install/mazesim/lib/mazesim/generate_walls.py
[28.437s] -- Up-to-date: /home/gfave/maze_ws/install/mazesim/lib/mazesim/verify_positions
[28.437s] -- Up-to-date: /home/gfave/maze_ws/install/mazesim/share/ament_index/resource_index/package_run_dependencies/mazesim
[28.437s] -- Up-to-date: /home/gfave/maze_ws/install/mazesim/share/ament_index/resource_index/parent_prefix_path/mazesim
[28.437s] -- Up-to-date: /home/gfave/maze_ws/install/mazesim/share/mazesim/environment/ament_prefix_path.sh
[28.437s] -- Up-to-date: /home/gfave/maze_ws/install/mazesim/share/mazesim/environment/ament_prefix_path.dsv
[28.437s] -- Up-to-date: /home/gfave/maze_ws/install/mazesim/share/mazesim/environment/path.sh
[28.437s] -- Up-to-date: /home/gfave/maze_ws/install/mazesim/share/mazesim/environment/path.dsv
[28.437s] -- Up-to-date: /home/gfave/maze_ws/install/mazesim/share/mazesim/local_setup.bash
[28.437s] -- Up-to-date: /home/gfave/maze_ws/install/mazesim/share/mazesim/local_setup.sh
[28.437s] -- Up-to-date: /home/gfave/maze_ws/install/mazesim/share/mazesim/local_setup.zsh
[28.437s] -- Up-to-date: /home/gfave/maze_ws/install/mazesim/share/mazesim/local_setup.dsv
[28.437s] -- Installing: /home/gfave/maze_ws/install/mazesim/share/mazesim/package.dsv
[28.437s] -- Up-to-date: /home/gfave/maze_ws/install/mazesim/share/ament_index/resource_index/packages/mazesim
[28.438s] -- Up-to-date: /home/gfave/maze_ws/install/mazesim/share/mazesim/cmake/mazesimConfig.cmake
[28.438s] -- Up-to-date: /home/gfave/maze_ws/install/mazesim/share/mazesim/cmake/mazesimConfig-version.cmake
[28.438s] -- Up-to-date: /home/gfave/maze_ws/install/mazesim/share/mazesim/package.xml
[28.438s] Invoked command in '/home/gfave/maze_ws/build/mazesim' returned '0': CMAKE_PREFIX_PATH=${CMAKE_PREFIX_PATH}:/opt/ros/humble /usr/bin/cmake --install /home/gfave/maze_ws/build/mazesim
