[100%] Built target real_robot_controller
-- Install configuration: ""
-- Up-to-date: /home/usuario/maze_ws/install/real_maze_robots/lib/real_maze_robots/real_robot_controller
-- Up-to-date: /home/usuario/maze_ws/install/real_maze_robots/share/real_maze_robots/launch
-- Up-to-date: /home/usuario/maze_ws/install/real_maze_robots/share/real_maze_robots/launch/command_publisher.launch.py
-- Up-to-date: /home/usuario/maze_ws/install/real_maze_robots/share/real_maze_robots/launch/single_robot.launch.py
-- Up-to-date: /home/usuario/maze_ws/install/real_maze_robots/include
-- Up-to-date: /home/usuario/maze_ws/install/real_maze_robots/include/real_maze_robots
-- Up-to-date: /home/usuario/maze_ws/install/real_maze_robots/include/real_maze_robots/room_manager.hpp
-- Up-to-date: /home/usuario/maze_ws/install/real_maze_robots/share/ament_index/resource_index/package_run_dependencies/real_maze_robots
-- Up-to-date: /home/usuario/maze_ws/install/real_maze_robots/share/ament_index/resource_index/parent_prefix_path/real_maze_robots
-- Up-to-date: /home/usuario/maze_ws/install/real_maze_robots/share/real_maze_robots/environment/ament_prefix_path.sh
-- Up-to-date: /home/usuario/maze_ws/install/real_maze_robots/share/real_maze_robots/environment/ament_prefix_path.dsv
-- Up-to-date: /home/usuario/maze_ws/install/real_maze_robots/share/real_maze_robots/environment/path.sh
-- Up-to-date: /home/usuario/maze_ws/install/real_maze_robots/share/real_maze_robots/environment/path.dsv
-- Up-to-date: /home/usuario/maze_ws/install/real_maze_robots/share/real_maze_robots/local_setup.bash
-- Up-to-date: /home/usuario/maze_ws/install/real_maze_robots/share/real_maze_robots/local_setup.sh
-- Up-to-date: /home/usuario/maze_ws/install/real_maze_robots/share/real_maze_robots/local_setup.zsh
-- Up-to-date: /home/usuario/maze_ws/install/real_maze_robots/share/real_maze_robots/local_setup.dsv
-- Installing: /home/usuario/maze_ws/install/real_maze_robots/share/real_maze_robots/package.dsv
-- Up-to-date: /home/usuario/maze_ws/install/real_maze_robots/share/ament_index/resource_index/packages/real_maze_robots
-- Up-to-date: /home/usuario/maze_ws/install/real_maze_robots/share/real_maze_robots/cmake/real_maze_robotsConfig.cmake
-- Up-to-date: /home/usuario/maze_ws/install/real_maze_robots/share/real_maze_robots/cmake/real_maze_robotsConfig-version.cmake
-- Up-to-date: /home/usuario/maze_ws/install/real_maze_robots/share/real_maze_robots/package.xml
