[0.015s] Invoking command in '/home/gfave/maze_ws/build/mazesim': CMAKE_PREFIX_PATH=${CMAKE_PREFIX_PATH}:/opt/ros/humble /usr/bin/cmake --build /home/gfave/maze_ws/build/mazesim -- -j8 -l8
[0.088s] [35m[1mConsolidate compiler generated dependencies of target nav2_command_translator[0m
[0.096s] [ 25%] Built target verify_positions
[0.117s] [ 50%] Built target robot_controller
[0.117s] [ 75%] Built target nav2_command_bridge
[0.120s] [100%] Built target nav2_command_translator
[0.131s] Invoked command in '/home/gfave/maze_ws/build/mazesim' returned '0': CMAKE_PREFIX_PATH=${CMAKE_PREFIX_PATH}:/opt/ros/humble /usr/bin/cmake --build /home/gfave/maze_ws/build/mazesim -- -j8 -l8
[0.174s] Invoking command in '/home/gfave/maze_ws/build/mazesim': CMAKE_PREFIX_PATH=${CMAKE_PREFIX_PATH}:/opt/ros/humble /usr/bin/cmake --install /home/gfave/maze_ws/build/mazesim
[0.181s] -- Install configuration: ""
[0.183s] -- Execute custom install script
[0.183s] -- Up-to-date symlink: /home/gfave/maze_ws/install/mazesim/lib/mazesim/nav2_command_translator
[0.183s] -- Up-to-date symlink: /home/gfave/maze_ws/install/mazesim/lib/mazesim/robot_controller
[0.184s] -- Up-to-date symlink: /home/gfave/maze_ws/install/mazesim/lib/mazesim/odom_tf_broadcaster.py
[0.184s] -- Up-to-date symlink: /home/gfave/maze_ws/install/mazesim/lib/mazesim/odom_frame_fixer.py
[0.184s] -- Up-to-date symlink: /home/gfave/maze_ws/install/mazesim/lib/mazesim/nav2_command_bridge
[0.186s] -- Up-to-date symlink: /home/gfave/maze_ws/install/mazesim/share/mazesim//launch/complete_simulation.launch.py
[0.187s] -- Up-to-date symlink: /home/gfave/maze_ws/install/mazesim/share/mazesim//launch/complete_simulation_direct.launch.py
[0.187s] -- Up-to-date symlink: /home/gfave/maze_ws/install/mazesim/share/mazesim//launch/complete_simulation_fixed.launch.py
[0.188s] -- Up-to-date symlink: /home/gfave/maze_ws/install/mazesim/share/mazesim//launch/complete_simulation_move.launch.py
[0.188s] -- Up-to-date symlink: /home/gfave/maze_ws/install/mazesim/share/mazesim//launch/complete_simulation_nav2.launch.py
[0.188s] -- Up-to-date symlink: /home/gfave/maze_ws/install/mazesim/share/mazesim//launch/complete_simulation_with_odom_fix.launch.py
[0.188s] -- Up-to-date symlink: /home/gfave/maze_ws/install/mazesim/share/mazesim//launch/gazebo.launch.py
[0.189s] -- Up-to-date symlink: /home/gfave/maze_ws/install/mazesim/share/mazesim//launch/localization_launch.py
[0.190s] -- Up-to-date symlink: /home/gfave/maze_ws/install/mazesim/share/mazesim//launch/nav2_navigation.launch.py
[0.190s] -- Up-to-date symlink: /home/gfave/maze_ws/install/mazesim/share/mazesim//launch/spawn_robots.launch.py
[0.190s] -- Up-to-date symlink: /home/gfave/maze_ws/install/mazesim/share/mazesim//maps/my_map_1.pgm
[0.191s] -- Up-to-date symlink: /home/gfave/maze_ws/install/mazesim/share/mazesim//maps/my_map_1.png
[0.191s] -- Up-to-date symlink: /home/gfave/maze_ws/install/mazesim/share/mazesim//maps/my_map_1.yaml
[0.191s] -- Up-to-date symlink: /home/gfave/maze_ws/install/mazesim/share/mazesim//worlds/maze_world.world
[0.192s] -- Up-to-date symlink: /home/gfave/maze_ws/install/mazesim/share/mazesim//models/maze_map/model.config
[0.192s] -- Up-to-date symlink: /home/gfave/maze_ws/install/mazesim/share/mazesim//models/maze_map/model.sdf
[0.192s] -- Up-to-date symlink: /home/gfave/maze_ws/install/mazesim/share/mazesim//models/turtlebot3_burger/model-1_4.sdf
[0.192s] -- Up-to-date symlink: /home/gfave/maze_ws/install/mazesim/share/mazesim//models/turtlebot3_burger/model.config
[0.193s] -- Up-to-date symlink: /home/gfave/maze_ws/install/mazesim/share/mazesim//models/turtlebot3_burger/model.sdf
[0.193s] -- Up-to-date symlink: /home/gfave/maze_ws/install/mazesim/share/mazesim//config/nav2_params.yaml
[0.194s] -- Up-to-date symlink: /home/gfave/maze_ws/install/mazesim/share/mazesim//config/nav2_params_robot1.yaml
[0.194s] -- Up-to-date symlink: /home/gfave/maze_ws/install/mazesim/share/mazesim//config/nav2_params_robot3.yaml
[0.194s] -- Up-to-date symlink: /home/gfave/maze_ws/install/mazesim/share/mazesim//config/room_positions.yaml
[0.195s] -- Up-to-date symlink: /home/gfave/maze_ws/install/mazesim/share/mazesim//urdf/turtlebot3_burger_fixed.urdf
[0.195s] -- Up-to-date symlink: /home/gfave/maze_ws/install/mazesim/lib/mazesim/generate_walls.py
[0.196s] -- Up-to-date symlink: /home/gfave/maze_ws/install/mazesim/lib/mazesim/verify_positions
[0.196s] -- Up-to-date symlink: /home/gfave/maze_ws/install/mazesim/share/ament_index/resource_index/package_run_dependencies/mazesim
[0.197s] -- Up-to-date symlink: /home/gfave/maze_ws/install/mazesim/share/ament_index/resource_index/parent_prefix_path/mazesim
[0.197s] -- Up-to-date symlink: /home/gfave/maze_ws/install/mazesim/share/mazesim/environment/ament_prefix_path.sh
[0.198s] -- Up-to-date symlink: /home/gfave/maze_ws/install/mazesim/share/mazesim/environment/ament_prefix_path.dsv
[0.198s] -- Up-to-date symlink: /home/gfave/maze_ws/install/mazesim/share/mazesim/environment/path.sh
[0.199s] -- Up-to-date symlink: /home/gfave/maze_ws/install/mazesim/share/mazesim/environment/path.dsv
[0.199s] -- Up-to-date symlink: /home/gfave/maze_ws/install/mazesim/share/mazesim/local_setup.bash
[0.199s] -- Up-to-date symlink: /home/gfave/maze_ws/install/mazesim/share/mazesim/local_setup.sh
[0.200s] -- Up-to-date symlink: /home/gfave/maze_ws/install/mazesim/share/mazesim/local_setup.zsh
[0.200s] -- Up-to-date symlink: /home/gfave/maze_ws/install/mazesim/share/mazesim/local_setup.dsv
[0.200s] -- Symlinking: /home/gfave/maze_ws/install/mazesim/share/mazesim/package.dsv
[0.210s] -- Up-to-date symlink: /home/gfave/maze_ws/install/mazesim/share/ament_index/resource_index/packages/mazesim
[0.211s] -- Up-to-date symlink: /home/gfave/maze_ws/install/mazesim/share/mazesim/cmake/mazesimConfig.cmake
[0.211s] -- Up-to-date symlink: /home/gfave/maze_ws/install/mazesim/share/mazesim/cmake/mazesimConfig-version.cmake
[0.211s] -- Up-to-date symlink: /home/gfave/maze_ws/install/mazesim/share/mazesim/package.xml
[0.213s] Invoked command in '/home/gfave/maze_ws/build/mazesim' returned '0': CMAKE_PREFIX_PATH=${CMAKE_PREFIX_PATH}:/opt/ros/humble /usr/bin/cmake --install /home/gfave/maze_ws/build/mazesim
