[0.011s] Invoking command in '/home/gfave/maze_ws/build/mazesim': CMAKE_PREFIX_PATH=${CMAKE_PREFIX_PATH}:/opt/ros/humble /usr/bin/cmake /home/gfave/maze_ws/src/mazesim -DCMAKE_INSTALL_PREFIX=/home/gfave/maze_ws/install/mazesim
[0.086s] -- The C compiler identification is GNU 11.4.0
[0.157s] -- The CXX compiler identification is GNU 11.4.0
[0.167s] -- Detecting C compiler ABI info
[0.244s] -- Detecting C compiler ABI info - done
[0.253s] -- Check for working C compiler: /usr/bin/cc - skipped
[0.253s] -- Detecting C compile features
[0.253s] -- Detecting C compile features - done
[0.257s] -- Detecting CXX compiler ABI info
[0.346s] -- Detecting CXX compiler ABI info - done
[0.363s] -- Check for working CXX compiler: /usr/bin/c++ - skipped
[0.364s] -- Detecting CXX compile features
[0.364s] -- Detecting CXX compile features - done
[0.368s] -- Found ament_cmake: 1.3.10 (/opt/ros/humble/share/ament_cmake/cmake)
[0.558s] -- Found Python3: /usr/bin/python3 (found version "3.10.12") found components: Interpreter 
[0.673s] -- Found rclcpp: 16.0.10 (/opt/ros/humble/share/rclcpp/cmake)
[0.729s] -- Found rosidl_generator_c: 3.1.5 (/opt/ros/humble/share/rosidl_generator_c/cmake)
[0.735s] -- Found rosidl_adapter: 3.1.5 (/opt/ros/humble/share/rosidl_adapter/cmake)
[0.745s] -- Found rosidl_generator_cpp: 3.1.5 (/opt/ros/humble/share/rosidl_generator_cpp/cmake)
[0.759s] -- Using all available rosidl_typesupport_c: rosidl_typesupport_fastrtps_c;rosidl_typesupport_introspection_c
[0.779s] -- Using all available rosidl_typesupport_cpp: rosidl_typesupport_fastrtps_cpp;rosidl_typesupport_introspection_cpp
[0.833s] -- Found rmw_implementation_cmake: 6.1.2 (/opt/ros/humble/share/rmw_implementation_cmake/cmake)
[0.836s] -- Found rmw_fastrtps_cpp: 6.2.7 (/opt/ros/humble/share/rmw_fastrtps_cpp/cmake)
[0.939s] -- Found OpenSSL: /usr/lib/x86_64-linux-gnu/libcrypto.so (found version "3.0.2")  
[0.974s] -- Found FastRTPS: /opt/ros/humble/include  
[1.030s] -- Using RMW implementation 'rmw_fastrtps_cpp' as default
[1.041s] -- Looking for pthread.h
[1.133s] -- Looking for pthread.h - found
[1.134s] -- Performing Test CMAKE_HAVE_LIBC_PTHREAD
[1.239s] -- Performing Test CMAKE_HAVE_LIBC_PTHREAD - Success
[1.241s] -- Found Threads: TRUE  
[1.313s] -- Found rclcpp_action: 16.0.10 (/opt/ros/humble/share/rclcpp_action/cmake)
[1.359s] -- Found geometry_msgs: 4.2.4 (/opt/ros/humble/share/geometry_msgs/cmake)
[1.378s] -- Found nav_msgs: 4.2.4 (/opt/ros/humble/share/nav_msgs/cmake)
[1.401s] -- Found nav2_msgs: 1.1.18 (/opt/ros/humble/share/nav2_msgs/cmake)
[1.436s] -- Found tf2_ros: 0.25.7 (/opt/ros/humble/share/tf2_ros/cmake)
[1.528s] -- Found example_interfaces: 0.9.3 (/opt/ros/humble/share/example_interfaces/cmake)
[1.547s] -- Found sensor_msgs: 4.2.4 (/opt/ros/humble/share/sensor_msgs/cmake)
[1.571s] -- Found tf2_geometry_msgs: 0.25.7 (/opt/ros/humble/share/tf2_geometry_msgs/cmake)
[1.586s] -- Found eigen3_cmake_module: 0.1.1 (/opt/ros/humble/share/eigen3_cmake_module/cmake)
[1.588s] -- Found Eigen3: TRUE (found version "3.4.0") 
[1.588s] -- Ensuring Eigen3 include directory is part of orocos-kdl CMake target
[1.599s] -- Found ament_lint_auto: 0.12.11 (/opt/ros/humble/share/ament_lint_auto/cmake)
[1.731s] -- Added test 'cppcheck' to perform static code analysis on C / C++ code
[1.733s] -- Configured cppcheck include dirs: $<BUILD_INTERFACE:/home/gfave/maze_ws/src/mazesim/include>
[1.733s] -- Configured cppcheck exclude dirs and/or files: 
[1.734s] -- Added test 'flake8' to check Python code syntax and style conventions
[1.737s] -- Added test 'lint_cmake' to check CMake code style
[1.739s] -- Added test 'pep257' to check Python code against some of the docstring style conventions in PEP 257
[1.746s] -- Added test 'uncrustify' to check C / C++ code style
[1.746s] -- Configured uncrustify additional arguments: 
[1.747s] -- Added test 'xmllint' to check XML markup files
[1.749s] -- Configuring done
[1.788s] -- Generating done
[1.791s] -- Build files have been written to: /home/gfave/maze_ws/build/mazesim
[1.806s] Invoked command in '/home/gfave/maze_ws/build/mazesim' returned '0': CMAKE_PREFIX_PATH=${CMAKE_PREFIX_PATH}:/opt/ros/humble /usr/bin/cmake /home/gfave/maze_ws/src/mazesim -DCMAKE_INSTALL_PREFIX=/home/gfave/maze_ws/install/mazesim
[1.810s] Invoking command in '/home/gfave/maze_ws/build/mazesim': CMAKE_PREFIX_PATH=${CMAKE_PREFIX_PATH}:/opt/ros/humble /usr/bin/cmake --build /home/gfave/maze_ws/build/mazesim -- -j8 -l8
[1.874s] [ 12%] [32mBuilding CXX object CMakeFiles/nav2_command_translator.dir/src/nav2_command_translator.cpp.o[0m
[1.880s] [ 37%] [32mBuilding CXX object CMakeFiles/nav2_command_bridge.dir/src/nav2_command_bridge.cpp.o[0m
[1.880s] [ 37%] [32mBuilding CXX object CMakeFiles/robot_controller.dir/src/robot_controller.cpp.o[0m
[1.885s] [ 50%] [32mBuilding CXX object CMakeFiles/verify_positions.dir/src/verify_positions.cpp.o[0m
[2.963s] [ 62%] [32m[1mLinking CXX executable verify_positions[0m
[3.129s] [ 62%] Built target verify_positions
[7.884s] [01m[K/home/gfave/maze_ws/src/mazesim/src/nav2_command_translator.cpp:[m[K In member function ‘[01m[Kvoid Nav2CommandTranslator::feedbackCallback(rclcpp_action::ClientGoalHandle<nav2_msgs::action::NavigateToPose>::SharedPtr, std::shared_ptr<const nav2_msgs::action::NavigateToPose_Feedback_<std::allocator<void> > >)[m[K’:
[7.884s] [01m[K/home/gfave/maze_ws/src/mazesim/src/nav2_command_translator.cpp:142:63:[m[K [01;35m[Kwarning: [m[Kunused parameter ‘[01m[Kfeedback[m[K’ [[01;35m[K]8;;https://gcc.gnu.org/onlinedocs/gcc/Warning-Options.html#index-Wunused-parameter-Wunused-parameter]8;;[m[K]
[7.884s]   142 |         [01;35m[Kconst std::shared_ptr<const NavigateToPose::Feedback> feedback[m[K)
[7.884s]       |         [01;35m[K~~~~~~~~~~~~~~~~~~~~~~~~~~~~~~~~~~~~~~~~~~~~~~~~~~~~~~^~~~~~~~[m[K
[21.629s] [ 75%] [32m[1mLinking CXX executable nav2_command_translator[0m
[21.850s] [ 87%] [32m[1mLinking CXX executable nav2_command_bridge[0m
[23.223s] [ 87%] Built target nav2_command_translator
[23.337s] [ 87%] Built target nav2_command_bridge
[32.991s] [100%] [32m[1mLinking CXX executable robot_controller[0m
[34.832s] [100%] Built target robot_controller
[34.877s] Invoked command in '/home/gfave/maze_ws/build/mazesim' returned '0': CMAKE_PREFIX_PATH=${CMAKE_PREFIX_PATH}:/opt/ros/humble /usr/bin/cmake --build /home/gfave/maze_ws/build/mazesim -- -j8 -l8
[35.090s] Invoking command in '/home/gfave/maze_ws/build/mazesim': CMAKE_PREFIX_PATH=${CMAKE_PREFIX_PATH}:/opt/ros/humble /usr/bin/cmake --install /home/gfave/maze_ws/build/mazesim
[35.112s] -- Install configuration: ""
[35.115s] -- Installing: /home/gfave/maze_ws/install/mazesim/lib/mazesim/nav2_command_translator
[35.120s] -- Set runtime path of "/home/gfave/maze_ws/install/mazesim/lib/mazesim/nav2_command_translator" to ""
[35.121s] -- Installing: /home/gfave/maze_ws/install/mazesim/lib/mazesim/robot_controller
[35.132s] -- Set runtime path of "/home/gfave/maze_ws/install/mazesim/lib/mazesim/robot_controller" to ""
[35.133s] -- Installing: /home/gfave/maze_ws/install/mazesim/lib/mazesim/odom_tf_broadcaster.py
[35.133s] -- Installing: /home/gfave/maze_ws/install/mazesim/lib/mazesim/odom_frame_fixer.py
[35.133s] -- Installing: /home/gfave/maze_ws/install/mazesim/lib/mazesim/laser_frame_remapper.py
[35.133s] -- Installing: /home/gfave/maze_ws/install/mazesim/lib/mazesim/map_loader.py
[35.134s] -- Installing: /home/gfave/maze_ws/install/mazesim/lib/mazesim/nav2_command_bridge
[35.139s] -- Set runtime path of "/home/gfave/maze_ws/install/mazesim/lib/mazesim/nav2_command_bridge" to ""
[35.139s] -- Installing: /home/gfave/maze_ws/install/mazesim/share/mazesim//launch
[35.139s] -- Installing: /home/gfave/maze_ws/install/mazesim/share/mazesim//launch/complete_simulation.launch.py
[35.139s] -- Installing: /home/gfave/maze_ws/install/mazesim/share/mazesim//launch/working_sim.launch.py
[35.140s] -- Installing: /home/gfave/maze_ws/install/mazesim/share/mazesim//launch/complete_simulation_fixed.launch.py
[35.140s] -- Installing: /home/gfave/maze_ws/install/mazesim/share/mazesim//launch/complete_simulation_direct.launch.py
[35.140s] -- Installing: /home/gfave/maze_ws/install/mazesim/share/mazesim//launch/spawn_robots.launch.py
[35.141s] -- Installing: /home/gfave/maze_ws/install/mazesim/share/mazesim//launch/complete_simulation_nav2.launch.py
[35.141s] -- Installing: /home/gfave/maze_ws/install/mazesim/share/mazesim//launch/gazebo.launch.py
[35.141s] -- Installing: /home/gfave/maze_ws/install/mazesim/share/mazesim//launch/localization_launch.py
[35.142s] -- Installing: /home/gfave/maze_ws/install/mazesim/share/mazesim//launch/nav2_navigation.launch.py
[35.142s] -- Installing: /home/gfave/maze_ws/install/mazesim/share/mazesim//launch/complete_simulation_with_odom_fix.launch.py
[35.142s] -- Installing: /home/gfave/maze_ws/install/mazesim/share/mazesim//launch/complete_simulation_move.launch.py
[35.143s] -- Installing: /home/gfave/maze_ws/install/mazesim/share/mazesim//maps
[35.143s] -- Installing: /home/gfave/maze_ws/install/mazesim/share/mazesim//maps/my_map_1.pgm
[35.143s] -- Installing: /home/gfave/maze_ws/install/mazesim/share/mazesim//maps/my_map_1.png
[35.144s] -- Installing: /home/gfave/maze_ws/install/mazesim/share/mazesim//maps/my_map_1.yaml
[35.144s] -- Installing: /home/gfave/maze_ws/install/mazesim/share/mazesim//worlds
[35.144s] -- Installing: /home/gfave/maze_ws/install/mazesim/share/mazesim//worlds/maze_world.world
[35.145s] -- Installing: /home/gfave/maze_ws/install/mazesim/share/mazesim//models
[35.145s] -- Installing: /home/gfave/maze_ws/install/mazesim/share/mazesim//models/turtlebot3_burger
[35.145s] -- Installing: /home/gfave/maze_ws/install/mazesim/share/mazesim//models/turtlebot3_burger/model.sdf
[35.146s] -- Installing: /home/gfave/maze_ws/install/mazesim/share/mazesim//models/turtlebot3_burger/model.config
[35.146s] -- Installing: /home/gfave/maze_ws/install/mazesim/share/mazesim//models/turtlebot3_burger/model-1_4.sdf
[35.147s] -- Installing: /home/gfave/maze_ws/install/mazesim/share/mazesim//models/maze_map
[35.147s] -- Installing: /home/gfave/maze_ws/install/mazesim/share/mazesim//models/maze_map/model.sdf
[35.149s] -- Installing: /home/gfave/maze_ws/install/mazesim/share/mazesim//models/maze_map/model.config
[35.149s] -- Installing: /home/gfave/maze_ws/install/mazesim/share/mazesim//rviz
[35.149s] -- Installing: /home/gfave/maze_ws/install/mazesim/share/mazesim//config
[35.150s] -- Installing: /home/gfave/maze_ws/install/mazesim/share/mazesim//config/nav2_params.yaml
[35.150s] -- Installing: /home/gfave/maze_ws/install/mazesim/share/mazesim//config/nav2_params_robot3.yaml
[35.151s] -- Installing: /home/gfave/maze_ws/install/mazesim/share/mazesim//config/room_positions.yaml
[35.151s] -- Installing: /home/gfave/maze_ws/install/mazesim/share/mazesim//config/nav2_params_robot1.yaml
[35.151s] -- Installing: /home/gfave/maze_ws/install/mazesim/share/mazesim//urdf
[35.152s] -- Installing: /home/gfave/maze_ws/install/mazesim/share/mazesim//urdf/turtlebot3_burger_fixed.urdf
[35.152s] -- Installing: /home/gfave/maze_ws/install/mazesim/lib/mazesim/generate_walls.py
[35.153s] -- Installing: /home/gfave/maze_ws/install/mazesim/lib/mazesim/verify_positions
[35.154s] -- Set runtime path of "/home/gfave/maze_ws/install/mazesim/lib/mazesim/verify_positions" to ""
[35.154s] -- Installing: /home/gfave/maze_ws/install/mazesim/share/ament_index/resource_index/package_run_dependencies/mazesim
[35.155s] -- Installing: /home/gfave/maze_ws/install/mazesim/share/ament_index/resource_index/parent_prefix_path/mazesim
[35.155s] -- Installing: /home/gfave/maze_ws/install/mazesim/share/mazesim/environment/ament_prefix_path.sh
[35.156s] -- Installing: /home/gfave/maze_ws/install/mazesim/share/mazesim/environment/ament_prefix_path.dsv
[35.156s] -- Installing: /home/gfave/maze_ws/install/mazesim/share/mazesim/environment/path.sh
[35.157s] -- Installing: /home/gfave/maze_ws/install/mazesim/share/mazesim/environment/path.dsv
[35.157s] -- Installing: /home/gfave/maze_ws/install/mazesim/share/mazesim/local_setup.bash
[35.158s] -- Installing: /home/gfave/maze_ws/install/mazesim/share/mazesim/local_setup.sh
[35.158s] -- Installing: /home/gfave/maze_ws/install/mazesim/share/mazesim/local_setup.zsh
[35.158s] -- Installing: /home/gfave/maze_ws/install/mazesim/share/mazesim/local_setup.dsv
[35.158s] -- Installing: /home/gfave/maze_ws/install/mazesim/share/mazesim/package.dsv
[35.159s] -- Installing: /home/gfave/maze_ws/install/mazesim/share/ament_index/resource_index/packages/mazesim
[35.159s] -- Installing: /home/gfave/maze_ws/install/mazesim/share/mazesim/cmake/mazesimConfig.cmake
[35.159s] -- Installing: /home/gfave/maze_ws/install/mazesim/share/mazesim/cmake/mazesimConfig-version.cmake
[35.159s] -- Installing: /home/gfave/maze_ws/install/mazesim/share/mazesim/package.xml
[35.163s] Invoked command in '/home/gfave/maze_ws/build/mazesim' returned '0': CMAKE_PREFIX_PATH=${CMAKE_PREFIX_PATH}:/opt/ros/humble /usr/bin/cmake --install /home/gfave/maze_ws/build/mazesim
