[0.039s] Invoking command in '/home/gfave/maze_ws/build/mazesim': CMAKE_PREFIX_PATH=${CMAKE_PREFIX_PATH}:/opt/ros/humble /usr/bin/cmake --build /home/gfave/maze_ws/build/mazesim -- -j8 -l8
[0.204s] [ 25%] [32mBuilding CXX object CMakeFiles/verify_positions.dir/src/verify_positions.cpp.o[0m
[0.205s] [ 50%] [32mBuilding CXX object CMakeFiles/robot_controller.dir/src/robot_controller.cpp.o[0m
[2.418s] [ 75%] [32m[1mLinking CXX executable verify_positions[0m
[2.811s] [ 75%] Built target verify_positions
[9.406s] [01m[K/home/gfave/maze_ws/src/mazesim/src/robot_controller.cpp:[m[K In member function ‘[01m[Kvoid RobotController::leftCallback(example_interfaces::msg::Empty_<std::allocator<void> >::SharedPtr)[m[K’:
[9.408s] [01m[K/home/gfave/maze_ws/src/mazesim/src/robot_controller.cpp:88:71:[m[K [01;35m[Kwarning: [m[Kunused parameter ‘[01m[Kmsg[m[K’ [[01;35m[K]8;;https://gcc.gnu.org/onlinedocs/gcc/Warning-Options.html#index-Wunused-parameter-Wunused-parameter]8;;[m[K]
[9.409s]    88 | oid leftCallback([01;35m[Kconst example_interfaces::msg::Empty::SharedPtr msg[m[K) {
[9.412s]       |                  [01;35m[K~~~~~~~~~~~~~~~~~~~~~~~~~~~~~~~~~~~~~~~~~~~~~~~~^~~[m[K
[9.413s] 
[9.414s] [01m[K/home/gfave/maze_ws/src/mazesim/src/robot_controller.cpp:[m[K In member function ‘[01m[Kvoid RobotController::rightCallback(example_interfaces::msg::Empty_<std::allocator<void> >::SharedPtr)[m[K’:
[9.415s] [01m[K/home/gfave/maze_ws/src/mazesim/src/robot_controller.cpp:95:72:[m[K [01;35m[Kwarning: [m[Kunused parameter ‘[01m[Kmsg[m[K’ [[01;35m[K]8;;https://gcc.gnu.org/onlinedocs/gcc/Warning-Options.html#index-Wunused-parameter-Wunused-parameter]8;;[m[K]
[9.420s]    95 | id rightCallback([01;35m[Kconst example_interfaces::msg::Empty::SharedPtr msg[m[K) {
[9.421s]       |                  [01;35m[K~~~~~~~~~~~~~~~~~~~~~~~~~~~~~~~~~~~~~~~~~~~~~~~~^~~[m[K
[9.421s] 
[41.622s] [100%] [32m[1mLinking CXX executable robot_controller[0m
[44.148s] [100%] Built target robot_controller
[44.216s] Invoked command in '/home/gfave/maze_ws/build/mazesim' returned '0': CMAKE_PREFIX_PATH=${CMAKE_PREFIX_PATH}:/opt/ros/humble /usr/bin/cmake --build /home/gfave/maze_ws/build/mazesim -- -j8 -l8
[44.409s] Invoking command in '/home/gfave/maze_ws/build/mazesim': CMAKE_PREFIX_PATH=${CMAKE_PREFIX_PATH}:/opt/ros/humble /usr/bin/cmake --install /home/gfave/maze_ws/build/mazesim
[44.442s] -- Install configuration: ""
[44.442s] -- Installing: /home/gfave/maze_ws/install/mazesim/lib/mazesim/robot_controller
[44.472s] -- Set runtime path of "/home/gfave/maze_ws/install/mazesim/lib/mazesim/robot_controller" to ""
[44.472s] -- Up-to-date: /home/gfave/maze_ws/install/mazesim/share/mazesim//launch
[44.472s] -- Up-to-date: /home/gfave/maze_ws/install/mazesim/share/mazesim//launch/complete_simulation.launch.py
[44.473s] -- Up-to-date: /home/gfave/maze_ws/install/mazesim/share/mazesim//launch/complete_simulation_fixed.launch.py
[44.473s] -- Up-to-date: /home/gfave/maze_ws/install/mazesim/share/mazesim//launch/complete_simulation_direct.launch.py
[44.473s] -- Up-to-date: /home/gfave/maze_ws/install/mazesim/share/mazesim//launch/spawn_robots.launch.py
[44.474s] -- Up-to-date: /home/gfave/maze_ws/install/mazesim/share/mazesim//launch/gazebo.launch.py
[44.474s] -- Installing: /home/gfave/maze_ws/install/mazesim/share/mazesim//launch/complete_simulation_move.launch.py
[44.474s] -- Up-to-date: /home/gfave/maze_ws/install/mazesim/share/mazesim//maps
[44.474s] -- Up-to-date: /home/gfave/maze_ws/install/mazesim/share/mazesim//maps/my_map_1.pgm
[44.474s] -- Up-to-date: /home/gfave/maze_ws/install/mazesim/share/mazesim//maps/my_map_1.png
[44.475s] -- Up-to-date: /home/gfave/maze_ws/install/mazesim/share/mazesim//maps/my_map_1.yaml
[44.475s] -- Up-to-date: /home/gfave/maze_ws/install/mazesim/share/mazesim//worlds
[44.475s] -- Up-to-date: /home/gfave/maze_ws/install/mazesim/share/mazesim//worlds/maze_world.world
[44.475s] -- Up-to-date: /home/gfave/maze_ws/install/mazesim/share/mazesim//models
[44.475s] -- Up-to-date: /home/gfave/maze_ws/install/mazesim/share/mazesim//models/maze_map
[44.476s] -- Up-to-date: /home/gfave/maze_ws/install/mazesim/share/mazesim//models/maze_map/model.sdf
[44.476s] -- Up-to-date: /home/gfave/maze_ws/install/mazesim/share/mazesim//models/maze_map/model.config
[44.476s] -- Up-to-date: /home/gfave/maze_ws/install/mazesim/share/mazesim//rviz
[44.477s] -- Up-to-date: /home/gfave/maze_ws/install/mazesim/share/mazesim//config
[44.477s] -- Up-to-date: /home/gfave/maze_ws/install/mazesim/share/mazesim//config/room_positions.yaml
[44.477s] -- Up-to-date: /home/gfave/maze_ws/install/mazesim/share/mazesim//urdf
[44.477s] -- Up-to-date: /home/gfave/maze_ws/install/mazesim/share/mazesim//urdf/turtlebot3_burger_fixed.urdf
[44.478s] -- Up-to-date: /home/gfave/maze_ws/install/mazesim/lib/mazesim/generate_walls.py
[44.478s] -- Installing: /home/gfave/maze_ws/install/mazesim/lib/mazesim/verify_positions
[44.479s] -- Set runtime path of "/home/gfave/maze_ws/install/mazesim/lib/mazesim/verify_positions" to ""
[44.479s] -- Up-to-date: /home/gfave/maze_ws/install/mazesim/share/ament_index/resource_index/package_run_dependencies/mazesim
[44.479s] -- Up-to-date: /home/gfave/maze_ws/install/mazesim/share/ament_index/resource_index/parent_prefix_path/mazesim
[44.480s] -- Up-to-date: /home/gfave/maze_ws/install/mazesim/share/mazesim/environment/ament_prefix_path.sh
[44.480s] -- Up-to-date: /home/gfave/maze_ws/install/mazesim/share/mazesim/environment/ament_prefix_path.dsv
[44.482s] -- Up-to-date: /home/gfave/maze_ws/install/mazesim/share/mazesim/environment/path.sh
[44.482s] -- Up-to-date: /home/gfave/maze_ws/install/mazesim/share/mazesim/environment/path.dsv
[44.482s] -- Up-to-date: /home/gfave/maze_ws/install/mazesim/share/mazesim/local_setup.bash
[44.482s] -- Up-to-date: /home/gfave/maze_ws/install/mazesim/share/mazesim/local_setup.sh
[44.483s] -- Up-to-date: /home/gfave/maze_ws/install/mazesim/share/mazesim/local_setup.zsh
[44.483s] -- Up-to-date: /home/gfave/maze_ws/install/mazesim/share/mazesim/local_setup.dsv
[44.483s] -- Installing: /home/gfave/maze_ws/install/mazesim/share/mazesim/package.dsv
[44.483s] -- Up-to-date: /home/gfave/maze_ws/install/mazesim/share/ament_index/resource_index/packages/mazesim
[44.484s] -- Up-to-date: /home/gfave/maze_ws/install/mazesim/share/mazesim/cmake/mazesimConfig.cmake
[44.484s] -- Up-to-date: /home/gfave/maze_ws/install/mazesim/share/mazesim/cmake/mazesimConfig-version.cmake
[44.484s] -- Up-to-date: /home/gfave/maze_ws/install/mazesim/share/mazesim/package.xml
[44.487s] Invoked command in '/home/gfave/maze_ws/build/mazesim' returned '0': CMAKE_PREFIX_PATH=${CMAKE_PREFIX_PATH}:/opt/ros/humble /usr/bin/cmake --install /home/gfave/maze_ws/build/mazesim
