-- Found ament_cmake: 1.3.12 (/opt/ros/humble/share/ament_cmake/cmake)
-- Found rclcpp: 16.0.15 (/opt/ros/humble/share/rclcpp/cmake)
-- Found rosidl_generator_c: 3.1.7 (/opt/ros/humble/share/rosidl_generator_c/cmake)
-- Found rosidl_adapter: 3.1.7 (/opt/ros/humble/share/rosidl_adapter/cmake)
-- Found rosidl_generator_cpp: 3.1.7 (/opt/ros/humble/share/rosidl_generator_cpp/cmake)
-- Using all available rosidl_typesupport_c: rosidl_typesupport_fastrtps_c;rosidl_typesupport_introspection_c
-- Using all available rosidl_typesupport_cpp: rosidl_typesupport_fastrtps_cpp;rosidl_typesupport_introspection_cpp
-- Found rmw_implementation_cmake: 6.1.2 (/opt/ros/humble/share/rmw_implementation_cmake/cmake)
-- Found rmw_fastrtps_cpp: 6.2.9 (/opt/ros/humble/share/rmw_fastrtps_cpp/cmake)
-- Using RMW implementation 'rmw_fastrtps_cpp' as default
-- Found geometry_msgs: 4.9.0 (/opt/ros/humble/share/geometry_msgs/cmake)
-- Found nav_msgs: 4.9.0 (/opt/ros/humble/share/nav_msgs/cmake)
-- Found sensor_msgs: 4.9.0 (/opt/ros/humble/share/sensor_msgs/cmake)
-- Found example_interfaces: 0.9.3 (/opt/ros/humble/share/example_interfaces/cmake)
-- Found tf2: 0.25.16 (/opt/ros/humble/share/tf2/cmake)
-- Found tf2_ros: 0.25.16 (/opt/ros/humble/share/tf2_ros/cmake)
-- Configuring done
-- Generating done
-- Build files have been written to: /home/usuario/maze_ws/build/real_maze_robots
[35m[1mConsolidate compiler generated dependencies of target real_robot_controller[0m
[100%] Built target real_robot_controller
-- Install configuration: ""
-- Up-to-date: /home/usuario/maze_ws/install/real_maze_robots/lib/real_maze_robots/real_robot_controller
-- Up-to-date: /home/usuario/maze_ws/install/real_maze_robots/share/real_maze_robots/launch
-- Up-to-date: /home/usuario/maze_ws/install/real_maze_robots/share/real_maze_robots/launch/command_publisher.launch.py
-- Up-to-date: /home/usuario/maze_ws/install/real_maze_robots/share/real_maze_robots/launch/single_robot.launch.py
-- Installing: /home/usuario/maze_ws/install/real_maze_robots/include
-- Installing: /home/usuario/maze_ws/install/real_maze_robots/include/real_maze_robots
-- Installing: /home/usuario/maze_ws/install/real_maze_robots/include/real_maze_robots/room_manager.hpp
-- Installing: /home/usuario/maze_ws/install/real_maze_robots/share/ament_index/resource_index/package_run_dependencies/real_maze_robots
-- Installing: /home/usuario/maze_ws/install/real_maze_robots/share/ament_index/resource_index/parent_prefix_path/real_maze_robots
-- Installing: /home/usuario/maze_ws/install/real_maze_robots/share/real_maze_robots/environment/ament_prefix_path.sh
-- Installing: /home/usuario/maze_ws/install/real_maze_robots/share/real_maze_robots/environment/ament_prefix_path.dsv
-- Installing: /home/usuario/maze_ws/install/real_maze_robots/share/real_maze_robots/environment/path.sh
-- Installing: /home/usuario/maze_ws/install/real_maze_robots/share/real_maze_robots/environment/path.dsv
-- Installing: /home/usuario/maze_ws/install/real_maze_robots/share/real_maze_robots/local_setup.bash
-- Installing: /home/usuario/maze_ws/install/real_maze_robots/share/real_maze_robots/local_setup.sh
-- Installing: /home/usuario/maze_ws/install/real_maze_robots/share/real_maze_robots/local_setup.zsh
-- Installing: /home/usuario/maze_ws/install/real_maze_robots/share/real_maze_robots/local_setup.dsv
-- Installing: /home/usuario/maze_ws/install/real_maze_robots/share/real_maze_robots/package.dsv
-- Installing: /home/usuario/maze_ws/install/real_maze_robots/share/ament_index/resource_index/packages/real_maze_robots
-- Installing: /home/usuario/maze_ws/install/real_maze_robots/share/real_maze_robots/cmake/real_maze_robotsConfig.cmake
-- Installing: /home/usuario/maze_ws/install/real_maze_robots/share/real_maze_robots/cmake/real_maze_robotsConfig-version.cmake
-- Installing: /home/usuario/maze_ws/install/real_maze_robots/share/real_maze_robots/package.xml
