[100%] Built target robot_controller
[100%] Built target test_room_config
-- Install configuration: ""
-- Up-to-date: /home/gfave/maze_ws/install/mazesim/lib/mazesim/robot_controller
-- Up-to-date: /home/gfave/maze_ws/install/mazesim/share/mazesim//launch
-- Up-to-date: /home/gfave/maze_ws/install/mazesim/share/mazesim//launch/gazebo.launch.py
-- Up-to-date: /home/gfave/maze_ws/install/mazesim/share/mazesim//maps
-- Up-to-date: /home/gfave/maze_ws/install/mazesim/share/mazesim//maps/my_map_1.pgm
-- Up-to-date: /home/gfave/maze_ws/install/mazesim/share/mazesim//maps/my_map_1.png
-- Up-to-date: /home/gfave/maze_ws/install/mazesim/share/mazesim//maps/my_map_1.yaml
-- Up-to-date: /home/gfave/maze_ws/install/mazesim/share/mazesim//worlds
-- Up-to-date: /home/gfave/maze_ws/install/mazesim/share/mazesim//worlds/maze_world.world
-- Up-to-date: /home/gfave/maze_ws/install/mazesim/share/mazesim//models
-- Up-to-date: /home/gfave/maze_ws/install/mazesim/share/mazesim//models/map_floor
-- Up-to-date: /home/gfave/maze_ws/install/mazesim/share/mazesim//models/map_floor/model.sdf
-- Up-to-date: /home/gfave/maze_ws/install/mazesim/share/mazesim//models/map_floor/materials
-- Up-to-date: /home/gfave/maze_ws/install/mazesim/share/mazesim//models/map_floor/materials/scripts
-- Up-to-date: /home/gfave/maze_ws/install/mazesim/share/mazesim//models/map_floor/materials/scripts/map_floor.material
-- Up-to-date: /home/gfave/maze_ws/install/mazesim/share/mazesim//models/map_floor/materials/textures
-- Up-to-date: /home/gfave/maze_ws/install/mazesim/share/mazesim//models/map_floor/materials/textures/my_map_1.png
-- Up-to-date: /home/gfave/maze_ws/install/mazesim/share/mazesim//models/map_floor/model.config
-- Up-to-date: /home/gfave/maze_ws/install/mazesim/share/mazesim//models/maze_walls
-- Installing: /home/gfave/maze_ws/install/mazesim/share/mazesim//models/maze_walls/model.sdf
-- Up-to-date: /home/gfave/maze_ws/install/mazesim/share/mazesim//models/maze_walls/.qodo
-- Up-to-date: /home/gfave/maze_ws/install/mazesim/share/mazesim//models/maze_walls/.qodo/workflows
-- Up-to-date: /home/gfave/maze_ws/install/mazesim/share/mazesim//models/maze_walls/.qodo/agents
-- Up-to-date: /home/gfave/maze_ws/install/mazesim/share/mazesim//models/maze_walls/model.config
-- Up-to-date: /home/gfave/maze_ws/install/mazesim/share/mazesim//rviz
-- Up-to-date: /home/gfave/maze_ws/install/mazesim/share/mazesim//config
-- Up-to-date: /home/gfave/maze_ws/install/mazesim/share/mazesim//config/room_positions.yaml
-- Up-to-date: /home/gfave/maze_ws/install/mazesim/lib/mazesim/generate_walls.py
-- Up-to-date: /home/gfave/maze_ws/install/mazesim/lib/mazesim/test_room_config
-- Up-to-date: /home/gfave/maze_ws/install/mazesim/share/ament_index/resource_index/package_run_dependencies/mazesim
-- Up-to-date: /home/gfave/maze_ws/install/mazesim/share/ament_index/resource_index/parent_prefix_path/mazesim
-- Up-to-date: /home/gfave/maze_ws/install/mazesim/share/mazesim/environment/ament_prefix_path.sh
-- Up-to-date: /home/gfave/maze_ws/install/mazesim/share/mazesim/environment/ament_prefix_path.dsv
-- Up-to-date: /home/gfave/maze_ws/install/mazesim/share/mazesim/environment/path.sh
-- Up-to-date: /home/gfave/maze_ws/install/mazesim/share/mazesim/environment/path.dsv
-- Up-to-date: /home/gfave/maze_ws/install/mazesim/share/mazesim/local_setup.bash
-- Up-to-date: /home/gfave/maze_ws/install/mazesim/share/mazesim/local_setup.sh
-- Up-to-date: /home/gfave/maze_ws/install/mazesim/share/mazesim/local_setup.zsh
-- Up-to-date: /home/gfave/maze_ws/install/mazesim/share/mazesim/local_setup.dsv
-- Up-to-date: /home/gfave/maze_ws/install/mazesim/share/mazesim/package.dsv
-- Up-to-date: /home/gfave/maze_ws/install/mazesim/share/ament_index/resource_index/packages/mazesim
-- Up-to-date: /home/gfave/maze_ws/install/mazesim/share/mazesim/cmake/mazesimConfig.cmake
-- Up-to-date: /home/gfave/maze_ws/install/mazesim/share/mazesim/cmake/mazesimConfig-version.cmake
-- Up-to-date: /home/gfave/maze_ws/install/mazesim/share/mazesim/package.xml
