[0.125s] Invoking command in '/home/gfave/maze_ws/build/mazesim': CMAKE_PREFIX_PATH=${CMAKE_PREFIX_PATH}:/opt/ros/humble /usr/bin/cmake --build /home/gfave/maze_ws/build/mazesim -- -j8 -l8
[0.679s] [ 50%] Built target robot_controller
[0.867s] [100%] Built target verify_positions
[0.963s] Invoked command in '/home/gfave/maze_ws/build/mazesim' returned '0': CMAKE_PREFIX_PATH=${CMAKE_PREFIX_PATH}:/opt/ros/humble /usr/bin/cmake --build /home/gfave/maze_ws/build/mazesim -- -j8 -l8
[1.359s] Invoking command in '/home/gfave/maze_ws/build/mazesim': CMAKE_PREFIX_PATH=${CMAKE_PREFIX_PATH}:/opt/ros/humble /usr/bin/cmake --install /home/gfave/maze_ws/build/mazesim
[1.446s] -- Install configuration: ""
[1.452s] -- Up-to-date: /home/gfave/maze_ws/install/mazesim/lib/mazesim/robot_controller
[1.459s] -- Up-to-date: /home/gfave/maze_ws/install/mazesim/share/mazesim//launch
[1.465s] -- Installing: /home/gfave/maze_ws/install/mazesim/share/mazesim//launch/complete_simulation.launch.py
[1.472s] -- Up-to-date: /home/gfave/maze_ws/install/mazesim/share/mazesim//launch/spawn_robots.launch.py
[1.477s] -- Up-to-date: /home/gfave/maze_ws/install/mazesim/share/mazesim//launch/gazebo.launch.py
[1.478s] -- Up-to-date: /home/gfave/maze_ws/install/mazesim/share/mazesim//maps
[1.479s] -- Up-to-date: /home/gfave/maze_ws/install/mazesim/share/mazesim//maps/my_map_1.pgm
[1.482s] -- Up-to-date: /home/gfave/maze_ws/install/mazesim/share/mazesim//maps/my_map_1.png
[1.484s] -- Up-to-date: /home/gfave/maze_ws/install/mazesim/share/mazesim//maps/my_map_1.yaml
[1.486s] -- Up-to-date: /home/gfave/maze_ws/install/mazesim/share/mazesim//worlds
[1.487s] -- Up-to-date: /home/gfave/maze_ws/install/mazesim/share/mazesim//worlds/maze_world.world
[1.490s] -- Up-to-date: /home/gfave/maze_ws/install/mazesim/share/mazesim//models
[1.491s] -- Up-to-date: /home/gfave/maze_ws/install/mazesim/share/mazesim//models/maze_map
[1.492s] -- Up-to-date: /home/gfave/maze_ws/install/mazesim/share/mazesim//models/maze_map/model.sdf
[1.494s] -- Up-to-date: /home/gfave/maze_ws/install/mazesim/share/mazesim//models/maze_map/model.config
[1.497s] -- Up-to-date: /home/gfave/maze_ws/install/mazesim/share/mazesim//rviz
[1.497s] -- Up-to-date: /home/gfave/maze_ws/install/mazesim/share/mazesim//config
[1.499s] -- Up-to-date: /home/gfave/maze_ws/install/mazesim/share/mazesim//config/room_positions.yaml
[1.499s] -- Up-to-date: /home/gfave/maze_ws/install/mazesim/share/mazesim//urdf
[1.500s] -- Up-to-date: /home/gfave/maze_ws/install/mazesim/share/mazesim//urdf/turtlebot3_burger_fixed.urdf
[1.500s] -- Up-to-date: /home/gfave/maze_ws/install/mazesim/lib/mazesim/generate_walls.py
[1.501s] -- Up-to-date: /home/gfave/maze_ws/install/mazesim/lib/mazesim/verify_positions
[1.501s] -- Up-to-date: /home/gfave/maze_ws/install/mazesim/share/ament_index/resource_index/package_run_dependencies/mazesim
[1.501s] -- Up-to-date: /home/gfave/maze_ws/install/mazesim/share/ament_index/resource_index/parent_prefix_path/mazesim
[1.502s] -- Up-to-date: /home/gfave/maze_ws/install/mazesim/share/mazesim/environment/ament_prefix_path.sh
[1.502s] -- Up-to-date: /home/gfave/maze_ws/install/mazesim/share/mazesim/environment/ament_prefix_path.dsv
[1.503s] -- Up-to-date: /home/gfave/maze_ws/install/mazesim/share/mazesim/environment/path.sh
[1.506s] -- Up-to-date: /home/gfave/maze_ws/install/mazesim/share/mazesim/environment/path.dsv
[1.508s] -- Up-to-date: /home/gfave/maze_ws/install/mazesim/share/mazesim/local_setup.bash
[1.513s] -- Up-to-date: /home/gfave/maze_ws/install/mazesim/share/mazesim/local_setup.sh
[1.515s] -- Up-to-date: /home/gfave/maze_ws/install/mazesim/share/mazesim/local_setup.zsh
[1.521s] -- Up-to-date: /home/gfave/maze_ws/install/mazesim/share/mazesim/local_setup.dsv
[1.526s] -- Installing: /home/gfave/maze_ws/install/mazesim/share/mazesim/package.dsv
[1.531s] -- Up-to-date: /home/gfave/maze_ws/install/mazesim/share/ament_index/resource_index/packages/mazesim
[1.536s] -- Up-to-date: /home/gfave/maze_ws/install/mazesim/share/mazesim/cmake/mazesimConfig.cmake
[1.538s] -- Up-to-date: /home/gfave/maze_ws/install/mazesim/share/mazesim/cmake/mazesimConfig-version.cmake
[1.544s] -- Up-to-date: /home/gfave/maze_ws/install/mazesim/share/mazesim/package.xml
[1.547s] Invoked command in '/home/gfave/maze_ws/build/mazesim' returned '0': CMAKE_PREFIX_PATH=${CMAKE_PREFIX_PATH}:/opt/ros/humble /usr/bin/cmake --install /home/gfave/maze_ws/build/mazesim
