-- Found ament_cmake: 1.3.10 (/opt/ros/humble/share/ament_cmake/cmake)
-- Found rclcpp: 16.0.10 (/opt/ros/humble/share/rclcpp/cmake)
-- Found rosidl_generator_c: 3.1.5 (/opt/ros/humble/share/rosidl_generator_c/cmake)
-- Found rosidl_adapter: 3.1.5 (/opt/ros/humble/share/rosidl_adapter/cmake)
-- Found rosidl_generator_cpp: 3.1.5 (/opt/ros/humble/share/rosidl_generator_cpp/cmake)
-- Using all available rosidl_typesupport_c: rosidl_typesupport_fastrtps_c;rosidl_typesupport_introspection_c
-- Using all available rosidl_typesupport_cpp: rosidl_typesupport_fastrtps_cpp;rosidl_typesupport_introspection_cpp
-- Found rmw_implementation_cmake: 6.1.2 (/opt/ros/humble/share/rmw_implementation_cmake/cmake)
-- Found rmw_fastrtps_cpp: 6.2.7 (/opt/ros/humble/share/rmw_fastrtps_cpp/cmake)
-- Using RMW implementation 'rmw_fastrtps_cpp' as default
-- Found geometry_msgs: 4.2.4 (/opt/ros/humble/share/geometry_msgs/cmake)
-- Found nav_msgs: 4.2.4 (/opt/ros/humble/share/nav_msgs/cmake)
-- Found tf2_ros: 0.25.7 (/opt/ros/humble/share/tf2_ros/cmake)
-- Found example_interfaces: 0.9.3 (/opt/ros/humble/share/example_interfaces/cmake)
-- Found ament_lint_auto: 0.12.11 (/opt/ros/humble/share/ament_lint_auto/cmake)
-- Added test 'cppcheck' to perform static code analysis on C / C++ code
-- Configured cppcheck include dirs: $<BUILD_INTERFACE:/home/gfave/maze_ws/src/mazesim/include>
-- Configured cppcheck exclude dirs and/or files: 
-- Added test 'lint_cmake' to check CMake code style
-- Added test 'uncrustify' to check C / C++ code style
-- Configured uncrustify additional arguments: 
-- Added test 'xmllint' to check XML markup files
-- Configuring done
-- Generating done
-- Build files have been written to: /home/gfave/maze_ws/build/mazesim
[35m[1mConsolidate compiler generated dependencies of target robot_controller[0m
[ 25%] [32mBuilding CXX object CMakeFiles/test_room_config.dir/src/test_room_config.cpp.o[0m
[ 75%] Built target robot_controller
[100%] [32m[1mLinking CXX executable test_room_config[0m
[100%] Built target test_room_config
-- Install configuration: ""
-- Up-to-date: /home/gfave/maze_ws/install/mazesim/lib/mazesim/robot_controller
-- Up-to-date: /home/gfave/maze_ws/install/mazesim/share/mazesim//launch
-- Up-to-date: /home/gfave/maze_ws/install/mazesim/share/mazesim//maps
-- Up-to-date: /home/gfave/maze_ws/install/mazesim/share/mazesim//maps/my_map_1.pgm
-- Up-to-date: /home/gfave/maze_ws/install/mazesim/share/mazesim//maps/my_map_1.yaml
-- Up-to-date: /home/gfave/maze_ws/install/mazesim/share/mazesim//worlds
-- Up-to-date: /home/gfave/maze_ws/install/mazesim/share/mazesim//models
-- Up-to-date: /home/gfave/maze_ws/install/mazesim/share/mazesim//rviz
-- Up-to-date: /home/gfave/maze_ws/install/mazesim/share/mazesim//config
-- Installing: /home/gfave/maze_ws/install/mazesim/share/mazesim//config/room_positions.yaml
-- Installing: /home/gfave/maze_ws/install/mazesim/lib/mazesim/test_room_config
-- Set runtime path of "/home/gfave/maze_ws/install/mazesim/lib/mazesim/test_room_config" to ""
-- Up-to-date: /home/gfave/maze_ws/install/mazesim/share/ament_index/resource_index/package_run_dependencies/mazesim
-- Installing: /home/gfave/maze_ws/install/mazesim/share/ament_index/resource_index/parent_prefix_path/mazesim
-- Up-to-date: /home/gfave/maze_ws/install/mazesim/share/mazesim/environment/ament_prefix_path.sh
-- Installing: /home/gfave/maze_ws/install/mazesim/share/mazesim/environment/ament_prefix_path.dsv
-- Up-to-date: /home/gfave/maze_ws/install/mazesim/share/mazesim/environment/path.sh
-- Installing: /home/gfave/maze_ws/install/mazesim/share/mazesim/environment/path.dsv
-- Up-to-date: /home/gfave/maze_ws/install/mazesim/share/mazesim/local_setup.bash
-- Up-to-date: /home/gfave/maze_ws/install/mazesim/share/mazesim/local_setup.sh
-- Up-to-date: /home/gfave/maze_ws/install/mazesim/share/mazesim/local_setup.zsh
-- Installing: /home/gfave/maze_ws/install/mazesim/share/mazesim/local_setup.dsv
-- Installing: /home/gfave/maze_ws/install/mazesim/share/mazesim/package.dsv
-- Up-to-date: /home/gfave/maze_ws/install/mazesim/share/ament_index/resource_index/packages/mazesim
-- Up-to-date: /home/gfave/maze_ws/install/mazesim/share/mazesim/cmake/mazesimConfig.cmake
-- Up-to-date: /home/gfave/maze_ws/install/mazesim/share/mazesim/cmake/mazesimConfig-version.cmake
-- Up-to-date: /home/gfave/maze_ws/install/mazesim/share/mazesim/package.xml
