[0.018s] Invoking command in '/home/gfave/maze_ws/build/mazesim': CMAKE_PREFIX_PATH=${CMAKE_PREFIX_PATH}:/opt/ros/humble /usr/bin/cmake --build /home/gfave/maze_ws/build/mazesim -- -j8 -l8
[0.056s] -- Found ament_cmake: 1.3.10 (/opt/ros/humble/share/ament_cmake/cmake)
[0.224s] -- Found rclcpp: 16.0.10 (/opt/ros/humble/share/rclcpp/cmake)
[0.285s] -- Found rosidl_generator_c: 3.1.5 (/opt/ros/humble/share/rosidl_generator_c/cmake)
[0.289s] -- Found rosidl_adapter: 3.1.5 (/opt/ros/humble/share/rosidl_adapter/cmake)
[0.300s] -- Found rosidl_generator_cpp: 3.1.5 (/opt/ros/humble/share/rosidl_generator_cpp/cmake)
[0.318s] -- Using all available rosidl_typesupport_c: rosidl_typesupport_fastrtps_c;rosidl_typesupport_introspection_c
[0.341s] -- Using all available rosidl_typesupport_cpp: rosidl_typesupport_fastrtps_cpp;rosidl_typesupport_introspection_cpp
[0.400s] -- Found rmw_implementation_cmake: 6.1.2 (/opt/ros/humble/share/rmw_implementation_cmake/cmake)
[0.415s] -- Found rmw_fastrtps_cpp: 6.2.7 (/opt/ros/humble/share/rmw_fastrtps_cpp/cmake)
[0.567s] -- Using RMW implementation 'rmw_fastrtps_cpp' as default
[0.664s] -- Found geometry_msgs: 4.2.4 (/opt/ros/humble/share/geometry_msgs/cmake)
[0.685s] -- Found nav_msgs: 4.2.4 (/opt/ros/humble/share/nav_msgs/cmake)
[0.713s] -- Found tf2_ros: 0.25.7 (/opt/ros/humble/share/tf2_ros/cmake)
[0.861s] -- Found example_interfaces: 0.9.3 (/opt/ros/humble/share/example_interfaces/cmake)
[0.886s] -- Found ament_lint_auto: 0.12.11 (/opt/ros/humble/share/ament_lint_auto/cmake)
[0.980s] -- Added test 'cppcheck' to perform static code analysis on C / C++ code
[0.980s] -- Configured cppcheck include dirs: $<BUILD_INTERFACE:/home/gfave/maze_ws/src/mazesim/include>
[0.980s] -- Configured cppcheck exclude dirs and/or files: 
[0.982s] -- Added test 'lint_cmake' to check CMake code style
[0.983s] -- Added test 'uncrustify' to check C / C++ code style
[0.983s] -- Configured uncrustify additional arguments: 
[0.984s] -- Added test 'xmllint' to check XML markup files
[0.986s] -- Configuring done
[1.008s] -- Generating done
[1.012s] -- Build files have been written to: /home/gfave/maze_ws/build/mazesim
[1.057s] [35m[1mConsolidate compiler generated dependencies of target robot_controller[0m
[1.071s] [ 25%] [32mBuilding CXX object CMakeFiles/test_room_config.dir/src/test_room_config.cpp.o[0m
[1.071s] [ 75%] Built target robot_controller
[1.941s] [100%] [32m[1mLinking CXX executable test_room_config[0m
[2.109s] [100%] Built target test_room_config
[2.121s] Invoked command in '/home/gfave/maze_ws/build/mazesim' returned '0': CMAKE_PREFIX_PATH=${CMAKE_PREFIX_PATH}:/opt/ros/humble /usr/bin/cmake --build /home/gfave/maze_ws/build/mazesim -- -j8 -l8
[2.159s] Invoking command in '/home/gfave/maze_ws/build/mazesim': CMAKE_PREFIX_PATH=${CMAKE_PREFIX_PATH}:/opt/ros/humble /usr/bin/cmake --install /home/gfave/maze_ws/build/mazesim
[2.167s] -- Install configuration: ""
[2.167s] -- Up-to-date: /home/gfave/maze_ws/install/mazesim/lib/mazesim/robot_controller
[2.167s] -- Up-to-date: /home/gfave/maze_ws/install/mazesim/share/mazesim//launch
[2.167s] -- Up-to-date: /home/gfave/maze_ws/install/mazesim/share/mazesim//maps
[2.168s] -- Up-to-date: /home/gfave/maze_ws/install/mazesim/share/mazesim//maps/my_map_1.pgm
[2.168s] -- Up-to-date: /home/gfave/maze_ws/install/mazesim/share/mazesim//maps/my_map_1.yaml
[2.168s] -- Up-to-date: /home/gfave/maze_ws/install/mazesim/share/mazesim//worlds
[2.168s] -- Up-to-date: /home/gfave/maze_ws/install/mazesim/share/mazesim//models
[2.168s] -- Up-to-date: /home/gfave/maze_ws/install/mazesim/share/mazesim//rviz
[2.168s] -- Up-to-date: /home/gfave/maze_ws/install/mazesim/share/mazesim//config
[2.168s] -- Installing: /home/gfave/maze_ws/install/mazesim/share/mazesim//config/room_positions.yaml
[2.168s] -- Installing: /home/gfave/maze_ws/install/mazesim/lib/mazesim/test_room_config
[2.168s] -- Set runtime path of "/home/gfave/maze_ws/install/mazesim/lib/mazesim/test_room_config" to ""
[2.168s] -- Up-to-date: /home/gfave/maze_ws/install/mazesim/share/ament_index/resource_index/package_run_dependencies/mazesim
[2.169s] -- Installing: /home/gfave/maze_ws/install/mazesim/share/ament_index/resource_index/parent_prefix_path/mazesim
[2.169s] -- Up-to-date: /home/gfave/maze_ws/install/mazesim/share/mazesim/environment/ament_prefix_path.sh
[2.169s] -- Installing: /home/gfave/maze_ws/install/mazesim/share/mazesim/environment/ament_prefix_path.dsv
[2.169s] -- Up-to-date: /home/gfave/maze_ws/install/mazesim/share/mazesim/environment/path.sh
[2.169s] -- Installing: /home/gfave/maze_ws/install/mazesim/share/mazesim/environment/path.dsv
[2.169s] -- Up-to-date: /home/gfave/maze_ws/install/mazesim/share/mazesim/local_setup.bash
[2.169s] -- Up-to-date: /home/gfave/maze_ws/install/mazesim/share/mazesim/local_setup.sh
[2.169s] -- Up-to-date: /home/gfave/maze_ws/install/mazesim/share/mazesim/local_setup.zsh
[2.169s] -- Installing: /home/gfave/maze_ws/install/mazesim/share/mazesim/local_setup.dsv
[2.169s] -- Installing: /home/gfave/maze_ws/install/mazesim/share/mazesim/package.dsv
[2.169s] -- Up-to-date: /home/gfave/maze_ws/install/mazesim/share/ament_index/resource_index/packages/mazesim
[2.169s] -- Up-to-date: /home/gfave/maze_ws/install/mazesim/share/mazesim/cmake/mazesimConfig.cmake
[2.170s] -- Up-to-date: /home/gfave/maze_ws/install/mazesim/share/mazesim/cmake/mazesimConfig-version.cmake
[2.170s] -- Up-to-date: /home/gfave/maze_ws/install/mazesim/share/mazesim/package.xml
[2.172s] Invoked command in '/home/gfave/maze_ws/build/mazesim' returned '0': CMAKE_PREFIX_PATH=${CMAKE_PREFIX_PATH}:/opt/ros/humble /usr/bin/cmake --install /home/gfave/maze_ws/build/mazesim
