[0.655s] DEBUG:colcon:Command line arguments: ['/usr/bin/colcon', 'list', '-p', '--base-paths', '/home/gfave/maze_ws']
[0.655s] DEBUG:colcon:Parsed command line arguments: Namespace(log_base=None, log_level=None, verb_name='list', build_base='build', ignore_user_meta=False, metas=['./colcon.meta'], base_paths=['/home/gfave/maze_ws'], packages_ignore=None, packages_ignore_regex=None, paths=None, packages_up_to=None, packages_up_to_regex=None, packages_above=None, packages_above_and_dependencies=None, packages_above_depth=None, packages_select_by_dep=None, packages_skip_by_dep=None, packages_skip_up_to=None, packages_select_build_failed=False, packages_skip_build_finished=False, packages_select_test_failures=False, packages_skip_test_passed=False, packages_select=None, packages_skip=None, packages_select_regex=None, packages_skip_regex=None, packages_start=None, packages_end=None, allow_overriding=[], topological_order=False, names_only=False, paths_only=True, topological_graph=False, topological_graph_dot=False, topological_graph_density=False, topological_graph_legend=False, topological_graph_dot_cluster=False, topological_graph_dot_include_skipped=False, mixin_files=None, mixin=None, verb_parser=<colcon_mixin.mixin.mixin_argument.MixinArgumentDecorator object at 0x704955271c00>, verb_extension=<colcon_package_information.verb.list.ListVerb object at 0x704955270c70>, main=<bound method ListVerb.main of <colcon_package_information.verb.list.ListVerb object at 0x704955270c70>>, mixin_verb=('list',))
[2.077s] Level 1:colcon.colcon_core.package_discovery:discover_packages(colcon_meta) check parameters
[2.078s] Level 1:colcon.colcon_core.package_discovery:discover_packages(recursive) check parameters
[2.078s] Level 1:colcon.colcon_core.package_discovery:discover_packages(ignore) check parameters
[2.078s] Level 1:colcon.colcon_core.package_discovery:discover_packages(path) check parameters
[2.078s] Level 1:colcon.colcon_core.package_discovery:discover_packages(recursive) discover
[2.079s] INFO:colcon.colcon_core.package_discovery:Crawling recursively for packages in '/home/gfave/maze_ws'
[2.080s] Level 1:colcon.colcon_core.package_identification:_identify(/home/gfave/maze_ws) by extensions ['ignore', 'ignore_ament_install']
[2.081s] Level 1:colcon.colcon_core.package_identification:_identify(/home/gfave/maze_ws) by extension 'ignore'
[2.082s] Level 1:colcon.colcon_core.package_identification:_identify(/home/gfave/maze_ws) by extension 'ignore_ament_install'
[2.082s] Level 1:colcon.colcon_core.package_identification:_identify(/home/gfave/maze_ws) by extensions ['colcon_pkg']
[2.082s] Level 1:colcon.colcon_core.package_identification:_identify(/home/gfave/maze_ws) by extension 'colcon_pkg'
[2.082s] Level 1:colcon.colcon_core.package_identification:_identify(/home/gfave/maze_ws) by extensions ['colcon_meta']
[2.082s] Level 1:colcon.colcon_core.package_identification:_identify(/home/gfave/maze_ws) by extension 'colcon_meta'
[2.082s] Level 1:colcon.colcon_core.package_identification:_identify(/home/gfave/maze_ws) by extensions ['ros']
[2.082s] Level 1:colcon.colcon_core.package_identification:_identify(/home/gfave/maze_ws) by extension 'ros'
[2.140s] Level 1:colcon.colcon_core.package_identification:_identify(/home/gfave/maze_ws) by extensions ['cmake', 'python']
[2.140s] Level 1:colcon.colcon_core.package_identification:_identify(/home/gfave/maze_ws) by extension 'cmake'
[2.141s] Level 1:colcon.colcon_core.package_identification:_identify(/home/gfave/maze_ws) by extension 'python'
[2.142s] Level 1:colcon.colcon_core.package_identification:_identify(/home/gfave/maze_ws) by extensions ['python_setup_py']
[2.142s] Level 1:colcon.colcon_core.package_identification:_identify(/home/gfave/maze_ws) by extension 'python_setup_py'
[2.144s] Level 1:colcon.colcon_core.package_identification:_identify(/home/gfave/maze_ws/build) by extensions ['ignore', 'ignore_ament_install']
[2.145s] Level 1:colcon.colcon_core.package_identification:_identify(/home/gfave/maze_ws/build) by extension 'ignore'
[2.145s] Level 1:colcon.colcon_core.package_identification:_identify(/home/gfave/maze_ws/build) ignored
[2.145s] Level 1:colcon.colcon_core.package_identification:_identify(/home/gfave/maze_ws/install) by extensions ['ignore', 'ignore_ament_install']
[2.146s] Level 1:colcon.colcon_core.package_identification:_identify(/home/gfave/maze_ws/install) by extension 'ignore'
[2.146s] Level 1:colcon.colcon_core.package_identification:_identify(/home/gfave/maze_ws/install) ignored
[2.146s] Level 1:colcon.colcon_core.package_identification:_identify(/home/gfave/maze_ws/log) by extensions ['ignore', 'ignore_ament_install']
[2.147s] Level 1:colcon.colcon_core.package_identification:_identify(/home/gfave/maze_ws/log) by extension 'ignore'
[2.147s] Level 1:colcon.colcon_core.package_identification:_identify(/home/gfave/maze_ws/log) ignored
[2.147s] Level 1:colcon.colcon_core.package_identification:_identify(/home/gfave/maze_ws/src) by extensions ['ignore', 'ignore_ament_install']
[2.147s] Level 1:colcon.colcon_core.package_identification:_identify(/home/gfave/maze_ws/src) by extension 'ignore'
[2.147s] Level 1:colcon.colcon_core.package_identification:_identify(/home/gfave/maze_ws/src) by extension 'ignore_ament_install'
[2.148s] Level 1:colcon.colcon_core.package_identification:_identify(/home/gfave/maze_ws/src) by extensions ['colcon_pkg']
[2.148s] Level 1:colcon.colcon_core.package_identification:_identify(/home/gfave/maze_ws/src) by extension 'colcon_pkg'
[2.148s] Level 1:colcon.colcon_core.package_identification:_identify(/home/gfave/maze_ws/src) by extensions ['colcon_meta']
[2.148s] Level 1:colcon.colcon_core.package_identification:_identify(/home/gfave/maze_ws/src) by extension 'colcon_meta'
[2.148s] Level 1:colcon.colcon_core.package_identification:_identify(/home/gfave/maze_ws/src) by extensions ['ros']
[2.149s] Level 1:colcon.colcon_core.package_identification:_identify(/home/gfave/maze_ws/src) by extension 'ros'
[2.149s] Level 1:colcon.colcon_core.package_identification:_identify(/home/gfave/maze_ws/src) by extensions ['cmake', 'python']
[2.149s] Level 1:colcon.colcon_core.package_identification:_identify(/home/gfave/maze_ws/src) by extension 'cmake'
[2.149s] Level 1:colcon.colcon_core.package_identification:_identify(/home/gfave/maze_ws/src) by extension 'python'
[2.149s] Level 1:colcon.colcon_core.package_identification:_identify(/home/gfave/maze_ws/src) by extensions ['python_setup_py']
[2.149s] Level 1:colcon.colcon_core.package_identification:_identify(/home/gfave/maze_ws/src) by extension 'python_setup_py'
[2.150s] Level 1:colcon.colcon_core.package_identification:_identify(/home/gfave/maze_ws/src/mazesim) by extensions ['ignore', 'ignore_ament_install']
[2.150s] Level 1:colcon.colcon_core.package_identification:_identify(/home/gfave/maze_ws/src/mazesim) by extension 'ignore'
[2.150s] Level 1:colcon.colcon_core.package_identification:_identify(/home/gfave/maze_ws/src/mazesim) by extension 'ignore_ament_install'
[2.151s] Level 1:colcon.colcon_core.package_identification:_identify(/home/gfave/maze_ws/src/mazesim) by extensions ['colcon_pkg']
[2.151s] Level 1:colcon.colcon_core.package_identification:_identify(/home/gfave/maze_ws/src/mazesim) by extension 'colcon_pkg'
[2.151s] Level 1:colcon.colcon_core.package_identification:_identify(/home/gfave/maze_ws/src/mazesim) by extensions ['colcon_meta']
[2.151s] Level 1:colcon.colcon_core.package_identification:_identify(/home/gfave/maze_ws/src/mazesim) by extension 'colcon_meta'
[2.151s] Level 1:colcon.colcon_core.package_identification:_identify(/home/gfave/maze_ws/src/mazesim) by extensions ['ros']
[2.152s] Level 1:colcon.colcon_core.package_identification:_identify(/home/gfave/maze_ws/src/mazesim) by extension 'ros'
[2.179s] DEBUG:colcon.colcon_core.package_identification:Package '/home/gfave/maze_ws/src/mazesim' with type 'ros.ament_cmake' and name 'mazesim'
[2.179s] Level 1:colcon.colcon_core.package_discovery:discover_packages(recursive) using defaults
