[ 12%] [32mBuilding CXX object CMakeFiles/verify_positions.dir/src/verify_positions.cpp.o[0m
[ 25%] [32mBuilding CXX object CMakeFiles/robot_controller.dir/src/robot_controller.cpp.o[0m
[ 50%] [32mBuilding CXX object CMakeFiles/nav2_command_translator.dir/src/nav2_command_translator.cpp.o[0m
[ 50%] [32mBuilding CXX object CMakeFiles/nav2_command_bridge.dir/src/nav2_command_bridge.cpp.o[0m
[ 62%] [32m[1mLinking CXX executable verify_positions[0m
[ 62%] Built target verify_positions
[01m[K/home/gfave/maze_ws/src/mazesim/src/nav2_command_translator.cpp:[m[K In member function ‘[01m[Kvoid Nav2CommandTranslator::feedbackCallback(rclcpp_action::ClientGoalHandle<nav2_msgs::action::NavigateToPose>::SharedPtr, std::shared_ptr<const nav2_msgs::action::NavigateToPose_Feedback_<std::allocator<void> > >)[m[K’:
[01m[K/home/gfave/maze_ws/src/mazesim/src/nav2_command_translator.cpp:142:63:[m[K [01;35m[Kwarning: [m[Kunused parameter ‘[01m[Kfeedback[m[K’ [[01;35m[K]8;;https://gcc.gnu.org/onlinedocs/gcc/Warning-Options.html#index-Wunused-parameter-Wunused-parameter]8;;[m[K]
  142 |        [01;35m[Kconst std::shared_ptr<const NavigateToPose::Feedback> feedback[m[K)
      |        [01;35m[K~~~~~~~~~~~~~~~~~~~~~~~~~~~~~~~~~~~~~~~~~~~~~~~~~~~~~~^~~~~~~~[m[K

[ 75%] [32m[1mLinking CXX executable nav2_command_bridge[0m
[ 87%] [32m[1mLinking CXX executable nav2_command_translator[0m
[ 87%] Built target nav2_command_translator
[ 87%] Built target nav2_command_bridge
[100%] [32m[1mLinking CXX executable robot_controller[0m
[100%] Built target robot_controller
-- Install configuration: ""
-- Installing: /home/gfave/maze_ws/install/mazesim/lib/mazesim/nav2_command_translator
-- Set runtime path of "/home/gfave/maze_ws/install/mazesim/lib/mazesim/nav2_command_translator" to ""
-- Installing: /home/gfave/maze_ws/install/mazesim/lib/mazesim/robot_controller
-- Set runtime path of "/home/gfave/maze_ws/install/mazesim/lib/mazesim/robot_controller" to ""
-- Up-to-date: /home/gfave/maze_ws/install/mazesim/lib/mazesim/odom_tf_broadcaster.py
-- Up-to-date: /home/gfave/maze_ws/install/mazesim/lib/mazesim/odom_frame_fixer.py
-- Up-to-date: /home/gfave/maze_ws/install/mazesim/lib/mazesim/laser_frame_remapper.py
-- Up-to-date: /home/gfave/maze_ws/install/mazesim/lib/mazesim/map_loader.py
-- Installing: /home/gfave/maze_ws/install/mazesim/lib/mazesim/nav2_command_bridge
-- Set runtime path of "/home/gfave/maze_ws/install/mazesim/lib/mazesim/nav2_command_bridge" to ""
-- Up-to-date: /home/gfave/maze_ws/install/mazesim/share/mazesim//launch
-- Up-to-date: /home/gfave/maze_ws/install/mazesim/share/mazesim//launch/complete_simulation.launch.py
-- Up-to-date: /home/gfave/maze_ws/install/mazesim/share/mazesim//launch/working_sim.launch.py
-- Up-to-date: /home/gfave/maze_ws/install/mazesim/share/mazesim//launch/complete_simulation_fixed.launch.py
-- Up-to-date: /home/gfave/maze_ws/install/mazesim/share/mazesim//launch/complete_simulation_direct.launch.py
-- Up-to-date: /home/gfave/maze_ws/install/mazesim/share/mazesim//launch/spawn_robots.launch.py
-- Up-to-date: /home/gfave/maze_ws/install/mazesim/share/mazesim//launch/complete_simulation_nav2.launch.py
-- Up-to-date: /home/gfave/maze_ws/install/mazesim/share/mazesim//launch/gazebo.launch.py
-- Up-to-date: /home/gfave/maze_ws/install/mazesim/share/mazesim//launch/localization_launch.py
-- Up-to-date: /home/gfave/maze_ws/install/mazesim/share/mazesim//launch/nav2_navigation.launch.py
-- Up-to-date: /home/gfave/maze_ws/install/mazesim/share/mazesim//launch/complete_simulation_with_odom_fix.launch.py
-- Up-to-date: /home/gfave/maze_ws/install/mazesim/share/mazesim//launch/complete_simulation_move.launch.py
-- Up-to-date: /home/gfave/maze_ws/install/mazesim/share/mazesim//maps
-- Up-to-date: /home/gfave/maze_ws/install/mazesim/share/mazesim//maps/my_map_1.pgm
-- Up-to-date: /home/gfave/maze_ws/install/mazesim/share/mazesim//maps/my_map_1.png
-- Up-to-date: /home/gfave/maze_ws/install/mazesim/share/mazesim//maps/my_map_1.yaml
-- Up-to-date: /home/gfave/maze_ws/install/mazesim/share/mazesim//worlds
-- Up-to-date: /home/gfave/maze_ws/install/mazesim/share/mazesim//worlds/maze_world.world
-- Up-to-date: /home/gfave/maze_ws/install/mazesim/share/mazesim//models
-- Up-to-date: /home/gfave/maze_ws/install/mazesim/share/mazesim//models/turtlebot3_burger
-- Up-to-date: /home/gfave/maze_ws/install/mazesim/share/mazesim//models/turtlebot3_burger/model.sdf
-- Up-to-date: /home/gfave/maze_ws/install/mazesim/share/mazesim//models/turtlebot3_burger/model.config
-- Up-to-date: /home/gfave/maze_ws/install/mazesim/share/mazesim//models/turtlebot3_burger/model-1_4.sdf
-- Up-to-date: /home/gfave/maze_ws/install/mazesim/share/mazesim//models/maze_map
-- Up-to-date: /home/gfave/maze_ws/install/mazesim/share/mazesim//models/maze_map/model.sdf
-- Up-to-date: /home/gfave/maze_ws/install/mazesim/share/mazesim//models/maze_map/model.config
-- Up-to-date: /home/gfave/maze_ws/install/mazesim/share/mazesim//rviz
-- Up-to-date: /home/gfave/maze_ws/install/mazesim/share/mazesim//config
-- Up-to-date: /home/gfave/maze_ws/install/mazesim/share/mazesim//config/nav2_params.yaml
-- Up-to-date: /home/gfave/maze_ws/install/mazesim/share/mazesim//config/nav2_params_robot3.yaml
-- Up-to-date: /home/gfave/maze_ws/install/mazesim/share/mazesim//config/room_positions.yaml
-- Up-to-date: /home/gfave/maze_ws/install/mazesim/share/mazesim//config/nav2_params_robot1.yaml
-- Up-to-date: /home/gfave/maze_ws/install/mazesim/share/mazesim//urdf
-- Up-to-date: /home/gfave/maze_ws/install/mazesim/share/mazesim//urdf/turtlebot3_burger_fixed.urdf
-- Up-to-date: /home/gfave/maze_ws/install/mazesim/lib/mazesim/generate_walls.py
-- Installing: /home/gfave/maze_ws/install/mazesim/lib/mazesim/verify_positions
-- Set runtime path of "/home/gfave/maze_ws/install/mazesim/lib/mazesim/verify_positions" to ""
-- Up-to-date: /home/gfave/maze_ws/install/mazesim/share/ament_index/resource_index/package_run_dependencies/mazesim
-- Up-to-date: /home/gfave/maze_ws/install/mazesim/share/ament_index/resource_index/parent_prefix_path/mazesim
-- Up-to-date: /home/gfave/maze_ws/install/mazesim/share/mazesim/environment/ament_prefix_path.sh
-- Up-to-date: /home/gfave/maze_ws/install/mazesim/share/mazesim/environment/ament_prefix_path.dsv
-- Up-to-date: /home/gfave/maze_ws/install/mazesim/share/mazesim/environment/path.sh
-- Up-to-date: /home/gfave/maze_ws/install/mazesim/share/mazesim/environment/path.dsv
-- Up-to-date: /home/gfave/maze_ws/install/mazesim/share/mazesim/local_setup.bash
-- Up-to-date: /home/gfave/maze_ws/install/mazesim/share/mazesim/local_setup.sh
-- Up-to-date: /home/gfave/maze_ws/install/mazesim/share/mazesim/local_setup.zsh
-- Up-to-date: /home/gfave/maze_ws/install/mazesim/share/mazesim/local_setup.dsv
-- Installing: /home/gfave/maze_ws/install/mazesim/share/mazesim/package.dsv
-- Up-to-date: /home/gfave/maze_ws/install/mazesim/share/ament_index/resource_index/packages/mazesim
-- Up-to-date: /home/gfave/maze_ws/install/mazesim/share/mazesim/cmake/mazesimConfig.cmake
-- Up-to-date: /home/gfave/maze_ws/install/mazesim/share/mazesim/cmake/mazesimConfig-version.cmake
-- Up-to-date: /home/gfave/maze_ws/install/mazesim/share/mazesim/package.xml
