[0.289s] DEBUG:colcon:Command line arguments: ['/usr/bin/colcon', 'build']
[0.290s] DEBUG:colcon:Parsed command line arguments: Namespace(log_base=None, log_level=None, verb_name='build', build_base='build', install_base='install', merge_install=False, symlink_install=False, test_result_base=None, continue_on_error=False, executor='parallel', parallel_workers=8, event_handlers=None, ignore_user_meta=False, metas=['./colcon.meta'], base_paths=['.'], packages_ignore=None, packages_ignore_regex=None, paths=None, packages_up_to=None, packages_up_to_regex=None, packages_above=None, packages_above_and_dependencies=None, packages_above_depth=None, packages_select_by_dep=None, packages_skip_by_dep=None, packages_skip_up_to=None, packages_select_build_failed=False, packages_skip_build_finished=False, packages_select_test_failures=False, packages_skip_test_passed=False, packages_select=None, packages_skip=None, packages_select_regex=None, packages_skip_regex=None, packages_start=None, packages_end=None, allow_overriding=[], cmake_args=None, cmake_target=None, cmake_target_skip_unavailable=False, cmake_clean_cache=False, cmake_clean_first=False, cmake_force_configure=False, ament_cmake_args=None, catkin_cmake_args=None, catkin_skip_building_tests=False, mixin_files=None, mixin=None, verb_parser=<colcon_mixin.mixin.mixin_argument.MixinArgumentDecorator object at 0x7e7465774fd0>, verb_extension=<colcon_core.verb.build.BuildVerb object at 0x7e7465875630>, main=<bound method BuildVerb.main of <colcon_core.verb.build.BuildVerb object at 0x7e7465875630>>, mixin_verb=('build',))
[0.802s] Level 1:colcon.colcon_core.package_discovery:discover_packages(colcon_meta) check parameters
[0.803s] Level 1:colcon.colcon_core.package_discovery:discover_packages(recursive) check parameters
[0.803s] Level 1:colcon.colcon_core.package_discovery:discover_packages(ignore) check parameters
[0.803s] Level 1:colcon.colcon_core.package_discovery:discover_packages(path) check parameters
[0.803s] Level 1:colcon.colcon_core.package_discovery:discover_packages(colcon_meta) discover
[0.803s] Level 1:colcon.colcon_core.package_discovery:discover_packages(recursive) discover
[0.803s] INFO:colcon.colcon_core.package_discovery:Crawling recursively for packages in '/home/gfave/maze_ws'
[0.804s] Level 1:colcon.colcon_core.package_identification:_identify(.) by extensions ['ignore', 'ignore_ament_install']
[0.804s] Level 1:colcon.colcon_core.package_identification:_identify(.) by extension 'ignore'
[0.805s] Level 1:colcon.colcon_core.package_identification:_identify(.) by extension 'ignore_ament_install'
[0.805s] Level 1:colcon.colcon_core.package_identification:_identify(.) by extensions ['colcon_pkg']
[0.805s] Level 1:colcon.colcon_core.package_identification:_identify(.) by extension 'colcon_pkg'
[0.805s] Level 1:colcon.colcon_core.package_identification:_identify(.) by extensions ['colcon_meta']
[0.806s] Level 1:colcon.colcon_core.package_identification:_identify(.) by extension 'colcon_meta'
[0.806s] Level 1:colcon.colcon_core.package_identification:_identify(.) by extensions ['ros']
[0.806s] Level 1:colcon.colcon_core.package_identification:_identify(.) by extension 'ros'
[0.844s] Level 1:colcon.colcon_core.package_identification:_identify(.) by extensions ['cmake', 'python']
[0.844s] Level 1:colcon.colcon_core.package_identification:_identify(.) by extension 'cmake'
[0.845s] Level 1:colcon.colcon_core.package_identification:_identify(.) by extension 'python'
[0.845s] Level 1:colcon.colcon_core.package_identification:_identify(.) by extensions ['python_setup_py']
[0.845s] Level 1:colcon.colcon_core.package_identification:_identify(.) by extension 'python_setup_py'
[0.845s] Level 1:colcon.colcon_core.package_identification:_identify(build) by extensions ['ignore', 'ignore_ament_install']
[0.845s] Level 1:colcon.colcon_core.package_identification:_identify(build) by extension 'ignore'
[0.846s] Level 1:colcon.colcon_core.package_identification:_identify(build) ignored
[0.846s] Level 1:colcon.colcon_core.package_identification:_identify(install) by extensions ['ignore', 'ignore_ament_install']
[0.846s] Level 1:colcon.colcon_core.package_identification:_identify(install) by extension 'ignore'
[0.846s] Level 1:colcon.colcon_core.package_identification:_identify(install) ignored
[0.847s] Level 1:colcon.colcon_core.package_identification:_identify(log) by extensions ['ignore', 'ignore_ament_install']
[0.847s] Level 1:colcon.colcon_core.package_identification:_identify(log) by extension 'ignore'
[0.847s] Level 1:colcon.colcon_core.package_identification:_identify(log) ignored
[0.848s] Level 1:colcon.colcon_core.package_identification:_identify(src) by extensions ['ignore', 'ignore_ament_install']
[0.848s] Level 1:colcon.colcon_core.package_identification:_identify(src) by extension 'ignore'
[0.848s] Level 1:colcon.colcon_core.package_identification:_identify(src) by extension 'ignore_ament_install'
[0.848s] Level 1:colcon.colcon_core.package_identification:_identify(src) by extensions ['colcon_pkg']
[0.848s] Level 1:colcon.colcon_core.package_identification:_identify(src) by extension 'colcon_pkg'
[0.848s] Level 1:colcon.colcon_core.package_identification:_identify(src) by extensions ['colcon_meta']
[0.849s] Level 1:colcon.colcon_core.package_identification:_identify(src) by extension 'colcon_meta'
[0.849s] Level 1:colcon.colcon_core.package_identification:_identify(src) by extensions ['ros']
[0.849s] Level 1:colcon.colcon_core.package_identification:_identify(src) by extension 'ros'
[0.849s] Level 1:colcon.colcon_core.package_identification:_identify(src) by extensions ['cmake', 'python']
[0.849s] Level 1:colcon.colcon_core.package_identification:_identify(src) by extension 'cmake'
[0.849s] Level 1:colcon.colcon_core.package_identification:_identify(src) by extension 'python'
[0.849s] Level 1:colcon.colcon_core.package_identification:_identify(src) by extensions ['python_setup_py']
[0.850s] Level 1:colcon.colcon_core.package_identification:_identify(src) by extension 'python_setup_py'
[0.850s] Level 1:colcon.colcon_core.package_identification:_identify(src/mazesim) by extensions ['ignore', 'ignore_ament_install']
[0.850s] Level 1:colcon.colcon_core.package_identification:_identify(src/mazesim) by extension 'ignore'
[0.850s] Level 1:colcon.colcon_core.package_identification:_identify(src/mazesim) by extension 'ignore_ament_install'
[0.851s] Level 1:colcon.colcon_core.package_identification:_identify(src/mazesim) by extensions ['colcon_pkg']
[0.851s] Level 1:colcon.colcon_core.package_identification:_identify(src/mazesim) by extension 'colcon_pkg'
[0.851s] Level 1:colcon.colcon_core.package_identification:_identify(src/mazesim) by extensions ['colcon_meta']
[0.851s] Level 1:colcon.colcon_core.package_identification:_identify(src/mazesim) by extension 'colcon_meta'
[0.851s] Level 1:colcon.colcon_core.package_identification:_identify(src/mazesim) by extensions ['ros']
[0.851s] Level 1:colcon.colcon_core.package_identification:_identify(src/mazesim) by extension 'ros'
[0.862s] DEBUG:colcon.colcon_core.package_identification:Package 'src/mazesim' with type 'ros.ament_cmake' and name 'mazesim'
[0.863s] Level 1:colcon.colcon_core.package_identification:_identify(test_suite_analysis) by extensions ['ignore', 'ignore_ament_install']
[0.863s] Level 1:colcon.colcon_core.package_identification:_identify(test_suite_analysis) by extension 'ignore'
[0.863s] Level 1:colcon.colcon_core.package_identification:_identify(test_suite_analysis) by extension 'ignore_ament_install'
[0.863s] Level 1:colcon.colcon_core.package_identification:_identify(test_suite_analysis) by extensions ['colcon_pkg']
[0.863s] Level 1:colcon.colcon_core.package_identification:_identify(test_suite_analysis) by extension 'colcon_pkg'
[0.864s] Level 1:colcon.colcon_core.package_identification:_identify(test_suite_analysis) by extensions ['colcon_meta']
[0.864s] Level 1:colcon.colcon_core.package_identification:_identify(test_suite_analysis) by extension 'colcon_meta'
[0.864s] Level 1:colcon.colcon_core.package_identification:_identify(test_suite_analysis) by extensions ['ros']
[0.868s] Level 1:colcon.colcon_core.package_identification:_identify(test_suite_analysis) by extension 'ros'
[0.868s] Level 1:colcon.colcon_core.package_identification:_identify(test_suite_analysis) by extensions ['cmake', 'python']
[0.869s] Level 1:colcon.colcon_core.package_identification:_identify(test_suite_analysis) by extension 'cmake'
[0.869s] Level 1:colcon.colcon_core.package_identification:_identify(test_suite_analysis) by extension 'python'
[0.869s] Level 1:colcon.colcon_core.package_identification:_identify(test_suite_analysis) by extensions ['python_setup_py']
[0.869s] Level 1:colcon.colcon_core.package_identification:_identify(test_suite_analysis) by extension 'python_setup_py'
[0.869s] Level 1:colcon.colcon_core.package_discovery:discover_packages(recursive) using defaults
[0.869s] Level 1:colcon.colcon_core.package_discovery:discover_packages(ignore) discover
[0.869s] Level 1:colcon.colcon_core.package_discovery:discover_packages(ignore) using defaults
[0.869s] Level 1:colcon.colcon_core.package_discovery:discover_packages(path) discover
[0.869s] Level 1:colcon.colcon_core.package_discovery:discover_packages(path) using defaults
[0.986s] Level 1:colcon.colcon_core.package_discovery:discover_packages(prefix_path) check parameters
[0.986s] Level 1:colcon.colcon_core.package_discovery:discover_packages(prefix_path) discover
[0.991s] DEBUG:colcon.colcon_installed_package_information.package_discovery:Found 1 installed packages in /home/gfave/maze_ws/install
[0.997s] DEBUG:colcon.colcon_installed_package_information.package_discovery:Found 407 installed packages in /opt/ros/humble
[1.003s] Level 1:colcon.colcon_core.package_discovery:discover_packages(prefix_path) using defaults
[1.155s] Level 5:colcon.colcon_core.verb:set package 'mazesim' build argument 'cmake_args' from command line to 'None'
[1.156s] Level 5:colcon.colcon_core.verb:set package 'mazesim' build argument 'cmake_target' from command line to 'None'
[1.156s] Level 5:colcon.colcon_core.verb:set package 'mazesim' build argument 'cmake_target_skip_unavailable' from command line to 'False'
[1.156s] Level 5:colcon.colcon_core.verb:set package 'mazesim' build argument 'cmake_clean_cache' from command line to 'False'
[1.156s] Level 5:colcon.colcon_core.verb:set package 'mazesim' build argument 'cmake_clean_first' from command line to 'False'
[1.156s] Level 5:colcon.colcon_core.verb:set package 'mazesim' build argument 'cmake_force_configure' from command line to 'False'
[1.156s] Level 5:colcon.colcon_core.verb:set package 'mazesim' build argument 'ament_cmake_args' from command line to 'None'
[1.156s] Level 5:colcon.colcon_core.verb:set package 'mazesim' build argument 'catkin_cmake_args' from command line to 'None'
[1.156s] Level 5:colcon.colcon_core.verb:set package 'mazesim' build argument 'catkin_skip_building_tests' from command line to 'False'
[1.156s] DEBUG:colcon.colcon_core.verb:Building package 'mazesim' with the following arguments: {'ament_cmake_args': None, 'build_base': '/home/gfave/maze_ws/build/mazesim', 'catkin_cmake_args': None, 'catkin_skip_building_tests': False, 'cmake_args': None, 'cmake_clean_cache': False, 'cmake_clean_first': False, 'cmake_force_configure': False, 'cmake_target': None, 'cmake_target_skip_unavailable': False, 'install_base': '/home/gfave/maze_ws/install/mazesim', 'merge_install': False, 'path': '/home/gfave/maze_ws/src/mazesim', 'symlink_install': False, 'test_result_base': None}
[1.157s] INFO:colcon.colcon_core.executor:Executing jobs using 'parallel' executor
[1.159s] DEBUG:colcon.colcon_parallel_executor.executor.parallel:run_until_complete
[1.160s] INFO:colcon.colcon_ros.task.ament_cmake.build:Building ROS package in '/home/gfave/maze_ws/src/mazesim' with build type 'ament_cmake'
[1.160s] INFO:colcon.colcon_cmake.task.cmake.build:Building CMake package in '/home/gfave/maze_ws/src/mazesim'
[1.166s] INFO:colcon.colcon_core.plugin_system:Skipping extension 'colcon_core.shell.bat': Not used on non-Windows systems
[1.166s] INFO:colcon.colcon_core.shell:Skip shell extension 'powershell' for command environment: Not usable outside of PowerShell
[1.166s] DEBUG:colcon.colcon_core.shell:Skip shell extension 'dsv' for command environment
[1.189s] DEBUG:colcon.colcon_core.event_handler.log_command:Invoking command in '/home/gfave/maze_ws/build/mazesim': CMAKE_PREFIX_PATH=${CMAKE_PREFIX_PATH}:/opt/ros/humble /usr/bin/cmake --build /home/gfave/maze_ws/build/mazesim -- -j8 -l8
[47.545s] DEBUG:colcon.colcon_core.event_handler.log_command:Invoked command in '/home/gfave/maze_ws/build/mazesim' returned '0': CMAKE_PREFIX_PATH=${CMAKE_PREFIX_PATH}:/opt/ros/humble /usr/bin/cmake --build /home/gfave/maze_ws/build/mazesim -- -j8 -l8
[47.586s] DEBUG:colcon.colcon_core.event_handler.log_command:Invoking command in '/home/gfave/maze_ws/build/mazesim': CMAKE_PREFIX_PATH=${CMAKE_PREFIX_PATH}:/opt/ros/humble /usr/bin/cmake --install /home/gfave/maze_ws/build/mazesim
[47.616s] Level 1:colcon.colcon_core.environment:create_environment_scripts_only(mazesim)
[47.616s] DEBUG:colcon.colcon_core.event_handler.log_command:Invoked command in '/home/gfave/maze_ws/build/mazesim' returned '0': CMAKE_PREFIX_PATH=${CMAKE_PREFIX_PATH}:/opt/ros/humble /usr/bin/cmake --install /home/gfave/maze_ws/build/mazesim
[47.618s] Level 1:colcon.colcon_core.environment:checking '/home/gfave/maze_ws/install/mazesim' for CMake module files
[47.619s] Level 1:colcon.colcon_core.environment:checking '/home/gfave/maze_ws/install/mazesim' for CMake config files
[47.619s] Level 1:colcon.colcon_core.shell:create_environment_hook('mazesim', 'cmake_prefix_path')
[47.619s] INFO:colcon.colcon_core.shell:Creating environment hook '/home/gfave/maze_ws/install/mazesim/share/mazesim/hook/cmake_prefix_path.ps1'
[47.620s] INFO:colcon.colcon_core.shell:Creating environment descriptor '/home/gfave/maze_ws/install/mazesim/share/mazesim/hook/cmake_prefix_path.dsv'
[47.620s] INFO:colcon.colcon_core.shell:Creating environment hook '/home/gfave/maze_ws/install/mazesim/share/mazesim/hook/cmake_prefix_path.sh'
[47.621s] Level 1:colcon.colcon_core.environment:checking '/home/gfave/maze_ws/install/mazesim/lib'
[47.621s] Level 1:colcon.colcon_core.environment:checking '/home/gfave/maze_ws/install/mazesim/bin'
[47.621s] Level 1:colcon.colcon_core.environment:checking '/home/gfave/maze_ws/install/mazesim/lib/pkgconfig/mazesim.pc'
[47.622s] Level 1:colcon.colcon_core.environment:checking '/home/gfave/maze_ws/install/mazesim/lib/python3.10/site-packages'
[47.622s] Level 1:colcon.colcon_core.environment:checking '/home/gfave/maze_ws/install/mazesim/bin'
[47.622s] INFO:colcon.colcon_core.shell:Creating package script '/home/gfave/maze_ws/install/mazesim/share/mazesim/package.ps1'
[47.623s] INFO:colcon.colcon_core.shell:Creating package descriptor '/home/gfave/maze_ws/install/mazesim/share/mazesim/package.dsv'
[47.623s] INFO:colcon.colcon_core.shell:Creating package script '/home/gfave/maze_ws/install/mazesim/share/mazesim/package.sh'
[47.624s] INFO:colcon.colcon_core.shell:Creating package script '/home/gfave/maze_ws/install/mazesim/share/mazesim/package.bash'
[47.625s] INFO:colcon.colcon_core.shell:Creating package script '/home/gfave/maze_ws/install/mazesim/share/mazesim/package.zsh'
[47.626s] Level 1:colcon.colcon_core.environment:create_file_with_runtime_dependencies(/home/gfave/maze_ws/install/mazesim/share/colcon-core/packages/mazesim)
[47.655s] Level 1:colcon.colcon_core.environment:create_environment_scripts_only(mazesim)
[47.656s] Level 1:colcon.colcon_core.environment:checking '/home/gfave/maze_ws/install/mazesim' for CMake module files
[47.656s] Level 1:colcon.colcon_core.environment:checking '/home/gfave/maze_ws/install/mazesim' for CMake config files
[47.657s] Level 1:colcon.colcon_core.shell:create_environment_hook('mazesim', 'cmake_prefix_path')
[47.657s] INFO:colcon.colcon_core.shell:Creating environment hook '/home/gfave/maze_ws/install/mazesim/share/mazesim/hook/cmake_prefix_path.ps1'
[47.657s] INFO:colcon.colcon_core.shell:Creating environment descriptor '/home/gfave/maze_ws/install/mazesim/share/mazesim/hook/cmake_prefix_path.dsv'
[47.658s] INFO:colcon.colcon_core.shell:Creating environment hook '/home/gfave/maze_ws/install/mazesim/share/mazesim/hook/cmake_prefix_path.sh'
[47.658s] Level 1:colcon.colcon_core.environment:checking '/home/gfave/maze_ws/install/mazesim/lib'
[47.658s] Level 1:colcon.colcon_core.environment:checking '/home/gfave/maze_ws/install/mazesim/bin'
[47.659s] Level 1:colcon.colcon_core.environment:checking '/home/gfave/maze_ws/install/mazesim/lib/pkgconfig/mazesim.pc'
[47.659s] Level 1:colcon.colcon_core.environment:checking '/home/gfave/maze_ws/install/mazesim/lib/python3.10/site-packages'
[47.659s] Level 1:colcon.colcon_core.environment:checking '/home/gfave/maze_ws/install/mazesim/bin'
[47.660s] INFO:colcon.colcon_core.shell:Creating package script '/home/gfave/maze_ws/install/mazesim/share/mazesim/package.ps1'
[47.661s] INFO:colcon.colcon_core.shell:Creating package descriptor '/home/gfave/maze_ws/install/mazesim/share/mazesim/package.dsv'
[47.662s] INFO:colcon.colcon_core.shell:Creating package script '/home/gfave/maze_ws/install/mazesim/share/mazesim/package.sh'
[47.663s] INFO:colcon.colcon_core.shell:Creating package script '/home/gfave/maze_ws/install/mazesim/share/mazesim/package.bash'
[47.663s] INFO:colcon.colcon_core.shell:Creating package script '/home/gfave/maze_ws/install/mazesim/share/mazesim/package.zsh'
[47.664s] Level 1:colcon.colcon_core.environment:create_file_with_runtime_dependencies(/home/gfave/maze_ws/install/mazesim/share/colcon-core/packages/mazesim)
[47.664s] DEBUG:colcon.colcon_parallel_executor.executor.parallel:closing loop
[47.665s] DEBUG:colcon.colcon_parallel_executor.executor.parallel:loop closed
[47.665s] DEBUG:colcon.colcon_parallel_executor.executor.parallel:run_until_complete finished with '0'
[47.665s] DEBUG:colcon.colcon_core.event_reactor:joining thread
[47.670s] INFO:colcon.colcon_core.plugin_system:Skipping extension 'colcon_notification.desktop_notification.terminal_notifier': Not used on non-Darwin systems
[47.670s] INFO:colcon.colcon_core.plugin_system:Skipping extension 'colcon_notification.desktop_notification.win32': Not used on non-Windows systems
[47.670s] INFO:colcon.colcon_notification.desktop_notification:Sending desktop notification using 'notify2'
[47.681s] DEBUG:colcon.colcon_core.event_reactor:joined thread
[47.682s] INFO:colcon.colcon_core.shell:Creating prefix script '/home/gfave/maze_ws/install/local_setup.ps1'
[47.683s] INFO:colcon.colcon_core.shell:Creating prefix util module '/home/gfave/maze_ws/install/_local_setup_util_ps1.py'
[47.686s] INFO:colcon.colcon_core.shell:Creating prefix chain script '/home/gfave/maze_ws/install/setup.ps1'
[47.690s] INFO:colcon.colcon_core.shell:Creating prefix script '/home/gfave/maze_ws/install/local_setup.sh'
[47.691s] INFO:colcon.colcon_core.shell:Creating prefix util module '/home/gfave/maze_ws/install/_local_setup_util_sh.py'
[47.692s] INFO:colcon.colcon_core.shell:Creating prefix chain script '/home/gfave/maze_ws/install/setup.sh'
[47.694s] INFO:colcon.colcon_core.shell:Creating prefix script '/home/gfave/maze_ws/install/local_setup.bash'
[47.695s] INFO:colcon.colcon_core.shell:Creating prefix chain script '/home/gfave/maze_ws/install/setup.bash'
[47.699s] INFO:colcon.colcon_core.shell:Creating prefix script '/home/gfave/maze_ws/install/local_setup.zsh'
[47.700s] INFO:colcon.colcon_core.shell:Creating prefix chain script '/home/gfave/maze_ws/install/setup.zsh'
