[0.015s] Invoking command in '/home/gfave/maze_ws/build/mazesim': CMAKE_PREFIX_PATH=${CMAKE_PREFIX_PATH}:/opt/ros/humble /usr/bin/cmake --build /home/gfave/maze_ws/build/mazesim -- -j8 -l8
[0.244s] [35m[1mConsolidate compiler generated dependencies of target robot_controller[0m
[0.280s] [ 25%] Built target nav2_command_bridge
[0.295s] [ 50%] Built target verify_positions
[0.329s] [ 75%] Built target nav2_command_translator
[0.339s] [ 87%] [32mBuilding CXX object CMakeFiles/robot_controller.dir/src/robot_controller.cpp.o[0m
[23.244s] [100%] [32m[1mLinking CXX executable robot_controller[0m
[24.230s] [100%] Built target robot_controller
[24.240s] Invoked command in '/home/gfave/maze_ws/build/mazesim' returned '0': CMAKE_PREFIX_PATH=${CMAKE_PREFIX_PATH}:/opt/ros/humble /usr/bin/cmake --build /home/gfave/maze_ws/build/mazesim -- -j8 -l8
[24.277s] Invoking command in '/home/gfave/maze_ws/build/mazesim': CMAKE_PREFIX_PATH=${CMAKE_PREFIX_PATH}:/opt/ros/humble /usr/bin/cmake --install /home/gfave/maze_ws/build/mazesim
[24.284s] -- Install configuration: ""
[24.287s] -- Up-to-date: /home/gfave/maze_ws/install/mazesim/lib/mazesim/nav2_command_translator
[24.288s] -- Installing: /home/gfave/maze_ws/install/mazesim/lib/mazesim/robot_controller
[24.294s] -- Set runtime path of "/home/gfave/maze_ws/install/mazesim/lib/mazesim/robot_controller" to ""
[24.294s] -- Up-to-date: /home/gfave/maze_ws/install/mazesim/lib/mazesim/odom_tf_broadcaster.py
[24.294s] -- Up-to-date: /home/gfave/maze_ws/install/mazesim/lib/mazesim/odom_frame_fixer.py
[24.294s] -- Up-to-date: /home/gfave/maze_ws/install/mazesim/lib/mazesim/laser_frame_remapper.py
[24.294s] -- Up-to-date: /home/gfave/maze_ws/install/mazesim/lib/mazesim/map_loader.py
[24.295s] -- Up-to-date: /home/gfave/maze_ws/install/mazesim/lib/mazesim/nav2_command_bridge
[24.295s] -- Up-to-date: /home/gfave/maze_ws/install/mazesim/share/mazesim//launch
[24.296s] -- Up-to-date: /home/gfave/maze_ws/install/mazesim/share/mazesim//launch/complete_simulation.launch.py
[24.296s] -- Up-to-date: /home/gfave/maze_ws/install/mazesim/share/mazesim//launch/working_sim.launch.py
[24.296s] -- Up-to-date: /home/gfave/maze_ws/install/mazesim/share/mazesim//launch/complete_simulation_fixed.launch.py
[24.296s] -- Up-to-date: /home/gfave/maze_ws/install/mazesim/share/mazesim//launch/complete_simulation_direct.launch.py
[24.296s] -- Up-to-date: /home/gfave/maze_ws/install/mazesim/share/mazesim//launch/spawn_robots.launch.py
[24.296s] -- Up-to-date: /home/gfave/maze_ws/install/mazesim/share/mazesim//launch/complete_simulation_nav2.launch.py
[24.296s] -- Up-to-date: /home/gfave/maze_ws/install/mazesim/share/mazesim//launch/gazebo.launch.py
[24.296s] -- Up-to-date: /home/gfave/maze_ws/install/mazesim/share/mazesim//launch/localization_launch.py
[24.296s] -- Up-to-date: /home/gfave/maze_ws/install/mazesim/share/mazesim//launch/nav2_navigation.launch.py
[24.296s] -- Up-to-date: /home/gfave/maze_ws/install/mazesim/share/mazesim//launch/complete_simulation_with_odom_fix.launch.py
[24.297s] -- Up-to-date: /home/gfave/maze_ws/install/mazesim/share/mazesim//launch/complete_simulation_move.launch.py
[24.297s] -- Up-to-date: /home/gfave/maze_ws/install/mazesim/share/mazesim//maps
[24.297s] -- Up-to-date: /home/gfave/maze_ws/install/mazesim/share/mazesim//maps/my_map_1.pgm
[24.297s] -- Up-to-date: /home/gfave/maze_ws/install/mazesim/share/mazesim//maps/my_map_1.png
[24.297s] -- Up-to-date: /home/gfave/maze_ws/install/mazesim/share/mazesim//maps/my_map_1.yaml
[24.297s] -- Up-to-date: /home/gfave/maze_ws/install/mazesim/share/mazesim//worlds
[24.297s] -- Up-to-date: /home/gfave/maze_ws/install/mazesim/share/mazesim//worlds/maze_world.world
[24.297s] -- Up-to-date: /home/gfave/maze_ws/install/mazesim/share/mazesim//models
[24.297s] -- Up-to-date: /home/gfave/maze_ws/install/mazesim/share/mazesim//models/turtlebot3_burger
[24.297s] -- Up-to-date: /home/gfave/maze_ws/install/mazesim/share/mazesim//models/turtlebot3_burger/model.sdf
[24.297s] -- Up-to-date: /home/gfave/maze_ws/install/mazesim/share/mazesim//models/turtlebot3_burger/model.config
[24.297s] -- Up-to-date: /home/gfave/maze_ws/install/mazesim/share/mazesim//models/turtlebot3_burger/model-1_4.sdf
[24.297s] -- Up-to-date: /home/gfave/maze_ws/install/mazesim/share/mazesim//models/maze_map
[24.298s] -- Up-to-date: /home/gfave/maze_ws/install/mazesim/share/mazesim//models/maze_map/model.sdf
[24.298s] -- Up-to-date: /home/gfave/maze_ws/install/mazesim/share/mazesim//models/maze_map/model.config
[24.298s] -- Up-to-date: /home/gfave/maze_ws/install/mazesim/share/mazesim//rviz
[24.298s] -- Up-to-date: /home/gfave/maze_ws/install/mazesim/share/mazesim//config
[24.298s] -- Up-to-date: /home/gfave/maze_ws/install/mazesim/share/mazesim//config/nav2_params.yaml
[24.298s] -- Up-to-date: /home/gfave/maze_ws/install/mazesim/share/mazesim//config/nav2_params_robot3.yaml
[24.298s] -- Up-to-date: /home/gfave/maze_ws/install/mazesim/share/mazesim//config/room_positions.yaml
[24.298s] -- Up-to-date: /home/gfave/maze_ws/install/mazesim/share/mazesim//config/nav2_params_robot1.yaml
[24.299s] -- Up-to-date: /home/gfave/maze_ws/install/mazesim/share/mazesim//urdf
[24.299s] -- Up-to-date: /home/gfave/maze_ws/install/mazesim/share/mazesim//urdf/turtlebot3_burger_fixed.urdf
[24.299s] -- Up-to-date: /home/gfave/maze_ws/install/mazesim/lib/mazesim/generate_walls.py
[24.300s] -- Up-to-date: /home/gfave/maze_ws/install/mazesim/lib/mazesim/verify_positions
[24.300s] -- Up-to-date: /home/gfave/maze_ws/install/mazesim/share/ament_index/resource_index/package_run_dependencies/mazesim
[24.301s] -- Up-to-date: /home/gfave/maze_ws/install/mazesim/share/ament_index/resource_index/parent_prefix_path/mazesim
[24.301s] -- Up-to-date: /home/gfave/maze_ws/install/mazesim/share/mazesim/environment/ament_prefix_path.sh
[24.301s] -- Up-to-date: /home/gfave/maze_ws/install/mazesim/share/mazesim/environment/ament_prefix_path.dsv
[24.301s] -- Up-to-date: /home/gfave/maze_ws/install/mazesim/share/mazesim/environment/path.sh
[24.301s] -- Up-to-date: /home/gfave/maze_ws/install/mazesim/share/mazesim/environment/path.dsv
[24.301s] -- Up-to-date: /home/gfave/maze_ws/install/mazesim/share/mazesim/local_setup.bash
[24.301s] -- Up-to-date: /home/gfave/maze_ws/install/mazesim/share/mazesim/local_setup.sh
[24.301s] -- Up-to-date: /home/gfave/maze_ws/install/mazesim/share/mazesim/local_setup.zsh
[24.301s] -- Up-to-date: /home/gfave/maze_ws/install/mazesim/share/mazesim/local_setup.dsv
[24.301s] -- Installing: /home/gfave/maze_ws/install/mazesim/share/mazesim/package.dsv
[24.302s] -- Up-to-date: /home/gfave/maze_ws/install/mazesim/share/ament_index/resource_index/packages/mazesim
[24.302s] -- Up-to-date: /home/gfave/maze_ws/install/mazesim/share/mazesim/cmake/mazesimConfig.cmake
[24.302s] -- Up-to-date: /home/gfave/maze_ws/install/mazesim/share/mazesim/cmake/mazesimConfig-version.cmake
[24.302s] -- Up-to-date: /home/gfave/maze_ws/install/mazesim/share/mazesim/package.xml
[24.304s] Invoked command in '/home/gfave/maze_ws/build/mazesim' returned '0': CMAKE_PREFIX_PATH=${CMAKE_PREFIX_PATH}:/opt/ros/humble /usr/bin/cmake --install /home/gfave/maze_ws/build/mazesim
