[0.147s] DEBUG:colcon:Command line arguments: ['/usr/bin/colcon', 'build', '--packages-select', 'real_maze_robots']
[0.147s] DEBUG:colcon:Parsed command line arguments: Namespace(log_base=None, log_level=None, verb_name='build', build_base='build', install_base='install', merge_install=False, symlink_install=False, test_result_base=None, continue_on_error=False, executor='parallel', parallel_workers=6, event_handlers=None, ignore_user_meta=False, metas=['./colcon.meta'], base_paths=['.'], packages_ignore=None, packages_ignore_regex=None, paths=None, packages_up_to=None, packages_up_to_regex=None, packages_above=None, packages_above_and_dependencies=None, packages_above_depth=None, packages_select_by_dep=None, packages_skip_by_dep=None, packages_skip_up_to=None, packages_select_build_failed=False, packages_skip_build_finished=False, packages_select_test_failures=False, packages_skip_test_passed=False, packages_select=['real_maze_robots'], packages_skip=None, packages_select_regex=None, packages_skip_regex=None, packages_start=None, packages_end=None, allow_overriding=[], cmake_args=None, cmake_target=None, cmake_target_skip_unavailable=False, cmake_clean_cache=False, cmake_clean_first=False, cmake_force_configure=False, ament_cmake_args=None, catkin_cmake_args=None, catkin_skip_building_tests=False, mixin_files=None, mixin=None, verb_parser=<colcon_mixin.mixin.mixin_argument.MixinArgumentDecorator object at 0x7a46410e1b10>, verb_extension=<colcon_core.verb.build.BuildVerb object at 0x7a46411cb640>, main=<bound method BuildVerb.main of <colcon_core.verb.build.BuildVerb object at 0x7a46411cb640>>, mixin_verb=('build',))
[0.334s] Level 1:colcon.colcon_core.package_discovery:discover_packages(colcon_meta) check parameters
[0.334s] Level 1:colcon.colcon_core.package_discovery:discover_packages(recursive) check parameters
[0.334s] Level 1:colcon.colcon_core.package_discovery:discover_packages(ignore) check parameters
[0.334s] Level 1:colcon.colcon_core.package_discovery:discover_packages(path) check parameters
[0.334s] Level 1:colcon.colcon_core.package_discovery:discover_packages(colcon_meta) discover
[0.334s] Level 1:colcon.colcon_core.package_discovery:discover_packages(recursive) discover
[0.335s] INFO:colcon.colcon_core.package_discovery:Crawling recursively for packages in '/home/usuario/maze_ws'
[0.335s] Level 1:colcon.colcon_core.package_identification:_identify(.) by extensions ['ignore', 'ignore_ament_install']
[0.335s] Level 1:colcon.colcon_core.package_identification:_identify(.) by extension 'ignore'
[0.335s] Level 1:colcon.colcon_core.package_identification:_identify(.) by extension 'ignore_ament_install'
[0.335s] Level 1:colcon.colcon_core.package_identification:_identify(.) by extensions ['colcon_pkg']
[0.335s] Level 1:colcon.colcon_core.package_identification:_identify(.) by extension 'colcon_pkg'
[0.335s] Level 1:colcon.colcon_core.package_identification:_identify(.) by extensions ['colcon_meta']
[0.335s] Level 1:colcon.colcon_core.package_identification:_identify(.) by extension 'colcon_meta'
[0.335s] Level 1:colcon.colcon_core.package_identification:_identify(.) by extensions ['ros']
[0.335s] Level 1:colcon.colcon_core.package_identification:_identify(.) by extension 'ros'
[0.349s] Level 1:colcon.colcon_core.package_identification:_identify(.) by extensions ['cmake', 'python']
[0.349s] Level 1:colcon.colcon_core.package_identification:_identify(.) by extension 'cmake'
[0.349s] Level 1:colcon.colcon_core.package_identification:_identify(.) by extension 'python'
[0.349s] Level 1:colcon.colcon_core.package_identification:_identify(.) by extensions ['python_setup_py']
[0.349s] Level 1:colcon.colcon_core.package_identification:_identify(.) by extension 'python_setup_py'
[0.349s] Level 1:colcon.colcon_core.package_identification:_identify(build) by extensions ['ignore', 'ignore_ament_install']
[0.349s] Level 1:colcon.colcon_core.package_identification:_identify(build) by extension 'ignore'
[0.349s] Level 1:colcon.colcon_core.package_identification:_identify(build) ignored
[0.350s] Level 1:colcon.colcon_core.package_identification:_identify(install) by extensions ['ignore', 'ignore_ament_install']
[0.350s] Level 1:colcon.colcon_core.package_identification:_identify(install) by extension 'ignore'
[0.350s] Level 1:colcon.colcon_core.package_identification:_identify(install) ignored
[0.350s] Level 1:colcon.colcon_core.package_identification:_identify(log) by extensions ['ignore', 'ignore_ament_install']
[0.350s] Level 1:colcon.colcon_core.package_identification:_identify(log) by extension 'ignore'
[0.350s] Level 1:colcon.colcon_core.package_identification:_identify(log) ignored
[0.350s] Level 1:colcon.colcon_core.package_identification:_identify(src) by extensions ['ignore', 'ignore_ament_install']
[0.350s] Level 1:colcon.colcon_core.package_identification:_identify(src) by extension 'ignore'
[0.350s] Level 1:colcon.colcon_core.package_identification:_identify(src) by extension 'ignore_ament_install'
[0.350s] Level 1:colcon.colcon_core.package_identification:_identify(src) by extensions ['colcon_pkg']
[0.350s] Level 1:colcon.colcon_core.package_identification:_identify(src) by extension 'colcon_pkg'
[0.350s] Level 1:colcon.colcon_core.package_identification:_identify(src) by extensions ['colcon_meta']
[0.350s] Level 1:colcon.colcon_core.package_identification:_identify(src) by extension 'colcon_meta'
[0.350s] Level 1:colcon.colcon_core.package_identification:_identify(src) by extensions ['ros']
[0.350s] Level 1:colcon.colcon_core.package_identification:_identify(src) by extension 'ros'
[0.350s] Level 1:colcon.colcon_core.package_identification:_identify(src) by extensions ['cmake', 'python']
[0.350s] Level 1:colcon.colcon_core.package_identification:_identify(src) by extension 'cmake'
[0.350s] Level 1:colcon.colcon_core.package_identification:_identify(src) by extension 'python'
[0.350s] Level 1:colcon.colcon_core.package_identification:_identify(src) by extensions ['python_setup_py']
[0.350s] Level 1:colcon.colcon_core.package_identification:_identify(src) by extension 'python_setup_py'
[0.351s] Level 1:colcon.colcon_core.package_identification:_identify(src/mazesim) by extensions ['ignore', 'ignore_ament_install']
[0.351s] Level 1:colcon.colcon_core.package_identification:_identify(src/mazesim) by extension 'ignore'
[0.351s] Level 1:colcon.colcon_core.package_identification:_identify(src/mazesim) by extension 'ignore_ament_install'
[0.351s] Level 1:colcon.colcon_core.package_identification:_identify(src/mazesim) by extensions ['colcon_pkg']
[0.351s] Level 1:colcon.colcon_core.package_identification:_identify(src/mazesim) by extension 'colcon_pkg'
[0.351s] Level 1:colcon.colcon_core.package_identification:_identify(src/mazesim) by extensions ['colcon_meta']
[0.351s] Level 1:colcon.colcon_core.package_identification:_identify(src/mazesim) by extension 'colcon_meta'
[0.351s] Level 1:colcon.colcon_core.package_identification:_identify(src/mazesim) by extensions ['ros']
[0.351s] Level 1:colcon.colcon_core.package_identification:_identify(src/mazesim) by extension 'ros'
[0.357s] DEBUG:colcon.colcon_core.package_identification:Package 'src/mazesim' with type 'ros.ament_cmake' and name 'mazesim'
[0.357s] Level 1:colcon.colcon_core.package_identification:_identify(src/real_maze_robots) by extensions ['ignore', 'ignore_ament_install']
[0.357s] Level 1:colcon.colcon_core.package_identification:_identify(src/real_maze_robots) by extension 'ignore'
[0.357s] Level 1:colcon.colcon_core.package_identification:_identify(src/real_maze_robots) by extension 'ignore_ament_install'
[0.357s] Level 1:colcon.colcon_core.package_identification:_identify(src/real_maze_robots) by extensions ['colcon_pkg']
[0.357s] Level 1:colcon.colcon_core.package_identification:_identify(src/real_maze_robots) by extension 'colcon_pkg'
[0.357s] Level 1:colcon.colcon_core.package_identification:_identify(src/real_maze_robots) by extensions ['colcon_meta']
[0.357s] Level 1:colcon.colcon_core.package_identification:_identify(src/real_maze_robots) by extension 'colcon_meta'
[0.357s] Level 1:colcon.colcon_core.package_identification:_identify(src/real_maze_robots) by extensions ['ros']
[0.357s] Level 1:colcon.colcon_core.package_identification:_identify(src/real_maze_robots) by extension 'ros'
[0.361s] DEBUG:colcon.colcon_core.package_identification:Package 'src/real_maze_robots' with type 'ros.ament_cmake' and name 'real_maze_robots'
[0.361s] Level 1:colcon.colcon_core.package_identification:_identify(test_suite_analysis) by extensions ['ignore', 'ignore_ament_install']
[0.361s] Level 1:colcon.colcon_core.package_identification:_identify(test_suite_analysis) by extension 'ignore'
[0.361s] Level 1:colcon.colcon_core.package_identification:_identify(test_suite_analysis) by extension 'ignore_ament_install'
[0.361s] Level 1:colcon.colcon_core.package_identification:_identify(test_suite_analysis) by extensions ['colcon_pkg']
[0.361s] Level 1:colcon.colcon_core.package_identification:_identify(test_suite_analysis) by extension 'colcon_pkg'
[0.361s] Level 1:colcon.colcon_core.package_identification:_identify(test_suite_analysis) by extensions ['colcon_meta']
[0.361s] Level 1:colcon.colcon_core.package_identification:_identify(test_suite_analysis) by extension 'colcon_meta'
[0.361s] Level 1:colcon.colcon_core.package_identification:_identify(test_suite_analysis) by extensions ['ros']
[0.361s] Level 1:colcon.colcon_core.package_identification:_identify(test_suite_analysis) by extension 'ros'
[0.361s] Level 1:colcon.colcon_core.package_identification:_identify(test_suite_analysis) by extensions ['cmake', 'python']
[0.361s] Level 1:colcon.colcon_core.package_identification:_identify(test_suite_analysis) by extension 'cmake'
[0.361s] Level 1:colcon.colcon_core.package_identification:_identify(test_suite_analysis) by extension 'python'
[0.361s] Level 1:colcon.colcon_core.package_identification:_identify(test_suite_analysis) by extensions ['python_setup_py']
[0.361s] Level 1:colcon.colcon_core.package_identification:_identify(test_suite_analysis) by extension 'python_setup_py'
[0.361s] Level 1:colcon.colcon_core.package_discovery:discover_packages(recursive) using defaults
[0.361s] Level 1:colcon.colcon_core.package_discovery:discover_packages(ignore) discover
[0.361s] Level 1:colcon.colcon_core.package_discovery:discover_packages(ignore) using defaults
[0.361s] Level 1:colcon.colcon_core.package_discovery:discover_packages(path) discover
[0.361s] Level 1:colcon.colcon_core.package_discovery:discover_packages(path) using defaults
[0.385s] INFO:colcon.colcon_core.package_selection:Skipping not selected package 'mazesim' in 'src/mazesim'
[0.385s] Level 1:colcon.colcon_core.package_discovery:discover_packages(prefix_path) check parameters
[0.385s] Level 1:colcon.colcon_core.package_discovery:discover_packages(prefix_path) discover
[0.387s] DEBUG:colcon.colcon_installed_package_information.package_discovery:Found 466 installed packages in /opt/ros/humble
[0.389s] Level 1:colcon.colcon_core.package_discovery:discover_packages(prefix_path) using defaults
[0.430s] Level 5:colcon.colcon_core.verb:set package 'real_maze_robots' build argument 'cmake_args' from command line to 'None'
[0.430s] Level 5:colcon.colcon_core.verb:set package 'real_maze_robots' build argument 'cmake_target' from command line to 'None'
[0.430s] Level 5:colcon.colcon_core.verb:set package 'real_maze_robots' build argument 'cmake_target_skip_unavailable' from command line to 'False'
[0.430s] Level 5:colcon.colcon_core.verb:set package 'real_maze_robots' build argument 'cmake_clean_cache' from command line to 'False'
[0.430s] Level 5:colcon.colcon_core.verb:set package 'real_maze_robots' build argument 'cmake_clean_first' from command line to 'False'
[0.430s] Level 5:colcon.colcon_core.verb:set package 'real_maze_robots' build argument 'cmake_force_configure' from command line to 'False'
[0.430s] Level 5:colcon.colcon_core.verb:set package 'real_maze_robots' build argument 'ament_cmake_args' from command line to 'None'
[0.430s] Level 5:colcon.colcon_core.verb:set package 'real_maze_robots' build argument 'catkin_cmake_args' from command line to 'None'
[0.430s] Level 5:colcon.colcon_core.verb:set package 'real_maze_robots' build argument 'catkin_skip_building_tests' from command line to 'False'
[0.431s] DEBUG:colcon.colcon_core.verb:Building package 'real_maze_robots' with the following arguments: {'ament_cmake_args': None, 'build_base': '/home/usuario/maze_ws/build/real_maze_robots', 'catkin_cmake_args': None, 'catkin_skip_building_tests': False, 'cmake_args': None, 'cmake_clean_cache': False, 'cmake_clean_first': False, 'cmake_force_configure': False, 'cmake_target': None, 'cmake_target_skip_unavailable': False, 'install_base': '/home/usuario/maze_ws/install/real_maze_robots', 'merge_install': False, 'path': '/home/usuario/maze_ws/src/real_maze_robots', 'symlink_install': False, 'test_result_base': None}
[0.431s] INFO:colcon.colcon_core.executor:Executing jobs using 'parallel' executor
[0.431s] DEBUG:colcon.colcon_parallel_executor.executor.parallel:run_until_complete
[0.432s] INFO:colcon.colcon_ros.task.ament_cmake.build:Building ROS package in '/home/usuario/maze_ws/src/real_maze_robots' with build type 'ament_cmake'
[0.432s] INFO:colcon.colcon_cmake.task.cmake.build:Building CMake package in '/home/usuario/maze_ws/src/real_maze_robots'
[0.433s] INFO:colcon.colcon_core.plugin_system:Skipping extension 'colcon_core.shell.bat': Not used on non-Windows systems
[0.434s] INFO:colcon.colcon_core.shell:Skip shell extension 'powershell' for command environment: Not usable outside of PowerShell
[0.434s] DEBUG:colcon.colcon_core.shell:Skip shell extension 'dsv' for command environment
[0.455s] DEBUG:colcon.colcon_core.event_handler.log_command:Invoking command in '/home/usuario/maze_ws/build/real_maze_robots': CMAKE_PREFIX_PATH=/opt/ros/humble /usr/bin/cmake --build /home/usuario/maze_ws/build/real_maze_robots -- -j6 -l6
[0.640s] DEBUG:colcon.colcon_core.event_handler.log_command:Invoked command in '/home/usuario/maze_ws/build/real_maze_robots' returned '0': CMAKE_PREFIX_PATH=/opt/ros/humble /usr/bin/cmake --build /home/usuario/maze_ws/build/real_maze_robots -- -j6 -l6
[0.658s] DEBUG:colcon.colcon_core.event_handler.log_command:Invoking command in '/home/usuario/maze_ws/build/real_maze_robots': CMAKE_PREFIX_PATH=/opt/ros/humble /usr/bin/cmake --install /home/usuario/maze_ws/build/real_maze_robots
[0.685s] Level 1:colcon.colcon_core.environment:create_environment_scripts_only(real_maze_robots)
[0.685s] DEBUG:colcon.colcon_core.event_handler.log_command:Invoked command in '/home/usuario/maze_ws/build/real_maze_robots' returned '0': CMAKE_PREFIX_PATH=/opt/ros/humble /usr/bin/cmake --install /home/usuario/maze_ws/build/real_maze_robots
[0.687s] Level 1:colcon.colcon_core.environment:checking '/home/usuario/maze_ws/install/real_maze_robots' for CMake module files
[0.688s] Level 1:colcon.colcon_core.environment:checking '/home/usuario/maze_ws/install/real_maze_robots' for CMake config files
[0.688s] Level 1:colcon.colcon_core.shell:create_environment_hook('real_maze_robots', 'cmake_prefix_path')
[0.688s] INFO:colcon.colcon_core.shell:Creating environment hook '/home/usuario/maze_ws/install/real_maze_robots/share/real_maze_robots/hook/cmake_prefix_path.ps1'
[0.690s] INFO:colcon.colcon_core.shell:Creating environment descriptor '/home/usuario/maze_ws/install/real_maze_robots/share/real_maze_robots/hook/cmake_prefix_path.dsv'
[0.691s] INFO:colcon.colcon_core.shell:Creating environment hook '/home/usuario/maze_ws/install/real_maze_robots/share/real_maze_robots/hook/cmake_prefix_path.sh'
[0.692s] Level 1:colcon.colcon_core.environment:checking '/home/usuario/maze_ws/install/real_maze_robots/lib'
[0.692s] Level 1:colcon.colcon_core.environment:checking '/home/usuario/maze_ws/install/real_maze_robots/bin'
[0.693s] Level 1:colcon.colcon_core.environment:checking '/home/usuario/maze_ws/install/real_maze_robots/lib/pkgconfig/real_maze_robots.pc'
[0.693s] Level 1:colcon.colcon_core.environment:checking '/home/usuario/maze_ws/install/real_maze_robots/lib/python3.10/site-packages'
[0.693s] Level 1:colcon.colcon_core.environment:checking '/home/usuario/maze_ws/install/real_maze_robots/bin'
[0.693s] INFO:colcon.colcon_core.shell:Creating package script '/home/usuario/maze_ws/install/real_maze_robots/share/real_maze_robots/package.ps1'
[0.699s] INFO:colcon.colcon_core.shell:Creating package descriptor '/home/usuario/maze_ws/install/real_maze_robots/share/real_maze_robots/package.dsv'
[0.701s] INFO:colcon.colcon_core.shell:Creating package script '/home/usuario/maze_ws/install/real_maze_robots/share/real_maze_robots/package.sh'
[0.706s] INFO:colcon.colcon_core.shell:Creating package script '/home/usuario/maze_ws/install/real_maze_robots/share/real_maze_robots/package.bash'
[0.708s] INFO:colcon.colcon_core.shell:Creating package script '/home/usuario/maze_ws/install/real_maze_robots/share/real_maze_robots/package.zsh'
[0.709s] Level 1:colcon.colcon_core.environment:create_file_with_runtime_dependencies(/home/usuario/maze_ws/install/real_maze_robots/share/colcon-core/packages/real_maze_robots)
[0.715s] Level 1:colcon.colcon_core.environment:create_environment_scripts_only(real_maze_robots)
[0.715s] Level 1:colcon.colcon_core.environment:checking '/home/usuario/maze_ws/install/real_maze_robots' for CMake module files
[0.715s] Level 1:colcon.colcon_core.environment:checking '/home/usuario/maze_ws/install/real_maze_robots' for CMake config files
[0.715s] Level 1:colcon.colcon_core.shell:create_environment_hook('real_maze_robots', 'cmake_prefix_path')
[0.716s] INFO:colcon.colcon_core.shell:Creating environment hook '/home/usuario/maze_ws/install/real_maze_robots/share/real_maze_robots/hook/cmake_prefix_path.ps1'
[0.717s] INFO:colcon.colcon_core.shell:Creating environment descriptor '/home/usuario/maze_ws/install/real_maze_robots/share/real_maze_robots/hook/cmake_prefix_path.dsv'
[0.718s] INFO:colcon.colcon_core.shell:Creating environment hook '/home/usuario/maze_ws/install/real_maze_robots/share/real_maze_robots/hook/cmake_prefix_path.sh'
[0.719s] Level 1:colcon.colcon_core.environment:checking '/home/usuario/maze_ws/install/real_maze_robots/lib'
[0.719s] Level 1:colcon.colcon_core.environment:checking '/home/usuario/maze_ws/install/real_maze_robots/bin'
[0.719s] Level 1:colcon.colcon_core.environment:checking '/home/usuario/maze_ws/install/real_maze_robots/lib/pkgconfig/real_maze_robots.pc'
[0.719s] Level 1:colcon.colcon_core.environment:checking '/home/usuario/maze_ws/install/real_maze_robots/lib/python3.10/site-packages'
[0.719s] Level 1:colcon.colcon_core.environment:checking '/home/usuario/maze_ws/install/real_maze_robots/bin'
[0.719s] INFO:colcon.colcon_core.shell:Creating package script '/home/usuario/maze_ws/install/real_maze_robots/share/real_maze_robots/package.ps1'
[0.720s] INFO:colcon.colcon_core.shell:Creating package descriptor '/home/usuario/maze_ws/install/real_maze_robots/share/real_maze_robots/package.dsv'
[0.721s] INFO:colcon.colcon_core.shell:Creating package script '/home/usuario/maze_ws/install/real_maze_robots/share/real_maze_robots/package.sh'
[0.722s] INFO:colcon.colcon_core.shell:Creating package script '/home/usuario/maze_ws/install/real_maze_robots/share/real_maze_robots/package.bash'
[0.723s] INFO:colcon.colcon_core.shell:Creating package script '/home/usuario/maze_ws/install/real_maze_robots/share/real_maze_robots/package.zsh'
[0.724s] Level 1:colcon.colcon_core.environment:create_file_with_runtime_dependencies(/home/usuario/maze_ws/install/real_maze_robots/share/colcon-core/packages/real_maze_robots)
[0.725s] DEBUG:colcon.colcon_parallel_executor.executor.parallel:closing loop
[0.725s] DEBUG:colcon.colcon_parallel_executor.executor.parallel:loop closed
[0.726s] DEBUG:colcon.colcon_parallel_executor.executor.parallel:run_until_complete finished with '0'
[0.726s] DEBUG:colcon.colcon_core.event_reactor:joining thread
[0.731s] INFO:colcon.colcon_core.plugin_system:Skipping extension 'colcon_notification.desktop_notification.terminal_notifier': Not used on non-Darwin systems
[0.731s] INFO:colcon.colcon_core.plugin_system:Skipping extension 'colcon_notification.desktop_notification.win32': Not used on non-Windows systems
[0.731s] INFO:colcon.colcon_notification.desktop_notification:Sending desktop notification using 'notify2'
[0.738s] DEBUG:colcon.colcon_core.event_reactor:joined thread
[0.738s] INFO:colcon.colcon_core.shell:Creating prefix script '/home/usuario/maze_ws/install/local_setup.ps1'
[0.740s] INFO:colcon.colcon_core.shell:Creating prefix util module '/home/usuario/maze_ws/install/_local_setup_util_ps1.py'
[0.742s] INFO:colcon.colcon_core.shell:Creating prefix chain script '/home/usuario/maze_ws/install/setup.ps1'
[0.743s] INFO:colcon.colcon_core.shell:Creating prefix script '/home/usuario/maze_ws/install/local_setup.sh'
[0.745s] INFO:colcon.colcon_core.shell:Creating prefix util module '/home/usuario/maze_ws/install/_local_setup_util_sh.py'
[0.746s] INFO:colcon.colcon_core.shell:Creating prefix chain script '/home/usuario/maze_ws/install/setup.sh'
[0.748s] INFO:colcon.colcon_core.shell:Creating prefix script '/home/usuario/maze_ws/install/local_setup.bash'
[0.749s] INFO:colcon.colcon_core.shell:Creating prefix chain script '/home/usuario/maze_ws/install/setup.bash'
[0.750s] INFO:colcon.colcon_core.shell:Creating prefix script '/home/usuario/maze_ws/install/local_setup.zsh'
[0.751s] INFO:colcon.colcon_core.shell:Creating prefix chain script '/home/usuario/maze_ws/install/setup.zsh'
