[0.014s] Invoking command in '/home/gfave/maze_ws/build/mazesim': CMAKE_PREFIX_PATH=${CMAKE_PREFIX_PATH}:/opt/ros/humble /usr/bin/cmake --build /home/gfave/maze_ws/build/mazesim -- -j8 -l8
[0.058s] [35m[1mConsolidate compiler generated dependencies of target verify_positions[0m
[0.058s] [35m[1mConsolidate compiler generated dependencies of target robot_controller[0m
[0.058s] [35m[1mConsolidate compiler generated dependencies of target nav2_command_translator[0m
[0.059s] [35m[1mConsolidate compiler generated dependencies of target nav2_command_bridge[0m
[0.071s] [ 12%] [32mBuilding CXX object CMakeFiles/verify_positions.dir/src/verify_positions.cpp.o[0m
[0.077s] [ 25%] [32mBuilding CXX object CMakeFiles/robot_controller.dir/src/robot_controller.cpp.o[0m
[0.077s] [ 37%] [32mBuilding CXX object CMakeFiles/nav2_command_translator.dir/src/nav2_command_translator.cpp.o[0m
[0.078s] [ 50%] [32mBuilding CXX object CMakeFiles/nav2_command_bridge.dir/src/nav2_command_bridge.cpp.o[0m
[0.997s] [ 62%] [32m[1mLinking CXX executable verify_positions[0m
[1.141s] [ 62%] Built target verify_positions
[3.537s] [01m[K/home/gfave/maze_ws/src/mazesim/src/nav2_command_translator.cpp:[m[K In member function ‘[01m[Kvoid Nav2CommandTranslator::feedbackCallback(rclcpp_action::ClientGoalHandle<nav2_msgs::action::NavigateToPose>::SharedPtr, std::shared_ptr<const nav2_msgs::action::NavigateToPose_Feedback_<std::allocator<void> > >)[m[K’:
[3.537s] [01m[K/home/gfave/maze_ws/src/mazesim/src/nav2_command_translator.cpp:142:63:[m[K [01;35m[Kwarning: [m[Kunused parameter ‘[01m[Kfeedback[m[K’ [[01;35m[K]8;;https://gcc.gnu.org/onlinedocs/gcc/Warning-Options.html#index-Wunused-parameter-Wunused-parameter]8;;[m[K]
[3.537s]   142 |         [01;35m[Kconst std::shared_ptr<const NavigateToPose::Feedback> feedback[m[K)
[3.537s]       |         [01;35m[K~~~~~~~~~~~~~~~~~~~~~~~~~~~~~~~~~~~~~~~~~~~~~~~~~~~~~~^~~~~~~~[m[K
[13.911s] [ 75%] [32m[1mLinking CXX executable nav2_command_translator[0m
[14.302s] [ 87%] [32m[1mLinking CXX executable nav2_command_bridge[0m
[15.215s] [ 87%] Built target nav2_command_translator
[15.381s] [ 87%] Built target nav2_command_bridge
[20.367s] [100%] [32m[1mLinking CXX executable robot_controller[0m
[21.455s] [100%] Built target robot_controller
[21.468s] Invoked command in '/home/gfave/maze_ws/build/mazesim' returned '0': CMAKE_PREFIX_PATH=${CMAKE_PREFIX_PATH}:/opt/ros/humble /usr/bin/cmake --build /home/gfave/maze_ws/build/mazesim -- -j8 -l8
[21.506s] Invoking command in '/home/gfave/maze_ws/build/mazesim': CMAKE_PREFIX_PATH=${CMAKE_PREFIX_PATH}:/opt/ros/humble /usr/bin/cmake --install /home/gfave/maze_ws/build/mazesim
[21.514s] -- Install configuration: ""
[21.515s] -- Installing: /home/gfave/maze_ws/install/mazesim/lib/mazesim/nav2_command_translator
[21.519s] -- Set runtime path of "/home/gfave/maze_ws/install/mazesim/lib/mazesim/nav2_command_translator" to ""
[21.520s] -- Installing: /home/gfave/maze_ws/install/mazesim/lib/mazesim/robot_controller
[21.525s] -- Set runtime path of "/home/gfave/maze_ws/install/mazesim/lib/mazesim/robot_controller" to ""
[21.525s] -- Up-to-date: /home/gfave/maze_ws/install/mazesim/lib/mazesim/odom_tf_broadcaster.py
[21.525s] -- Up-to-date: /home/gfave/maze_ws/install/mazesim/lib/mazesim/odom_frame_fixer.py
[21.525s] -- Up-to-date: /home/gfave/maze_ws/install/mazesim/lib/mazesim/laser_frame_remapper.py
[21.525s] -- Up-to-date: /home/gfave/maze_ws/install/mazesim/lib/mazesim/map_loader.py
[21.525s] -- Installing: /home/gfave/maze_ws/install/mazesim/lib/mazesim/nav2_command_bridge
[21.529s] -- Set runtime path of "/home/gfave/maze_ws/install/mazesim/lib/mazesim/nav2_command_bridge" to ""
[21.529s] -- Up-to-date: /home/gfave/maze_ws/install/mazesim/share/mazesim//launch
[21.530s] -- Up-to-date: /home/gfave/maze_ws/install/mazesim/share/mazesim//launch/complete_simulation.launch.py
[21.530s] -- Up-to-date: /home/gfave/maze_ws/install/mazesim/share/mazesim//launch/working_sim.launch.py
[21.530s] -- Up-to-date: /home/gfave/maze_ws/install/mazesim/share/mazesim//launch/complete_simulation_fixed.launch.py
[21.530s] -- Up-to-date: /home/gfave/maze_ws/install/mazesim/share/mazesim//launch/complete_simulation_direct.launch.py
[21.530s] -- Up-to-date: /home/gfave/maze_ws/install/mazesim/share/mazesim//launch/spawn_robots.launch.py
[21.530s] -- Up-to-date: /home/gfave/maze_ws/install/mazesim/share/mazesim//launch/complete_simulation_nav2.launch.py
[21.530s] -- Up-to-date: /home/gfave/maze_ws/install/mazesim/share/mazesim//launch/gazebo.launch.py
[21.531s] -- Up-to-date: /home/gfave/maze_ws/install/mazesim/share/mazesim//launch/localization_launch.py
[21.531s] -- Up-to-date: /home/gfave/maze_ws/install/mazesim/share/mazesim//launch/nav2_navigation.launch.py
[21.531s] -- Up-to-date: /home/gfave/maze_ws/install/mazesim/share/mazesim//launch/complete_simulation_with_odom_fix.launch.py
[21.531s] -- Up-to-date: /home/gfave/maze_ws/install/mazesim/share/mazesim//launch/complete_simulation_move.launch.py
[21.531s] -- Up-to-date: /home/gfave/maze_ws/install/mazesim/share/mazesim//maps
[21.531s] -- Up-to-date: /home/gfave/maze_ws/install/mazesim/share/mazesim//maps/my_map_1.pgm
[21.531s] -- Up-to-date: /home/gfave/maze_ws/install/mazesim/share/mazesim//maps/my_map_1.png
[21.531s] -- Up-to-date: /home/gfave/maze_ws/install/mazesim/share/mazesim//maps/my_map_1.yaml
[21.531s] -- Up-to-date: /home/gfave/maze_ws/install/mazesim/share/mazesim//worlds
[21.531s] -- Up-to-date: /home/gfave/maze_ws/install/mazesim/share/mazesim//worlds/maze_world.world
[21.531s] -- Up-to-date: /home/gfave/maze_ws/install/mazesim/share/mazesim//models
[21.531s] -- Up-to-date: /home/gfave/maze_ws/install/mazesim/share/mazesim//models/turtlebot3_burger
[21.531s] -- Up-to-date: /home/gfave/maze_ws/install/mazesim/share/mazesim//models/turtlebot3_burger/model.sdf
[21.532s] -- Up-to-date: /home/gfave/maze_ws/install/mazesim/share/mazesim//models/turtlebot3_burger/model.config
[21.532s] -- Up-to-date: /home/gfave/maze_ws/install/mazesim/share/mazesim//models/turtlebot3_burger/model-1_4.sdf
[21.532s] -- Up-to-date: /home/gfave/maze_ws/install/mazesim/share/mazesim//models/maze_map
[21.532s] -- Up-to-date: /home/gfave/maze_ws/install/mazesim/share/mazesim//models/maze_map/model.sdf
[21.532s] -- Up-to-date: /home/gfave/maze_ws/install/mazesim/share/mazesim//models/maze_map/model.config
[21.532s] -- Up-to-date: /home/gfave/maze_ws/install/mazesim/share/mazesim//rviz
[21.532s] -- Up-to-date: /home/gfave/maze_ws/install/mazesim/share/mazesim//config
[21.532s] -- Up-to-date: /home/gfave/maze_ws/install/mazesim/share/mazesim//config/nav2_params.yaml
[21.532s] -- Up-to-date: /home/gfave/maze_ws/install/mazesim/share/mazesim//config/nav2_params_robot3.yaml
[21.532s] -- Up-to-date: /home/gfave/maze_ws/install/mazesim/share/mazesim//config/room_positions.yaml
[21.532s] -- Up-to-date: /home/gfave/maze_ws/install/mazesim/share/mazesim//config/nav2_params_robot1.yaml
[21.532s] -- Up-to-date: /home/gfave/maze_ws/install/mazesim/share/mazesim//urdf
[21.532s] -- Up-to-date: /home/gfave/maze_ws/install/mazesim/share/mazesim//urdf/turtlebot3_burger_fixed.urdf
[21.532s] -- Up-to-date: /home/gfave/maze_ws/install/mazesim/lib/mazesim/generate_walls.py
[21.533s] -- Installing: /home/gfave/maze_ws/install/mazesim/lib/mazesim/verify_positions
[21.534s] -- Set runtime path of "/home/gfave/maze_ws/install/mazesim/lib/mazesim/verify_positions" to ""
[21.534s] -- Up-to-date: /home/gfave/maze_ws/install/mazesim/share/ament_index/resource_index/package_run_dependencies/mazesim
[21.534s] -- Up-to-date: /home/gfave/maze_ws/install/mazesim/share/ament_index/resource_index/parent_prefix_path/mazesim
[21.534s] -- Up-to-date: /home/gfave/maze_ws/install/mazesim/share/mazesim/environment/ament_prefix_path.sh
[21.534s] -- Up-to-date: /home/gfave/maze_ws/install/mazesim/share/mazesim/environment/ament_prefix_path.dsv
[21.534s] -- Up-to-date: /home/gfave/maze_ws/install/mazesim/share/mazesim/environment/path.sh
[21.534s] -- Up-to-date: /home/gfave/maze_ws/install/mazesim/share/mazesim/environment/path.dsv
[21.534s] -- Up-to-date: /home/gfave/maze_ws/install/mazesim/share/mazesim/local_setup.bash
[21.534s] -- Up-to-date: /home/gfave/maze_ws/install/mazesim/share/mazesim/local_setup.sh
[21.534s] -- Up-to-date: /home/gfave/maze_ws/install/mazesim/share/mazesim/local_setup.zsh
[21.534s] -- Up-to-date: /home/gfave/maze_ws/install/mazesim/share/mazesim/local_setup.dsv
[21.534s] -- Installing: /home/gfave/maze_ws/install/mazesim/share/mazesim/package.dsv
[21.534s] -- Up-to-date: /home/gfave/maze_ws/install/mazesim/share/ament_index/resource_index/packages/mazesim
[21.535s] -- Up-to-date: /home/gfave/maze_ws/install/mazesim/share/mazesim/cmake/mazesimConfig.cmake
[21.535s] -- Up-to-date: /home/gfave/maze_ws/install/mazesim/share/mazesim/cmake/mazesimConfig-version.cmake
[21.535s] -- Up-to-date: /home/gfave/maze_ws/install/mazesim/share/mazesim/package.xml
[21.537s] Invoked command in '/home/gfave/maze_ws/build/mazesim' returned '0': CMAKE_PREFIX_PATH=${CMAKE_PREFIX_PATH}:/opt/ros/humble /usr/bin/cmake --install /home/gfave/maze_ws/build/mazesim
