[0.013s] Invoking command in '/home/gfave/maze_ws/build/mazesim': CMAKE_PREFIX_PATH=${CMAKE_PREFIX_PATH}:/opt/ros/humble /usr/bin/cmake --build /home/gfave/maze_ws/build/mazesim -- -j8 -l8
[0.135s] [35m[1mConsolidate compiler generated dependencies of target robot_controller[0m
[0.144s] [ 12%] [32mBuilding CXX object CMakeFiles/verify_positions.dir/src/verify_positions.cpp.o[0m
[0.149s] [ 37%] [32mBuilding CXX object CMakeFiles/nav2_command_translator.dir/src/nav2_command_translator.cpp.o[0m
[0.150s] [ 37%] [32mBuilding CXX object CMakeFiles/nav2_command_bridge.dir/src/nav2_command_bridge.cpp.o[0m
[0.153s] [ 50%] [32mBuilding CXX object CMakeFiles/robot_controller.dir/src/robot_controller.cpp.o[0m
[1.011s] [ 62%] [32m[1mLinking CXX executable verify_positions[0m
[1.159s] [ 62%] Built target verify_positions
[3.294s] [01m[K/home/gfave/maze_ws/src/mazesim/src/nav2_command_translator.cpp:[m[K In member function ‘[01m[Kvoid Nav2CommandTranslator::feedbackCallback(rclcpp_action::ClientGoalHandle<nav2_msgs::action::NavigateToPose>::SharedPtr, std::shared_ptr<const nav2_msgs::action::NavigateToPose_Feedback_<std::allocator<void> > >)[m[K’:
[3.294s] [01m[K/home/gfave/maze_ws/src/mazesim/src/nav2_command_translator.cpp:142:63:[m[K [01;35m[Kwarning: [m[Kunused parameter ‘[01m[Kfeedback[m[K’ [[01;35m[K]8;;https://gcc.gnu.org/onlinedocs/gcc/Warning-Options.html#index-Wunused-parameter-Wunused-parameter]8;;[m[K]
[3.294s]   142 |         [01;35m[Kconst std::shared_ptr<const NavigateToPose::Feedback> feedback[m[K)
[3.294s]       |         [01;35m[K~~~~~~~~~~~~~~~~~~~~~~~~~~~~~~~~~~~~~~~~~~~~~~~~~~~~~~^~~~~~~~[m[K
[11.321s] [ 87%] [32m[1mLinking CXX executable nav2_command_bridge[0m
[11.321s] [ 87%] [32m[1mLinking CXX executable nav2_command_translator[0m
[12.373s] [ 87%] Built target nav2_command_translator
[12.377s] [ 87%] Built target nav2_command_bridge
[16.975s] [100%] [32m[1mLinking CXX executable robot_controller[0m
[17.831s] [100%] Built target robot_controller
[17.842s] Invoked command in '/home/gfave/maze_ws/build/mazesim' returned '0': CMAKE_PREFIX_PATH=${CMAKE_PREFIX_PATH}:/opt/ros/humble /usr/bin/cmake --build /home/gfave/maze_ws/build/mazesim -- -j8 -l8
[17.878s] Invoking command in '/home/gfave/maze_ws/build/mazesim': CMAKE_PREFIX_PATH=${CMAKE_PREFIX_PATH}:/opt/ros/humble /usr/bin/cmake --install /home/gfave/maze_ws/build/mazesim
[17.885s] -- Install configuration: ""
[17.889s] -- Installing: /home/gfave/maze_ws/install/mazesim/lib/mazesim/nav2_command_translator
[17.893s] -- Set runtime path of "/home/gfave/maze_ws/install/mazesim/lib/mazesim/nav2_command_translator" to ""
[17.893s] -- Installing: /home/gfave/maze_ws/install/mazesim/lib/mazesim/robot_controller
[17.899s] -- Set runtime path of "/home/gfave/maze_ws/install/mazesim/lib/mazesim/robot_controller" to ""
[17.899s] -- Up-to-date: /home/gfave/maze_ws/install/mazesim/lib/mazesim/odom_tf_broadcaster.py
[17.899s] -- Up-to-date: /home/gfave/maze_ws/install/mazesim/lib/mazesim/odom_frame_fixer.py
[17.899s] -- Up-to-date: /home/gfave/maze_ws/install/mazesim/lib/mazesim/laser_frame_remapper.py
[17.899s] -- Up-to-date: /home/gfave/maze_ws/install/mazesim/lib/mazesim/map_loader.py
[17.900s] -- Installing: /home/gfave/maze_ws/install/mazesim/lib/mazesim/nav2_command_bridge
[17.904s] -- Set runtime path of "/home/gfave/maze_ws/install/mazesim/lib/mazesim/nav2_command_bridge" to ""
[17.904s] -- Up-to-date: /home/gfave/maze_ws/install/mazesim/share/mazesim//launch
[17.904s] -- Up-to-date: /home/gfave/maze_ws/install/mazesim/share/mazesim//launch/complete_simulation.launch.py
[17.904s] -- Up-to-date: /home/gfave/maze_ws/install/mazesim/share/mazesim//launch/working_sim.launch.py
[17.904s] -- Up-to-date: /home/gfave/maze_ws/install/mazesim/share/mazesim//launch/complete_simulation_fixed.launch.py
[17.904s] -- Up-to-date: /home/gfave/maze_ws/install/mazesim/share/mazesim//launch/complete_simulation_direct.launch.py
[17.904s] -- Up-to-date: /home/gfave/maze_ws/install/mazesim/share/mazesim//launch/spawn_robots.launch.py
[17.904s] -- Up-to-date: /home/gfave/maze_ws/install/mazesim/share/mazesim//launch/complete_simulation_nav2.launch.py
[17.905s] -- Up-to-date: /home/gfave/maze_ws/install/mazesim/share/mazesim//launch/gazebo.launch.py
[17.905s] -- Up-to-date: /home/gfave/maze_ws/install/mazesim/share/mazesim//launch/localization_launch.py
[17.905s] -- Up-to-date: /home/gfave/maze_ws/install/mazesim/share/mazesim//launch/nav2_navigation.launch.py
[17.905s] -- Up-to-date: /home/gfave/maze_ws/install/mazesim/share/mazesim//launch/complete_simulation_with_odom_fix.launch.py
[17.905s] -- Up-to-date: /home/gfave/maze_ws/install/mazesim/share/mazesim//launch/complete_simulation_move.launch.py
[17.905s] -- Up-to-date: /home/gfave/maze_ws/install/mazesim/share/mazesim//maps
[17.905s] -- Up-to-date: /home/gfave/maze_ws/install/mazesim/share/mazesim//maps/my_map_1.pgm
[17.905s] -- Up-to-date: /home/gfave/maze_ws/install/mazesim/share/mazesim//maps/my_map_1.png
[17.905s] -- Up-to-date: /home/gfave/maze_ws/install/mazesim/share/mazesim//maps/my_map_1.yaml
[17.905s] -- Up-to-date: /home/gfave/maze_ws/install/mazesim/share/mazesim//worlds
[17.905s] -- Up-to-date: /home/gfave/maze_ws/install/mazesim/share/mazesim//worlds/maze_world.world
[17.905s] -- Up-to-date: /home/gfave/maze_ws/install/mazesim/share/mazesim//models
[17.905s] -- Up-to-date: /home/gfave/maze_ws/install/mazesim/share/mazesim//models/turtlebot3_burger
[17.906s] -- Up-to-date: /home/gfave/maze_ws/install/mazesim/share/mazesim//models/turtlebot3_burger/model.sdf
[17.906s] -- Up-to-date: /home/gfave/maze_ws/install/mazesim/share/mazesim//models/turtlebot3_burger/model.config
[17.906s] -- Up-to-date: /home/gfave/maze_ws/install/mazesim/share/mazesim//models/turtlebot3_burger/model-1_4.sdf
[17.906s] -- Up-to-date: /home/gfave/maze_ws/install/mazesim/share/mazesim//models/maze_map
[17.906s] -- Up-to-date: /home/gfave/maze_ws/install/mazesim/share/mazesim//models/maze_map/model.sdf
[17.906s] -- Up-to-date: /home/gfave/maze_ws/install/mazesim/share/mazesim//models/maze_map/model.config
[17.906s] -- Up-to-date: /home/gfave/maze_ws/install/mazesim/share/mazesim//rviz
[17.906s] -- Up-to-date: /home/gfave/maze_ws/install/mazesim/share/mazesim//config
[17.907s] -- Up-to-date: /home/gfave/maze_ws/install/mazesim/share/mazesim//config/nav2_params.yaml
[17.907s] -- Up-to-date: /home/gfave/maze_ws/install/mazesim/share/mazesim//config/nav2_params_robot3.yaml
[17.907s] -- Up-to-date: /home/gfave/maze_ws/install/mazesim/share/mazesim//config/room_positions.yaml
[17.907s] -- Up-to-date: /home/gfave/maze_ws/install/mazesim/share/mazesim//config/nav2_params_robot1.yaml
[17.907s] -- Up-to-date: /home/gfave/maze_ws/install/mazesim/share/mazesim//urdf
[17.907s] -- Up-to-date: /home/gfave/maze_ws/install/mazesim/share/mazesim//urdf/turtlebot3_burger_fixed.urdf
[17.907s] -- Up-to-date: /home/gfave/maze_ws/install/mazesim/lib/mazesim/generate_walls.py
[17.909s] -- Installing: /home/gfave/maze_ws/install/mazesim/lib/mazesim/verify_positions
[17.910s] -- Set runtime path of "/home/gfave/maze_ws/install/mazesim/lib/mazesim/verify_positions" to ""
[17.910s] -- Up-to-date: /home/gfave/maze_ws/install/mazesim/share/ament_index/resource_index/package_run_dependencies/mazesim
[17.911s] -- Up-to-date: /home/gfave/maze_ws/install/mazesim/share/ament_index/resource_index/parent_prefix_path/mazesim
[17.911s] -- Up-to-date: /home/gfave/maze_ws/install/mazesim/share/mazesim/environment/ament_prefix_path.sh
[17.911s] -- Up-to-date: /home/gfave/maze_ws/install/mazesim/share/mazesim/environment/ament_prefix_path.dsv
[17.911s] -- Up-to-date: /home/gfave/maze_ws/install/mazesim/share/mazesim/environment/path.sh
[17.911s] -- Up-to-date: /home/gfave/maze_ws/install/mazesim/share/mazesim/environment/path.dsv
[17.911s] -- Up-to-date: /home/gfave/maze_ws/install/mazesim/share/mazesim/local_setup.bash
[17.911s] -- Up-to-date: /home/gfave/maze_ws/install/mazesim/share/mazesim/local_setup.sh
[17.912s] -- Up-to-date: /home/gfave/maze_ws/install/mazesim/share/mazesim/local_setup.zsh
[17.912s] -- Up-to-date: /home/gfave/maze_ws/install/mazesim/share/mazesim/local_setup.dsv
[17.912s] -- Installing: /home/gfave/maze_ws/install/mazesim/share/mazesim/package.dsv
[17.912s] -- Up-to-date: /home/gfave/maze_ws/install/mazesim/share/ament_index/resource_index/packages/mazesim
[17.912s] -- Up-to-date: /home/gfave/maze_ws/install/mazesim/share/mazesim/cmake/mazesimConfig.cmake
[17.912s] -- Up-to-date: /home/gfave/maze_ws/install/mazesim/share/mazesim/cmake/mazesimConfig-version.cmake
[17.912s] -- Up-to-date: /home/gfave/maze_ws/install/mazesim/share/mazesim/package.xml
[17.914s] Invoked command in '/home/gfave/maze_ws/build/mazesim' returned '0': CMAKE_PREFIX_PATH=${CMAKE_PREFIX_PATH}:/opt/ros/humble /usr/bin/cmake --install /home/gfave/maze_ws/build/mazesim
