[0.362s] DEBUG:colcon:Command line arguments: ['/usr/bin/colcon', 'build']
[0.362s] DEBUG:colcon:Parsed command line arguments: Namespace(log_base=None, log_level=None, verb_name='build', build_base='build', install_base='install', merge_install=False, symlink_install=False, test_result_base=None, continue_on_error=False, executor='parallel', parallel_workers=8, event_handlers=None, ignore_user_meta=False, metas=['./colcon.meta'], base_paths=['.'], packages_ignore=None, packages_ignore_regex=None, paths=None, packages_up_to=None, packages_up_to_regex=None, packages_above=None, packages_above_and_dependencies=None, packages_above_depth=None, packages_select_by_dep=None, packages_skip_by_dep=None, packages_skip_up_to=None, packages_select_build_failed=False, packages_skip_build_finished=False, packages_select_test_failures=False, packages_skip_test_passed=False, packages_select=None, packages_skip=None, packages_select_regex=None, packages_skip_regex=None, packages_start=None, packages_end=None, allow_overriding=[], cmake_args=None, cmake_target=None, cmake_target_skip_unavailable=False, cmake_clean_cache=False, cmake_clean_first=False, cmake_force_configure=False, ament_cmake_args=None, catkin_cmake_args=None, catkin_skip_building_tests=False, mixin_files=None, mixin=None, verb_parser=<colcon_mixin.mixin.mixin_argument.MixinArgumentDecorator object at 0x7690da974fa0>, verb_extension=<colcon_core.verb.build.BuildVerb object at 0x7690daa75600>, main=<bound method BuildVerb.main of <colcon_core.verb.build.BuildVerb object at 0x7690daa75600>>, mixin_verb=('build',))
[1.175s] Level 1:colcon.colcon_core.package_discovery:discover_packages(colcon_meta) check parameters
[1.175s] Level 1:colcon.colcon_core.package_discovery:discover_packages(recursive) check parameters
[1.175s] Level 1:colcon.colcon_core.package_discovery:discover_packages(ignore) check parameters
[1.175s] Level 1:colcon.colcon_core.package_discovery:discover_packages(path) check parameters
[1.175s] Level 1:colcon.colcon_core.package_discovery:discover_packages(colcon_meta) discover
[1.175s] Level 1:colcon.colcon_core.package_discovery:discover_packages(recursive) discover
[1.176s] INFO:colcon.colcon_core.package_discovery:Crawling recursively for packages in '/home/gfave/maze_ws'
[1.176s] Level 1:colcon.colcon_core.package_identification:_identify(.) by extensions ['ignore', 'ignore_ament_install']
[1.176s] Level 1:colcon.colcon_core.package_identification:_identify(.) by extension 'ignore'
[1.176s] Level 1:colcon.colcon_core.package_identification:_identify(.) by extension 'ignore_ament_install'
[1.177s] Level 1:colcon.colcon_core.package_identification:_identify(.) by extensions ['colcon_pkg']
[1.177s] Level 1:colcon.colcon_core.package_identification:_identify(.) by extension 'colcon_pkg'
[1.177s] Level 1:colcon.colcon_core.package_identification:_identify(.) by extensions ['colcon_meta']
[1.177s] Level 1:colcon.colcon_core.package_identification:_identify(.) by extension 'colcon_meta'
[1.177s] Level 1:colcon.colcon_core.package_identification:_identify(.) by extensions ['ros']
[1.177s] Level 1:colcon.colcon_core.package_identification:_identify(.) by extension 'ros'
[1.252s] Level 1:colcon.colcon_core.package_identification:_identify(.) by extensions ['cmake', 'python']
[1.253s] Level 1:colcon.colcon_core.package_identification:_identify(.) by extension 'cmake'
[1.253s] Level 1:colcon.colcon_core.package_identification:_identify(.) by extension 'python'
[1.253s] Level 1:colcon.colcon_core.package_identification:_identify(.) by extensions ['python_setup_py']
[1.257s] Level 1:colcon.colcon_core.package_identification:_identify(.) by extension 'python_setup_py'
[1.258s] Level 1:colcon.colcon_core.package_identification:_identify(build) by extensions ['ignore', 'ignore_ament_install']
[1.258s] Level 1:colcon.colcon_core.package_identification:_identify(build) by extension 'ignore'
[1.258s] Level 1:colcon.colcon_core.package_identification:_identify(build) ignored
[1.258s] Level 1:colcon.colcon_core.package_identification:_identify(install) by extensions ['ignore', 'ignore_ament_install']
[1.259s] Level 1:colcon.colcon_core.package_identification:_identify(install) by extension 'ignore'
[1.259s] Level 1:colcon.colcon_core.package_identification:_identify(install) ignored
[1.259s] Level 1:colcon.colcon_core.package_identification:_identify(log) by extensions ['ignore', 'ignore_ament_install']
[1.260s] Level 1:colcon.colcon_core.package_identification:_identify(log) by extension 'ignore'
[1.260s] Level 1:colcon.colcon_core.package_identification:_identify(log) ignored
[1.260s] Level 1:colcon.colcon_core.package_identification:_identify(src) by extensions ['ignore', 'ignore_ament_install']
[1.260s] Level 1:colcon.colcon_core.package_identification:_identify(src) by extension 'ignore'
[1.260s] Level 1:colcon.colcon_core.package_identification:_identify(src) by extension 'ignore_ament_install'
[1.260s] Level 1:colcon.colcon_core.package_identification:_identify(src) by extensions ['colcon_pkg']
[1.261s] Level 1:colcon.colcon_core.package_identification:_identify(src) by extension 'colcon_pkg'
[1.261s] Level 1:colcon.colcon_core.package_identification:_identify(src) by extensions ['colcon_meta']
[1.261s] Level 1:colcon.colcon_core.package_identification:_identify(src) by extension 'colcon_meta'
[1.261s] Level 1:colcon.colcon_core.package_identification:_identify(src) by extensions ['ros']
[1.264s] Level 1:colcon.colcon_core.package_identification:_identify(src) by extension 'ros'
[1.265s] Level 1:colcon.colcon_core.package_identification:_identify(src) by extensions ['cmake', 'python']
[1.265s] Level 1:colcon.colcon_core.package_identification:_identify(src) by extension 'cmake'
[1.265s] Level 1:colcon.colcon_core.package_identification:_identify(src) by extension 'python'
[1.265s] Level 1:colcon.colcon_core.package_identification:_identify(src) by extensions ['python_setup_py']
[1.265s] Level 1:colcon.colcon_core.package_identification:_identify(src) by extension 'python_setup_py'
[1.266s] Level 1:colcon.colcon_core.package_identification:_identify(src/mazesim) by extensions ['ignore', 'ignore_ament_install']
[1.266s] Level 1:colcon.colcon_core.package_identification:_identify(src/mazesim) by extension 'ignore'
[1.266s] Level 1:colcon.colcon_core.package_identification:_identify(src/mazesim) by extension 'ignore_ament_install'
[1.266s] Level 1:colcon.colcon_core.package_identification:_identify(src/mazesim) by extensions ['colcon_pkg']
[1.266s] Level 1:colcon.colcon_core.package_identification:_identify(src/mazesim) by extension 'colcon_pkg'
[1.267s] Level 1:colcon.colcon_core.package_identification:_identify(src/mazesim) by extensions ['colcon_meta']
[1.267s] Level 1:colcon.colcon_core.package_identification:_identify(src/mazesim) by extension 'colcon_meta'
[1.267s] Level 1:colcon.colcon_core.package_identification:_identify(src/mazesim) by extensions ['ros']
[1.267s] Level 1:colcon.colcon_core.package_identification:_identify(src/mazesim) by extension 'ros'
[1.280s] DEBUG:colcon.colcon_core.package_identification:Package 'src/mazesim' with type 'ros.ament_cmake' and name 'mazesim'
[1.280s] Level 1:colcon.colcon_core.package_identification:_identify(test_suite_analysis) by extensions ['ignore', 'ignore_ament_install']
[1.280s] Level 1:colcon.colcon_core.package_identification:_identify(test_suite_analysis) by extension 'ignore'
[1.280s] Level 1:colcon.colcon_core.package_identification:_identify(test_suite_analysis) by extension 'ignore_ament_install'
[1.281s] Level 1:colcon.colcon_core.package_identification:_identify(test_suite_analysis) by extensions ['colcon_pkg']
[1.281s] Level 1:colcon.colcon_core.package_identification:_identify(test_suite_analysis) by extension 'colcon_pkg'
[1.281s] Level 1:colcon.colcon_core.package_identification:_identify(test_suite_analysis) by extensions ['colcon_meta']
[1.281s] Level 1:colcon.colcon_core.package_identification:_identify(test_suite_analysis) by extension 'colcon_meta'
[1.281s] Level 1:colcon.colcon_core.package_identification:_identify(test_suite_analysis) by extensions ['ros']
[1.281s] Level 1:colcon.colcon_core.package_identification:_identify(test_suite_analysis) by extension 'ros'
[1.281s] Level 1:colcon.colcon_core.package_identification:_identify(test_suite_analysis) by extensions ['cmake', 'python']
[1.281s] Level 1:colcon.colcon_core.package_identification:_identify(test_suite_analysis) by extension 'cmake'
[1.282s] Level 1:colcon.colcon_core.package_identification:_identify(test_suite_analysis) by extension 'python'
[1.282s] Level 1:colcon.colcon_core.package_identification:_identify(test_suite_analysis) by extensions ['python_setup_py']
[1.282s] Level 1:colcon.colcon_core.package_identification:_identify(test_suite_analysis) by extension 'python_setup_py'
[1.282s] Level 1:colcon.colcon_core.package_discovery:discover_packages(recursive) using defaults
[1.282s] Level 1:colcon.colcon_core.package_discovery:discover_packages(ignore) discover
[1.282s] Level 1:colcon.colcon_core.package_discovery:discover_packages(ignore) using defaults
[1.282s] Level 1:colcon.colcon_core.package_discovery:discover_packages(path) discover
[1.282s] Level 1:colcon.colcon_core.package_discovery:discover_packages(path) using defaults
[1.341s] Level 1:colcon.colcon_core.package_discovery:discover_packages(prefix_path) check parameters
[1.342s] Level 1:colcon.colcon_core.package_discovery:discover_packages(prefix_path) discover
[1.349s] DEBUG:colcon.colcon_installed_package_information.package_discovery:Found 1 installed packages in /home/gfave/maze_ws/install
[1.355s] DEBUG:colcon.colcon_installed_package_information.package_discovery:Found 407 installed packages in /opt/ros/humble
[1.361s] Level 1:colcon.colcon_core.package_discovery:discover_packages(prefix_path) using defaults
[1.489s] Level 5:colcon.colcon_core.verb:set package 'mazesim' build argument 'cmake_args' from command line to 'None'
[1.489s] Level 5:colcon.colcon_core.verb:set package 'mazesim' build argument 'cmake_target' from command line to 'None'
[1.489s] Level 5:colcon.colcon_core.verb:set package 'mazesim' build argument 'cmake_target_skip_unavailable' from command line to 'False'
[1.489s] Level 5:colcon.colcon_core.verb:set package 'mazesim' build argument 'cmake_clean_cache' from command line to 'False'
[1.489s] Level 5:colcon.colcon_core.verb:set package 'mazesim' build argument 'cmake_clean_first' from command line to 'False'
[1.489s] Level 5:colcon.colcon_core.verb:set package 'mazesim' build argument 'cmake_force_configure' from command line to 'False'
[1.489s] Level 5:colcon.colcon_core.verb:set package 'mazesim' build argument 'ament_cmake_args' from command line to 'None'
[1.489s] Level 5:colcon.colcon_core.verb:set package 'mazesim' build argument 'catkin_cmake_args' from command line to 'None'
[1.489s] Level 5:colcon.colcon_core.verb:set package 'mazesim' build argument 'catkin_skip_building_tests' from command line to 'False'
[1.489s] DEBUG:colcon.colcon_core.verb:Building package 'mazesim' with the following arguments: {'ament_cmake_args': None, 'build_base': '/home/gfave/maze_ws/build/mazesim', 'catkin_cmake_args': None, 'catkin_skip_building_tests': False, 'cmake_args': None, 'cmake_clean_cache': False, 'cmake_clean_first': False, 'cmake_force_configure': False, 'cmake_target': None, 'cmake_target_skip_unavailable': False, 'install_base': '/home/gfave/maze_ws/install/mazesim', 'merge_install': False, 'path': '/home/gfave/maze_ws/src/mazesim', 'symlink_install': False, 'test_result_base': None}
[1.490s] INFO:colcon.colcon_core.executor:Executing jobs using 'parallel' executor
[1.493s] DEBUG:colcon.colcon_parallel_executor.executor.parallel:run_until_complete
[1.493s] INFO:colcon.colcon_ros.task.ament_cmake.build:Building ROS package in '/home/gfave/maze_ws/src/mazesim' with build type 'ament_cmake'
[1.494s] INFO:colcon.colcon_cmake.task.cmake.build:Building CMake package in '/home/gfave/maze_ws/src/mazesim'
[1.510s] INFO:colcon.colcon_core.plugin_system:Skipping extension 'colcon_core.shell.bat': Not used on non-Windows systems
[1.511s] INFO:colcon.colcon_core.shell:Skip shell extension 'powershell' for command environment: Not usable outside of PowerShell
[1.515s] DEBUG:colcon.colcon_core.shell:Skip shell extension 'dsv' for command environment
[1.561s] DEBUG:colcon.colcon_core.event_handler.log_command:Invoking command in '/home/gfave/maze_ws/build/mazesim': CMAKE_PREFIX_PATH=${CMAKE_PREFIX_PATH}:/opt/ros/humble /usr/bin/cmake --build /home/gfave/maze_ws/build/mazesim -- -j8 -l8
[26.174s] DEBUG:colcon.colcon_core.event_handler.log_command:Invoked command in '/home/gfave/maze_ws/build/mazesim' returned '0': CMAKE_PREFIX_PATH=${CMAKE_PREFIX_PATH}:/opt/ros/humble /usr/bin/cmake --build /home/gfave/maze_ws/build/mazesim -- -j8 -l8
[26.231s] DEBUG:colcon.colcon_core.event_handler.log_command:Invoking command in '/home/gfave/maze_ws/build/mazesim': CMAKE_PREFIX_PATH=${CMAKE_PREFIX_PATH}:/opt/ros/humble /usr/bin/cmake --install /home/gfave/maze_ws/build/mazesim
[26.278s] Level 1:colcon.colcon_core.environment:create_environment_scripts_only(mazesim)
[26.279s] DEBUG:colcon.colcon_core.event_handler.log_command:Invoked command in '/home/gfave/maze_ws/build/mazesim' returned '0': CMAKE_PREFIX_PATH=${CMAKE_PREFIX_PATH}:/opt/ros/humble /usr/bin/cmake --install /home/gfave/maze_ws/build/mazesim
[26.285s] Level 1:colcon.colcon_core.environment:checking '/home/gfave/maze_ws/install/mazesim' for CMake module files
[26.286s] Level 1:colcon.colcon_core.environment:checking '/home/gfave/maze_ws/install/mazesim' for CMake config files
[26.289s] Level 1:colcon.colcon_core.shell:create_environment_hook('mazesim', 'cmake_prefix_path')
[26.289s] INFO:colcon.colcon_core.shell:Creating environment hook '/home/gfave/maze_ws/install/mazesim/share/mazesim/hook/cmake_prefix_path.ps1'
[26.290s] INFO:colcon.colcon_core.shell:Creating environment descriptor '/home/gfave/maze_ws/install/mazesim/share/mazesim/hook/cmake_prefix_path.dsv'
[26.291s] INFO:colcon.colcon_core.shell:Creating environment hook '/home/gfave/maze_ws/install/mazesim/share/mazesim/hook/cmake_prefix_path.sh'
[26.292s] Level 1:colcon.colcon_core.environment:checking '/home/gfave/maze_ws/install/mazesim/lib'
[26.293s] Level 1:colcon.colcon_core.environment:checking '/home/gfave/maze_ws/install/mazesim/bin'
[26.293s] Level 1:colcon.colcon_core.environment:checking '/home/gfave/maze_ws/install/mazesim/lib/pkgconfig/mazesim.pc'
[26.293s] Level 1:colcon.colcon_core.environment:checking '/home/gfave/maze_ws/install/mazesim/lib/python3.10/site-packages'
[26.294s] Level 1:colcon.colcon_core.environment:checking '/home/gfave/maze_ws/install/mazesim/bin'
[26.294s] INFO:colcon.colcon_core.shell:Creating package script '/home/gfave/maze_ws/install/mazesim/share/mazesim/package.ps1'
[26.295s] INFO:colcon.colcon_core.shell:Creating package descriptor '/home/gfave/maze_ws/install/mazesim/share/mazesim/package.dsv'
[26.297s] INFO:colcon.colcon_core.shell:Creating package script '/home/gfave/maze_ws/install/mazesim/share/mazesim/package.sh'
[26.298s] INFO:colcon.colcon_core.shell:Creating package script '/home/gfave/maze_ws/install/mazesim/share/mazesim/package.bash'
[26.299s] INFO:colcon.colcon_core.shell:Creating package script '/home/gfave/maze_ws/install/mazesim/share/mazesim/package.zsh'
[26.301s] Level 1:colcon.colcon_core.environment:create_file_with_runtime_dependencies(/home/gfave/maze_ws/install/mazesim/share/colcon-core/packages/mazesim)
[26.341s] Level 1:colcon.colcon_core.environment:create_environment_scripts_only(mazesim)
[26.341s] Level 1:colcon.colcon_core.environment:checking '/home/gfave/maze_ws/install/mazesim' for CMake module files
[26.342s] Level 1:colcon.colcon_core.environment:checking '/home/gfave/maze_ws/install/mazesim' for CMake config files
[26.342s] Level 1:colcon.colcon_core.shell:create_environment_hook('mazesim', 'cmake_prefix_path')
[26.343s] INFO:colcon.colcon_core.shell:Creating environment hook '/home/gfave/maze_ws/install/mazesim/share/mazesim/hook/cmake_prefix_path.ps1'
[26.343s] INFO:colcon.colcon_core.shell:Creating environment descriptor '/home/gfave/maze_ws/install/mazesim/share/mazesim/hook/cmake_prefix_path.dsv'
[26.344s] INFO:colcon.colcon_core.shell:Creating environment hook '/home/gfave/maze_ws/install/mazesim/share/mazesim/hook/cmake_prefix_path.sh'
[26.344s] Level 1:colcon.colcon_core.environment:checking '/home/gfave/maze_ws/install/mazesim/lib'
[26.344s] Level 1:colcon.colcon_core.environment:checking '/home/gfave/maze_ws/install/mazesim/bin'
[26.344s] Level 1:colcon.colcon_core.environment:checking '/home/gfave/maze_ws/install/mazesim/lib/pkgconfig/mazesim.pc'
[26.345s] Level 1:colcon.colcon_core.environment:checking '/home/gfave/maze_ws/install/mazesim/lib/python3.10/site-packages'
[26.345s] Level 1:colcon.colcon_core.environment:checking '/home/gfave/maze_ws/install/mazesim/bin'
[26.345s] INFO:colcon.colcon_core.shell:Creating package script '/home/gfave/maze_ws/install/mazesim/share/mazesim/package.ps1'
[26.346s] INFO:colcon.colcon_core.shell:Creating package descriptor '/home/gfave/maze_ws/install/mazesim/share/mazesim/package.dsv'
[26.347s] INFO:colcon.colcon_core.shell:Creating package script '/home/gfave/maze_ws/install/mazesim/share/mazesim/package.sh'
[26.347s] INFO:colcon.colcon_core.shell:Creating package script '/home/gfave/maze_ws/install/mazesim/share/mazesim/package.bash'
[26.347s] INFO:colcon.colcon_core.shell:Creating package script '/home/gfave/maze_ws/install/mazesim/share/mazesim/package.zsh'
[26.348s] Level 1:colcon.colcon_core.environment:create_file_with_runtime_dependencies(/home/gfave/maze_ws/install/mazesim/share/colcon-core/packages/mazesim)
[26.348s] DEBUG:colcon.colcon_parallel_executor.executor.parallel:closing loop
[26.349s] DEBUG:colcon.colcon_parallel_executor.executor.parallel:loop closed
[26.349s] DEBUG:colcon.colcon_parallel_executor.executor.parallel:run_until_complete finished with '0'
[26.349s] DEBUG:colcon.colcon_core.event_reactor:joining thread
[26.360s] INFO:colcon.colcon_core.plugin_system:Skipping extension 'colcon_notification.desktop_notification.terminal_notifier': Not used on non-Darwin systems
[26.361s] INFO:colcon.colcon_core.plugin_system:Skipping extension 'colcon_notification.desktop_notification.win32': Not used on non-Windows systems
[26.361s] INFO:colcon.colcon_notification.desktop_notification:Sending desktop notification using 'notify2'
[26.390s] DEBUG:colcon.colcon_core.event_reactor:joined thread
[26.390s] INFO:colcon.colcon_core.shell:Creating prefix script '/home/gfave/maze_ws/install/local_setup.ps1'
[26.392s] INFO:colcon.colcon_core.shell:Creating prefix util module '/home/gfave/maze_ws/install/_local_setup_util_ps1.py'
[26.395s] INFO:colcon.colcon_core.shell:Creating prefix chain script '/home/gfave/maze_ws/install/setup.ps1'
[26.398s] INFO:colcon.colcon_core.shell:Creating prefix script '/home/gfave/maze_ws/install/local_setup.sh'
[26.400s] INFO:colcon.colcon_core.shell:Creating prefix util module '/home/gfave/maze_ws/install/_local_setup_util_sh.py'
[26.401s] INFO:colcon.colcon_core.shell:Creating prefix chain script '/home/gfave/maze_ws/install/setup.sh'
[26.404s] INFO:colcon.colcon_core.shell:Creating prefix script '/home/gfave/maze_ws/install/local_setup.bash'
[26.407s] INFO:colcon.colcon_core.shell:Creating prefix chain script '/home/gfave/maze_ws/install/setup.bash'
[26.410s] INFO:colcon.colcon_core.shell:Creating prefix script '/home/gfave/maze_ws/install/local_setup.zsh'
[26.412s] INFO:colcon.colcon_core.shell:Creating prefix chain script '/home/gfave/maze_ws/install/setup.zsh'
