[0.030s] Invoking command in '/home/gfave/maze_ws/build/mazesim': CMAKE_PREFIX_PATH=${CMAKE_PREFIX_PATH}:/opt/ros/humble /usr/bin/cmake --build /home/gfave/maze_ws/build/mazesim -- -j8 -l8
[0.229s] [ 25%] Built target nav2_command_translator
[0.265s] [ 50%] Built target verify_positions
[0.310s] [ 75%] Built target nav2_command_bridge
[0.357s] [ 87%] [32mBuilding CXX object CMakeFiles/robot_controller.dir/src/robot_controller.cpp.o[0m
[32.807s] [100%] [32m[1mLinking CXX executable robot_controller[0m
[34.554s] [100%] Built target robot_controller
[34.576s] Invoked command in '/home/gfave/maze_ws/build/mazesim' returned '0': CMAKE_PREFIX_PATH=${CMAKE_PREFIX_PATH}:/opt/ros/humble /usr/bin/cmake --build /home/gfave/maze_ws/build/mazesim -- -j8 -l8
[34.640s] Invoking command in '/home/gfave/maze_ws/build/mazesim': CMAKE_PREFIX_PATH=${CMAKE_PREFIX_PATH}:/opt/ros/humble /usr/bin/cmake --install /home/gfave/maze_ws/build/mazesim
[34.652s] -- Install configuration: ""
[34.655s] -- Execute custom install script
[34.656s] -- Up-to-date symlink: /home/gfave/maze_ws/install/mazesim/lib/mazesim/nav2_command_translator
[34.657s] -- Up-to-date symlink: /home/gfave/maze_ws/install/mazesim/lib/mazesim/robot_controller
[34.658s] -- Up-to-date symlink: /home/gfave/maze_ws/install/mazesim/lib/mazesim/odom_tf_broadcaster.py
[34.658s] -- Up-to-date symlink: /home/gfave/maze_ws/install/mazesim/lib/mazesim/odom_frame_fixer.py
[34.658s] -- Up-to-date symlink: /home/gfave/maze_ws/install/mazesim/lib/mazesim/laser_frame_remapper.py
[34.659s] -- Up-to-date symlink: /home/gfave/maze_ws/install/mazesim/lib/mazesim/map_loader.py
[34.659s] -- Up-to-date symlink: /home/gfave/maze_ws/install/mazesim/lib/mazesim/nav2_command_bridge
[34.662s] -- Up-to-date symlink: /home/gfave/maze_ws/install/mazesim/share/mazesim//launch/complete_simulation.launch.py
[34.663s] -- Up-to-date symlink: /home/gfave/maze_ws/install/mazesim/share/mazesim//launch/complete_simulation_direct.launch.py
[34.663s] -- Up-to-date symlink: /home/gfave/maze_ws/install/mazesim/share/mazesim//launch/complete_simulation_fixed.launch.py
[34.664s] -- Up-to-date symlink: /home/gfave/maze_ws/install/mazesim/share/mazesim//launch/complete_simulation_move.launch.py
[34.664s] -- Up-to-date symlink: /home/gfave/maze_ws/install/mazesim/share/mazesim//launch/complete_simulation_nav2.launch.py
[34.665s] -- Up-to-date symlink: /home/gfave/maze_ws/install/mazesim/share/mazesim//launch/complete_simulation_with_odom_fix.launch.py
[34.665s] -- Up-to-date symlink: /home/gfave/maze_ws/install/mazesim/share/mazesim//launch/gazebo.launch.py
[34.666s] -- Up-to-date symlink: /home/gfave/maze_ws/install/mazesim/share/mazesim//launch/localization_launch.py
[34.666s] -- Up-to-date symlink: /home/gfave/maze_ws/install/mazesim/share/mazesim//launch/nav2_navigation.launch.py
[34.667s] -- Up-to-date symlink: /home/gfave/maze_ws/install/mazesim/share/mazesim//launch/spawn_robots.launch.py
[34.667s] -- Up-to-date symlink: /home/gfave/maze_ws/install/mazesim/share/mazesim//launch/working_sim.launch.py
[34.668s] -- Up-to-date symlink: /home/gfave/maze_ws/install/mazesim/share/mazesim//maps/my_map_1.pgm
[34.669s] -- Up-to-date symlink: /home/gfave/maze_ws/install/mazesim/share/mazesim//maps/my_map_1.png
[34.669s] -- Up-to-date symlink: /home/gfave/maze_ws/install/mazesim/share/mazesim//maps/my_map_1.yaml
[34.670s] -- Up-to-date symlink: /home/gfave/maze_ws/install/mazesim/share/mazesim//worlds/maze_world.world
[34.672s] -- Up-to-date symlink: /home/gfave/maze_ws/install/mazesim/share/mazesim//models/maze_map/model.config
[34.673s] -- Up-to-date symlink: /home/gfave/maze_ws/install/mazesim/share/mazesim//models/maze_map/model.sdf
[34.673s] -- Up-to-date symlink: /home/gfave/maze_ws/install/mazesim/share/mazesim//models/turtlebot3_burger/model-1_4.sdf
[34.674s] -- Up-to-date symlink: /home/gfave/maze_ws/install/mazesim/share/mazesim//models/turtlebot3_burger/model.config
[34.674s] -- Up-to-date symlink: /home/gfave/maze_ws/install/mazesim/share/mazesim//models/turtlebot3_burger/model.sdf
[34.676s] -- Up-to-date symlink: /home/gfave/maze_ws/install/mazesim/share/mazesim//config/nav2_params.yaml
[34.676s] -- Up-to-date symlink: /home/gfave/maze_ws/install/mazesim/share/mazesim//config/nav2_params_robot1.yaml
[34.676s] -- Up-to-date symlink: /home/gfave/maze_ws/install/mazesim/share/mazesim//config/nav2_params_robot3.yaml
[34.677s] -- Up-to-date symlink: /home/gfave/maze_ws/install/mazesim/share/mazesim//config/room_positions.yaml
[34.678s] -- Up-to-date symlink: /home/gfave/maze_ws/install/mazesim/share/mazesim//urdf/turtlebot3_burger_fixed.urdf
[34.678s] -- Up-to-date symlink: /home/gfave/maze_ws/install/mazesim/lib/mazesim/generate_walls.py
[34.679s] -- Up-to-date symlink: /home/gfave/maze_ws/install/mazesim/lib/mazesim/verify_positions
[34.680s] -- Up-to-date symlink: /home/gfave/maze_ws/install/mazesim/share/ament_index/resource_index/package_run_dependencies/mazesim
[34.682s] -- Up-to-date symlink: /home/gfave/maze_ws/install/mazesim/share/ament_index/resource_index/parent_prefix_path/mazesim
[34.684s] -- Up-to-date symlink: /home/gfave/maze_ws/install/mazesim/share/mazesim/environment/ament_prefix_path.sh
[34.685s] -- Up-to-date symlink: /home/gfave/maze_ws/install/mazesim/share/mazesim/environment/ament_prefix_path.dsv
[34.686s] -- Up-to-date symlink: /home/gfave/maze_ws/install/mazesim/share/mazesim/environment/path.sh
[34.686s] -- Up-to-date symlink: /home/gfave/maze_ws/install/mazesim/share/mazesim/environment/path.dsv
[34.687s] -- Up-to-date symlink: /home/gfave/maze_ws/install/mazesim/share/mazesim/local_setup.bash
[34.687s] -- Up-to-date symlink: /home/gfave/maze_ws/install/mazesim/share/mazesim/local_setup.sh
[34.688s] -- Up-to-date symlink: /home/gfave/maze_ws/install/mazesim/share/mazesim/local_setup.zsh
[34.688s] -- Up-to-date symlink: /home/gfave/maze_ws/install/mazesim/share/mazesim/local_setup.dsv
[34.688s] -- Symlinking: /home/gfave/maze_ws/install/mazesim/share/mazesim/package.dsv
[34.701s] -- Up-to-date symlink: /home/gfave/maze_ws/install/mazesim/share/ament_index/resource_index/packages/mazesim
[34.702s] -- Up-to-date symlink: /home/gfave/maze_ws/install/mazesim/share/mazesim/cmake/mazesimConfig.cmake
[34.702s] -- Up-to-date symlink: /home/gfave/maze_ws/install/mazesim/share/mazesim/cmake/mazesimConfig-version.cmake
[34.702s] -- Up-to-date symlink: /home/gfave/maze_ws/install/mazesim/share/mazesim/package.xml
[34.707s] Invoked command in '/home/gfave/maze_ws/build/mazesim' returned '0': CMAKE_PREFIX_PATH=${CMAKE_PREFIX_PATH}:/opt/ros/humble /usr/bin/cmake --install /home/gfave/maze_ws/build/mazesim
